<?xml version="1.0" encoding="UTF-8"?>
<testsuite name="org.mockito.release.version.VersionBumperTest" tests="2" skipped="0" failures="0" errors="0" timestamp="2017-06-13T19:58:52" hostname="set" time="0.013">
  <properties/>
  <testcase name="increments version" classname="org.mockito.release.version.VersionBumperTest" time="0.003"/>
  <testcase name="increments only 3 numbered versions" classname="org.mockito.release.version.VersionBumperTest" time="0.01"/>
  <system-out><![CDATA[]]></system-out>
  <system-err><![CDATA[]]></system-err>
</testsuite>
