<?xml version="1.0" encoding="UTF-8"?>
<testsuite name="org.mockito.release.notes.vcs.TicketParserTest" tests="2" skipped="0" failures="0" errors="0" timestamp="2017-06-13T19:58:52" hostname="set" time="0.007">
  <properties/>
  <testcase name="no referenced tickets" classname="org.mockito.release.notes.vcs.TicketParserTest" time="0.005"/>
  <testcase name="knows referenced tickets" classname="org.mockito.release.notes.vcs.TicketParserTest" time="0.001"/>
  <system-out><![CDATA[]]></system-out>
  <system-err><![CDATA[]]></system-err>
</testsuite>
