<?xml version="1.0" encoding="UTF-8"?>
<testsuite name="org.mockito.internal.progress.MockingProgressImplTest" tests="4" skipped="0" failures="0" errors="0" timestamp="2017-06-13T19:53:55" hostname="set" time="0.005">
  <properties/>
  <testcase name="shouldNotifyListenerSafely" classname="org.mockito.internal.progress.MockingProgressImplTest" time="0.0"/>
  <testcase name="shouldStartVerificationAndPullVerificationMode" classname="org.mockito.internal.progress.MockingProgressImplTest" time="0.0"/>
  <testcase name="shouldCheckIfVerificationWasFinished" classname="org.mockito.internal.progress.MockingProgressImplTest" time="0.0"/>
  <testcase name="shouldNotifyListenerWhenMockingStarted" classname="org.mockito.internal.progress.MockingProgressImplTest" time="0.004"/>
  <system-out><![CDATA[]]></system-out>
  <system-err><![CDATA[]]></system-err>
</testsuite>
