<?xml version="1.0" encoding="UTF-8"?>
<testsuite name="org.mockitousage.verification.NoMoreInteractionsVerificationTest" tests="9" skipped="0" failures="0" errors="0" timestamp="2017-06-13T19:53:49" hostname="set" time="0.003">
  <properties/>
  <testcase name="shouldVerifyWhenWantedNumberOfInvocationsUsed" classname="org.mockitousage.verification.NoMoreInteractionsVerificationTest" time="0.0"/>
  <testcase name="shouldVerifyNoInteractionsAsManyTimesAsYouWant" classname="org.mockitousage.verification.NoMoreInteractionsVerificationTest" time="0.0"/>
  <testcase name="shouldFailZeroInteractionsVerification" classname="org.mockitousage.verification.NoMoreInteractionsVerificationTest" time="0.001"/>
  <testcase name="shouldFailNoMoreInteractionsVerification" classname="org.mockitousage.verification.NoMoreInteractionsVerificationTest" time="0.0"/>
  <testcase name="shouldPrintAllInvocationsWhenVerifyingNoMoreInvocations" classname="org.mockitousage.verification.NoMoreInteractionsVerificationTest" time="0.001"/>
  <testcase name="shouldNotContainAllInvocationsWhenSingleUnwantedFound" classname="org.mockitousage.verification.NoMoreInteractionsVerificationTest" time="0.0"/>
  <testcase name="shouldVerifyOneMockButFailOnOther" classname="org.mockitousage.verification.NoMoreInteractionsVerificationTest" time="0.001"/>
  <testcase name="verifyNoMoreInteractionsShouldScreamWhenNullPassed" classname="org.mockitousage.verification.NoMoreInteractionsVerificationTest" time="0.0"/>
  <testcase name="shouldStubbingNotRegisterRedundantInteractions" classname="org.mockitousage.verification.NoMoreInteractionsVerificationTest" time="0.0"/>
  <system-out><![CDATA[]]></system-out>
  <system-err><![CDATA[]]></system-err>
</testsuite>
