<?xml version="1.0" encoding="UTF-8"?>
<testsuite name="org.mockitousage.verification.OrdinaryVerificationPrintsAllInteractionsTest" tests="3" skipped="0" failures="0" errors="0" timestamp="2017-06-13T19:53:49" hostname="set" time="0.003">
  <properties/>
  <testcase name="shouldNotShowAllInteractionsOnDifferentMock" classname="org.mockitousage.verification.OrdinaryVerificationPrintsAllInteractionsTest" time="0.001"/>
  <testcase name="shouldShowAllInteractionsOnMockWhenOrdinaryVerificationFail" classname="org.mockitousage.verification.OrdinaryVerificationPrintsAllInteractionsTest" time="0.001"/>
  <testcase name="shouldNotShowAllInteractionsHeaderWhenNoOtherInteractions" classname="org.mockitousage.verification.OrdinaryVerificationPrintsAllInteractionsTest" time="0.001"/>
  <system-out><![CDATA[]]></system-out>
  <system-err><![CDATA[]]></system-err>
</testsuite>
