<?xml version="1.0" encoding="UTF-8"?>
<testsuite name="org.mockito.internal.exceptions.stacktrace.StackTraceFilterTest" tests="8" skipped="0" failures="0" errors="0" timestamp="2017-06-13T19:53:53" hostname="set" time="0.002">
  <properties/>
  <testcase name="shouldFilterOutMockitoPackage" classname="org.mockito.internal.exceptions.stacktrace.StackTraceFilterTest" time="0.001"/>
  <testcase name="shouldFilterOutTracesMiddleBadTraces" classname="org.mockito.internal.exceptions.stacktrace.StackTraceFilterTest" time="0.0"/>
  <testcase name="shouldKeepRunners" classname="org.mockito.internal.exceptions.stacktrace.StackTraceFilterTest" time="0.0"/>
  <testcase name="shouldKeepInternalRunners" classname="org.mockito.internal.exceptions.stacktrace.StackTraceFilterTest" time="0.0"/>
  <testcase name="shouldStartFilteringAndKeepTop" classname="org.mockito.internal.exceptions.stacktrace.StackTraceFilterTest" time="0.0"/>
  <testcase name="shouldReturnEmptyArrayWhenInputIsEmpty" classname="org.mockito.internal.exceptions.stacktrace.StackTraceFilterTest" time="0.0"/>
  <testcase name="shouldFilterOutCglibGarbage" classname="org.mockito.internal.exceptions.stacktrace.StackTraceFilterTest" time="0.0"/>
  <testcase name="shouldKeepGoodTraceFromTheTopBecauseRealImplementationsOfSpiesSometimesThrowExceptions" classname="org.mockito.internal.exceptions.stacktrace.StackTraceFilterTest" time="0.0"/>
  <system-out><![CDATA[]]></system-out>
  <system-err><![CDATA[]]></system-err>
</testsuite>
