<?xml version="1.0" encoding="UTF-8"?>
<testsuite name="org.mockitousage.junitrunner.ModellingVerboseMockitoTest" tests="2" skipped="2" failures="0" errors="0" timestamp="2017-06-13T19:53:53" hostname="set" time="0.0">
  <properties/>
  <testcase name="shouldLogUnusedStubbingWarningWhenTestFails" classname="org.mockitousage.junitrunner.ModellingVerboseMockitoTest" time="0.0">
    <skipped/>
  </testcase>
  <testcase name="shouldNotLogAnythingWhenNoWarnings" classname="org.mockitousage.junitrunner.ModellingVerboseMockitoTest" time="0.0">
    <skipped/>
  </testcase>
  <system-out><![CDATA[]]></system-out>
  <system-err><![CDATA[]]></system-err>
</testsuite>
