<?xml version="1.0" encoding="UTF-8"?>
<testsuite name="org.mockitousage.matchers.HamcrestMatchersTest" tests="2" skipped="0" failures="0" errors="0" timestamp="2017-06-13T19:53:51" hostname="set" time="0.001">
  <properties/>
  <testcase name="shouldAcceptHamcrestMatcher" classname="org.mockitousage.matchers.HamcrestMatchersTest" time="0.0"/>
  <testcase name="shouldVerifyUsingHamcrestMatcher" classname="org.mockitousage.matchers.HamcrestMatchersTest" time="0.001"/>
  <system-out><![CDATA[]]></system-out>
  <system-err><![CDATA[]]></system-err>
</testsuite>
