<?xml version="1.0" encoding="UTF-8"?>
<testsuite name="org.mockito.internal.verification.SmartPrinterTest" tests="4" skipped="0" failures="0" errors="0" timestamp="2017-06-13T19:53:55" hostname="set" time="0.001">
  <properties/>
  <testcase name="shouldPrintBothInMultilinesWhenFirstIsMulti" classname="org.mockito.internal.verification.SmartPrinterTest" time="0.0"/>
  <testcase name="shouldPrintBothInMultilinesWhenSecondIsMulti" classname="org.mockito.internal.verification.SmartPrinterTest" time="0.0"/>
  <testcase name="shouldPrintBothInMultilinesWhenBothAreMulti" classname="org.mockito.internal.verification.SmartPrinterTest" time="0.001"/>
  <testcase name="shouldPrintBothInSingleLineWhenBothAreShort" classname="org.mockito.internal.verification.SmartPrinterTest" time="0.0"/>
  <system-out><![CDATA[]]></system-out>
  <system-err><![CDATA[]]></system-err>
</testsuite>
