<?xml version="1.0" encoding="UTF-8"?>
<testsuite name="org.mockitousage.verification.VerificationUsingMatchersTest" tests="3" skipped="0" failures="0" errors="0" timestamp="2017-06-13T19:53:49" hostname="set" time="0.005">
  <properties/>
  <testcase name="shouldVerifyExactNumberOfInvocationsUsingMatcher" classname="org.mockitousage.verification.VerificationUsingMatchersTest" time="0.0"/>
  <testcase name="shouldVerifyUsingMixedMatchers" classname="org.mockitousage.verification.VerificationUsingMatchersTest" time="0.004"/>
  <testcase name="shouldVerifyUsingSameMatcher" classname="org.mockitousage.verification.VerificationUsingMatchersTest" time="0.001"/>
  <system-out><![CDATA[]]></system-out>
  <system-err><![CDATA[]]></system-err>
</testsuite>
