<?xml version="1.0" encoding="UTF-8"?>
<testsuite name="org.mockito.internal.verification.argumentmatching.ArgumentMatchingToolTest" tests="6" skipped="0" failures="0" errors="0" timestamp="2017-06-13T19:53:55" hostname="set" time="0.001">
  <properties/>
  <testcase name="shouldWorkFineWhenGivenArgIsNull" classname="org.mockito.internal.verification.argumentmatching.ArgumentMatchingToolTest" time="0.0"/>
  <testcase name="shouldUseMatchersSafely" classname="org.mockito.internal.verification.argumentmatching.ArgumentMatchingToolTest" time="0.0"/>
  <testcase name="shouldNotFindAnySuspiciousMatchersWhenNumberOfArgumentsDoesntMatch" classname="org.mockito.internal.verification.argumentmatching.ArgumentMatchingToolTest" time="0.001"/>
  <testcase name="shouldNotFindAnySuspiciousMatchersWhenArgumentsMatch" classname="org.mockito.internal.verification.argumentmatching.ArgumentMatchingToolTest" time="0.0"/>
  <testcase name="shouldFindSuspiciousMatchers" classname="org.mockito.internal.verification.argumentmatching.ArgumentMatchingToolTest" time="0.0"/>
  <testcase name="shouldNotFindSuspiciousMatchersWhenTypesAreTheSame" classname="org.mockito.internal.verification.argumentmatching.ArgumentMatchingToolTest" time="0.0"/>
  <system-out><![CDATA[]]></system-out>
  <system-err><![CDATA[]]></system-err>
</testsuite>
