<?xml version="1.0" encoding="UTF-8"?>
<testsuite name="org.mockito.internal.debugging.LoggingListenerTest" tests="4" skipped="0" failures="0" errors="0" timestamp="2017-06-13T19:53:53" hostname="set" time="0.006">
  <properties/>
  <testcase name="shouldNotLogUnstubbed" classname="org.mockito.internal.debugging.LoggingListenerTest" time="0.004"/>
  <testcase name="shouldLogDifferentArgs" classname="org.mockito.internal.debugging.LoggingListenerTest" time="0.001"/>
  <testcase name="shouldLogUnusedStub" classname="org.mockito.internal.debugging.LoggingListenerTest" time="0.0"/>
  <testcase name="shouldLogUnstubbed" classname="org.mockito.internal.debugging.LoggingListenerTest" time="0.001"/>
  <system-out><![CDATA[]]></system-out>
  <system-err><![CDATA[]]></system-err>
</testsuite>
