<?xml version="1.0" encoding="UTF-8"?>
<testsuite name="org.mockito.internal.creation.MockSettingsImplTest" tests="15" skipped="0" failures="0" errors="0" timestamp="2017-06-13T19:53:54" hostname="set" time="0.006">
  <properties/>
  <testcase name="shouldAddVerboseLoggingListenerOnlyOnce" classname="org.mockito.internal.creation.MockSettingsImplTest" time="0.001"/>
  <testcase name="shouldNotAllowNullListener" classname="org.mockito.internal.creation.MockSettingsImplTest" time="0.0"/>
  <testcase name="shouldAddInvocationListener" classname="org.mockito.internal.creation.MockSettingsImplTest" time="0.001"/>
  <testcase name="canAddDuplicateInvocationListeners_ItsNotOurBusinessThere" classname="org.mockito.internal.creation.MockSettingsImplTest" time="0.0"/>
  <testcase name="shouldReportErrorWhenAddingNoInvocationListeners" classname="org.mockito.internal.creation.MockSettingsImplTest" time="0.0"/>
  <testcase name="shouldReportErrorWhenAddingANullInvocationListener" classname="org.mockito.internal.creation.MockSettingsImplTest" time="0.0"/>
  <testcase name="shouldNotAllowSettingNullInterface" classname="org.mockito.internal.creation.MockSettingsImplTest" time="0.0"/>
  <testcase name="shouldNotAllowNonInterfaces" classname="org.mockito.internal.creation.MockSettingsImplTest" time="0.001"/>
  <testcase name="shouldNotAllowUsingTheSameInterfaceAsExtra" classname="org.mockito.internal.creation.MockSettingsImplTest" time="0.0"/>
  <testcase name="shouldNotAllowEmptyExtraInterfaces" classname="org.mockito.internal.creation.MockSettingsImplTest" time="0.0"/>
  <testcase name="shouldNotAllowNullArrayOfExtraInterfaces" classname="org.mockito.internal.creation.MockSettingsImplTest" time="0.001"/>
  <testcase name="shouldAllowMultipleInterfaces" classname="org.mockito.internal.creation.MockSettingsImplTest" time="0.0"/>
  <testcase name="shouldSetMockToBeSerializable" classname="org.mockito.internal.creation.MockSettingsImplTest" time="0.0"/>
  <testcase name="shouldKnowIfIsSerializable" classname="org.mockito.internal.creation.MockSettingsImplTest" time="0.001"/>
  <testcase name="shouldAddVerboseLoggingListener" classname="org.mockito.internal.creation.MockSettingsImplTest" time="0.0"/>
  <system-out><![CDATA[]]></system-out>
  <system-err><![CDATA[]]></system-err>
</testsuite>
