<?xml version="1.0" encoding="UTF-8"?>
<testsuite name="org.mockitousage.annotation.SpyAnnotationTest" tests="10" skipped="0" failures="0" errors="0" timestamp="2017-06-13T19:53:53" hostname="set" time="0.043">
  <properties/>
  <testcase name="should_init_spy_by_instance" classname="org.mockitousage.annotation.SpyAnnotationTest" time="0.006"/>
  <testcase name="should_init_spy_and_automatically_create_instance" classname="org.mockitousage.annotation.SpyAnnotationTest" time="0.001"/>
  <testcase name="should_prevent_spying_on_interfaces" classname="org.mockitousage.annotation.SpyAnnotationTest" time="0.001"/>
  <testcase name="should_allow_spying_on_interfaces_when_instance_is_concrete" classname="org.mockitousage.annotation.SpyAnnotationTest" time="0.0"/>
  <testcase name="should_report_when_no_arg_less_constructor" classname="org.mockitousage.annotation.SpyAnnotationTest" time="0.002"/>
  <testcase name="should_report_when_constructor_is_explosive" classname="org.mockitousage.annotation.SpyAnnotationTest" time="0.003"/>
  <testcase name="should_spy_abstract_class" classname="org.mockitousage.annotation.SpyAnnotationTest" time="0.023"/>
  <testcase name="should_spy_inner_class" classname="org.mockitousage.annotation.SpyAnnotationTest" time="0.005"/>
  <testcase name="should_reset_spy" classname="org.mockitousage.annotation.SpyAnnotationTest" time="0.0"/>
  <testcase name="should_report_when_encosing_instance_is_needed" classname="org.mockitousage.annotation.SpyAnnotationTest" time="0.001"/>
  <system-out><![CDATA[]]></system-out>
  <system-err><![CDATA[]]></system-err>
</testsuite>
