<?xml version="1.0" encoding="UTF-8"?>
<testsuite name="org.mockitousage.annotation.CaptorAnnotationBasicTest" tests="4" skipped="0" failures="0" errors="0" timestamp="2017-06-13T19:53:53" hostname="set" time="0.006">
  <properties/>
  <testcase name="shouldUseCaptorInOrdinaryWay" classname="org.mockitousage.annotation.CaptorAnnotationBasicTest" time="0.004"/>
  <testcase name="shouldUseAnnotatedCaptor" classname="org.mockitousage.annotation.CaptorAnnotationBasicTest" time="0.0"/>
  <testcase name="shouldUseGenericlessAnnotatedCaptor" classname="org.mockitousage.annotation.CaptorAnnotationBasicTest" time="0.001"/>
  <testcase name="shouldCaptureGenericList" classname="org.mockitousage.annotation.CaptorAnnotationBasicTest" time="0.001"/>
  <system-out><![CDATA[]]></system-out>
  <system-err><![CDATA[]]></system-err>
</testsuite>
