<?xml version="1.0" encoding="UTF-8"?>
<testsuite name="org.mockito.internal.verification.VerificationOverTimeImplTest" tests="4" skipped="0" failures="0" errors="0" timestamp="2017-06-13T19:53:55" hostname="set" time="0.001">
  <properties/>
  <testcase name="should_throw_mockito_assertion_error" classname="org.mockito.internal.verification.VerificationOverTimeImplTest" time="0.0"/>
  <testcase name="should_return_on_success" classname="org.mockito.internal.verification.VerificationOverTimeImplTest" time="0.0"/>
  <testcase name="should_not_wrap_other_exceptions" classname="org.mockito.internal.verification.VerificationOverTimeImplTest" time="0.001"/>
  <testcase name="should_deal_with_junit_assertion_error" classname="org.mockito.internal.verification.VerificationOverTimeImplTest" time="0.0"/>
  <system-out><![CDATA[]]></system-out>
  <system-err><![CDATA[]]></system-err>
</testsuite>
