<?xml version="1.0" encoding="UTF-8"?>
<testsuite name="org.mockito.internal.junit.JUnitRuleTest" tests="3" skipped="0" failures="0" errors="0" timestamp="2017-06-13T19:53:55" hostname="set" time="0.006">
  <properties/>
  <testcase name="shouldInjectIntoTestCase" classname="org.mockito.internal.junit.JUnitRuleTest" time="0.005"/>
  <testcase name="shouldRethrowException" classname="org.mockito.internal.junit.JUnitRuleTest" time="0.0"/>
  <testcase name="shouldDetectUnfinishedStubbing" classname="org.mockito.internal.junit.JUnitRuleTest" time="0.0"/>
  <system-out><![CDATA[]]></system-out>
  <system-err><![CDATA[]]></system-err>
</testsuite>
