<?xml version="1.0" encoding="UTF-8"?>
<testsuite name="org.mockitousage.stubbing.CloningParameterTest" tests="2" skipped="0" failures="0" errors="0" timestamp="2017-06-13T19:53:53" hostname="set" time="0.005">
  <properties/>
  <testcase name="shouldReturnDefaultValueWithCloningAnswer" classname="org.mockitousage.stubbing.CloningParameterTest" time="0.005"/>
  <testcase name="shouldVerifyEvenIfArgumentsWereMutated" classname="org.mockitousage.stubbing.CloningParameterTest" time="0.0"/>
  <system-out><![CDATA[]]></system-out>
  <system-err><![CDATA[]]></system-err>
</testsuite>
