<?xml version="1.0" encoding="UTF-8"?>
<testsuite name="org.mockitousage.PlaygroundWithDemoOfUnclonedParametersProblemTest" tests="2" skipped="0" failures="0" errors="0" timestamp="2017-06-13T19:53:45" hostname="set" time="0.056">
  <properties/>
  <testcase name="shouldAlterFinalLog" classname="org.mockitousage.PlaygroundWithDemoOfUnclonedParametersProblemTest" time="0.054"/>
  <testcase name="shouldIncludeInitialLog" classname="org.mockitousage.PlaygroundWithDemoOfUnclonedParametersProblemTest" time="0.001"/>
  <system-out><![CDATA[]]></system-out>
  <system-err><![CDATA[]]></system-err>
</testsuite>
