<?xml version="1.0" encoding="UTF-8"?>
<testsuite name="org.mockitousage.stacktrace.PointingStackTraceToActualInvocationInOrderTest" tests="6" skipped="0" failures="0" errors="0" timestamp="2017-06-13T19:53:49" hostname="set" time="0.007">
  <properties/>
  <testcase name="shouldPointToThirdMethod" classname="org.mockitousage.stacktrace.PointingStackTraceToActualInvocationInOrderTest" time="0.001"/>
  <testcase name="shouldPointToFirstMethodBecauseOfTooManyActualInvocations" classname="org.mockitousage.stacktrace.PointingStackTraceToActualInvocationInOrderTest" time="0.0"/>
  <testcase name="shouldPointStackTraceToPreviousVerified" classname="org.mockitousage.stacktrace.PointingStackTraceToActualInvocationInOrderTest" time="0.001"/>
  <testcase name="shouldPointToSecondMethod" classname="org.mockitousage.stacktrace.PointingStackTraceToActualInvocationInOrderTest" time="0.001"/>
  <testcase name="shouldPointToSecondMethodBecauseOfTooManyActualInvocations" classname="org.mockitousage.stacktrace.PointingStackTraceToActualInvocationInOrderTest" time="0.001"/>
  <testcase name="shouldPointToFourthMethodBecauseOfTooLittleActualInvocations" classname="org.mockitousage.stacktrace.PointingStackTraceToActualInvocationInOrderTest" time="0.001"/>
  <system-out><![CDATA[]]></system-out>
  <system-err><![CDATA[]]></system-err>
</testsuite>
