<?xml version="1.0" encoding="UTF-8"?>
<testsuite name="org.mockitousage.matchers.CustomMatchersTest" tests="6" skipped="0" failures="0" errors="0" timestamp="2017-06-13T19:53:51" hostname="set" time="0.005">
  <properties/>
  <testcase name="shouldUseCustomBooleanMatcher" classname="org.mockitousage.matchers.CustomMatchersTest" time="0.001"/>
  <testcase name="shouldUseCustomCharMatcher" classname="org.mockitousage.matchers.CustomMatchersTest" time="0.0"/>
  <testcase name="shouldUseCustomPrimitiveNumberMatchers" classname="org.mockitousage.matchers.CustomMatchersTest" time="0.001"/>
  <testcase name="shouldUseCustomObjectMatcher" classname="org.mockitousage.matchers.CustomMatchersTest" time="0.0"/>
  <testcase name="shouldCustomMatcherPrintDescriptionBasedOnName" classname="org.mockitousage.matchers.CustomMatchersTest" time="0.002"/>
  <testcase name="shouldAnonymousCustomMatcherPrintDefaultDescription" classname="org.mockitousage.matchers.CustomMatchersTest" time="0.001"/>
  <system-out><![CDATA[]]></system-out>
  <system-err><![CDATA[]]></system-err>
</testsuite>
