<?xml version="1.0" encoding="UTF-8"?>
<testsuite name="org.mockitousage.performance.StubOnlyAvoidMemoryConsumptionTest" tests="2" skipped="1" failures="0" errors="0" timestamp="2017-06-13T19:53:49" hostname="set" time="2.441">
  <properties/>
  <testcase name="using_stub_only_wont_thrown_an_OutOfMemoryError" classname="org.mockitousage.performance.StubOnlyAvoidMemoryConsumptionTest" time="2.441"/>
  <testcase name="without_stub_only_mocks_will_store_invocations_leading_to_an_OutOfMemoryError" classname="org.mockitousage.performance.StubOnlyAvoidMemoryConsumptionTest" time="0.0">
    <skipped/>
  </testcase>
  <system-out><![CDATA[]]></system-out>
  <system-err><![CDATA[]]></system-err>
</testsuite>
