<?xml version="1.0" encoding="UTF-8"?>
<testsuite name="org.mockitousage.debugging.VerboseLoggingOfInvocationsOnMockTest" tests="6" skipped="0" failures="0" errors="0" timestamp="2017-06-13T19:53:47" hostname="set" time="0.015">
  <properties/>
  <testcase name="usage" classname="org.mockitousage.debugging.VerboseLoggingOfInvocationsOnMockTest" time="0.001"/>
  <testcase name="shouldNotPrintInvocationOnMockWithoutSetting" classname="org.mockitousage.debugging.VerboseLoggingOfInvocationsOnMockTest" time="0.001"/>
  <testcase name="shouldPrintUnstubbedInvocationOnMockToStdOut" classname="org.mockitousage.debugging.VerboseLoggingOfInvocationsOnMockTest" time="0.001"/>
  <testcase name="shouldPrintStubbedInvocationOnMockToStdOut" classname="org.mockitousage.debugging.VerboseLoggingOfInvocationsOnMockTest" time="0.001"/>
  <testcase name="shouldPrintThrowingInvocationOnMockToStdOut" classname="org.mockitousage.debugging.VerboseLoggingOfInvocationsOnMockTest" time="0.001"/>
  <testcase name="shouldPrintRealInvocationOnSpyToStdOut" classname="org.mockitousage.debugging.VerboseLoggingOfInvocationsOnMockTest" time="0.008"/>
  <system-out><![CDATA[]]></system-out>
  <system-err><![CDATA[]]></system-err>
</testsuite>
