<?xml version="1.0" encoding="UTF-8"?>
<testsuite name="org.mockito.internal.matchers.MatchersPrinterTest" tests="5" skipped="0" failures="0" errors="0" timestamp="2017-06-13T19:53:55" hostname="set" time="0.001">
  <properties/>
  <testcase name="shouldGetArgumentsLine" classname="org.mockito.internal.matchers.MatchersPrinterTest" time="0.0"/>
  <testcase name="shouldGetArgumentsBlock" classname="org.mockito.internal.matchers.MatchersPrinterTest" time="0.0"/>
  <testcase name="shouldDescribeTypeInfoOnlyMarkedMatchers" classname="org.mockito.internal.matchers.MatchersPrinterTest" time="0.0"/>
  <testcase name="shouldGetVerboseArgumentsInBlock" classname="org.mockito.internal.matchers.MatchersPrinterTest" time="0.0"/>
  <testcase name="shouldGetVerboseArgumentsEvenIfSomeMatchersAreNotVerbose" classname="org.mockito.internal.matchers.MatchersPrinterTest" time="0.0"/>
  <system-out><![CDATA[]]></system-out>
  <system-err><![CDATA[]]></system-err>
</testsuite>
