<?xml version="1.0" encoding="UTF-8"?>
<testsuite name="org.mockitousage.annotation.MockInjectionUsingConstructorIssue421Test" tests="1" skipped="0" failures="0" errors="0" timestamp="2017-06-13T19:53:53" hostname="set" time="0.0">
  <properties/>
  <testcase name="mockJustWorks" classname="org.mockitousage.annotation.MockInjectionUsingConstructorIssue421Test" time="0.0"/>
  <system-out><![CDATA[]]></system-out>
  <system-err><![CDATA[]]></system-err>
</testsuite>
