<?xml version="1.0" encoding="UTF-8"?>
<testsuite name="org.mockitousage.basicapi.MockAccessTest" tests="2" skipped="0" failures="0" errors="0" timestamp="2017-06-13T19:53:48" hostname="set" time="0.0">
  <properties/>
  <testcase name="shouldAllowStubbedMockReferenceAccess" classname="org.mockitousage.basicapi.MockAccessTest" time="0.0"/>
  <testcase name="stubbedMockShouldWorkAsUsual" classname="org.mockitousage.basicapi.MockAccessTest" time="0.0"/>
  <system-out><![CDATA[]]></system-out>
  <system-err><![CDATA[]]></system-err>
</testsuite>
