<?xml version="1.0" encoding="UTF-8"?>
<testsuite name="org.mockitousage.annotation.MockInjectionUsingConstructorTest" tests="6" skipped="0" failures="0" errors="0" timestamp="2017-06-13T19:53:53" hostname="set" time="0.005">
  <properties/>
  <testcase name="mockJustWorks" classname="org.mockitousage.annotation.MockInjectionUsingConstructorTest" time="0.0"/>
  <testcase name="shouldNotFailWhenNotInitialized" classname="org.mockitousage.annotation.MockInjectionUsingConstructorTest" time="0.0"/>
  <testcase name="innerMockShouldRaiseAnExceptionThatChangesOuterMockBehavior" classname="org.mockitousage.annotation.MockInjectionUsingConstructorTest" time="0.0"/>
  <testcase name="constructor_is_called_for_each_test_in_test_class" classname="org.mockitousage.annotation.MockInjectionUsingConstructorTest" time="0.003"/>
  <testcase name="objects_created_with_constructor_initialization_can_be_spied" classname="org.mockitousage.annotation.MockInjectionUsingConstructorTest" time="0.0"/>
  <testcase name="should_report_failure_only_when_object_initialization_throws_exception" classname="org.mockitousage.annotation.MockInjectionUsingConstructorTest" time="0.0"/>
  <system-out><![CDATA[...
Time: 0

OK (3 tests)

]]></system-out>
  <system-err><![CDATA[]]></system-err>
</testsuite>
