<?xml version="1.0" encoding="UTF-8"?>
<testsuite name="org.mockitousage.verification.VerificationInOrderWithCallsTest" tests="25" skipped="0" failures="0" errors="0" timestamp="2017-06-13T19:53:48" hostname="set" time="0.024">
  <properties/>
  <testcase name="shouldFailWhenMethodCalledTooFewTimes" classname="org.mockitousage.verification.VerificationInOrderWithCallsTest" time="0.001"/>
  <testcase name="shouldFailWhenSingleMethodCallsAreOutOfSequence" classname="org.mockitousage.verification.VerificationInOrderWithCallsTest" time="0.001"/>
  <testcase name="shouldFailWhenDifferentMethodCallsAreOutOfSequence" classname="org.mockitousage.verification.VerificationInOrderWithCallsTest" time="0.001"/>
  <testcase name="shouldFailWhenMethodCallsOnDifferentMocksAreOutOfSequence" classname="org.mockitousage.verification.VerificationInOrderWithCallsTest" time="0.001"/>
  <testcase name="shouldAllowSequentialCallsToCallsForSingleMethod" classname="org.mockitousage.verification.VerificationInOrderWithCallsTest" time="0.002"/>
  <testcase name="shouldAllowSequentialCallsToCallsForDifferentMethods" classname="org.mockitousage.verification.VerificationInOrderWithCallsTest" time="0.001"/>
  <testcase name="shouldAllowSequentialCallsToCallsForMethodsOnDifferentMocks" classname="org.mockitousage.verification.VerificationInOrderWithCallsTest" time="0.001"/>
  <testcase name="shouldAllowFewerCallsForSingleMethod" classname="org.mockitousage.verification.VerificationInOrderWithCallsTest" time="0.001"/>
  <testcase name="shouldNotVerifySkippedCallsWhenFewerCallsForSingleMethod" classname="org.mockitousage.verification.VerificationInOrderWithCallsTest" time="0.001"/>
  <testcase name="shouldNotVerifySkippedCallsInInOrderWhenFewerCallsForSingleMethod" classname="org.mockitousage.verification.VerificationInOrderWithCallsTest" time="0.0"/>
  <testcase name="shouldAllowFewerCallsForDifferentMethods" classname="org.mockitousage.verification.VerificationInOrderWithCallsTest" time="0.001"/>
  <testcase name="shouldNotVerifySkippedCallsWhenFewerCallsForDifferentMethods" classname="org.mockitousage.verification.VerificationInOrderWithCallsTest" time="0.001"/>
  <testcase name="shouldNotVerifySkippedCallsInInOrderWhenFewerCallsForDifferentMethods" classname="org.mockitousage.verification.VerificationInOrderWithCallsTest" time="0.001"/>
  <testcase name="shouldFailWhenMethodNotCalled" classname="org.mockitousage.verification.VerificationInOrderWithCallsTest" time="0.0"/>
  <testcase name="shouldAllowFewerCallsForMethodsOnDifferentMocks" classname="org.mockitousage.verification.VerificationInOrderWithCallsTest" time="0.001"/>
  <testcase name="shouldNotVerifySkippedCallsWhenFewerCallsForMethodsOnDifferentMocks" classname="org.mockitousage.verification.VerificationInOrderWithCallsTest" time="0.001"/>
  <testcase name="shouldNotVerifySkippedCallsInInOrderWhenFewerCallsForMethodsOnDifferentMocks" classname="org.mockitousage.verification.VerificationInOrderWithCallsTest" time="0.001"/>
  <testcase name="shouldVerifyWithCallsAfterUseOfTimes" classname="org.mockitousage.verification.VerificationInOrderWithCallsTest" time="0.0"/>
  <testcase name="shouldVerifyWithCallsAfterUseOfAtLeast" classname="org.mockitousage.verification.VerificationInOrderWithCallsTest" time="0.0"/>
  <testcase name="shouldVerifyWithTimesAfterUseOfCalls" classname="org.mockitousage.verification.VerificationInOrderWithCallsTest" time="0.001"/>
  <testcase name="shouldVerifyWithAtLeastAfterUseOfCalls" classname="org.mockitousage.verification.VerificationInOrderWithCallsTest" time="0.001"/>
  <testcase name="shouldVerifyWithTimesAfterCallsInSameChunk" classname="org.mockitousage.verification.VerificationInOrderWithCallsTest" time="0.001"/>
  <testcase name="shouldFailToCreateCallsWithZeroArgument" classname="org.mockitousage.verification.VerificationInOrderWithCallsTest" time="0.003"/>
  <testcase name="shouldFailToCreateCallsWithNegativeArgument" classname="org.mockitousage.verification.VerificationInOrderWithCallsTest" time="0.0"/>
  <testcase name="shouldFailToCreateCallsForNonInOrderVerification" classname="org.mockitousage.verification.VerificationInOrderWithCallsTest" time="0.001"/>
  <system-out><![CDATA[]]></system-out>
  <system-err><![CDATA[]]></system-err>
</testsuite>
