<?xml version="1.0" encoding="UTF-8"?>
<testsuite name="org.mockitousage.verification.AtLeastXVerificationTest" tests="3" skipped="0" failures="0" errors="0" timestamp="2017-06-13T19:53:48" hostname="set" time="0.002">
  <properties/>
  <testcase name="shouldVerifyAtLeastXTimes" classname="org.mockitousage.verification.AtLeastXVerificationTest" time="0.001"/>
  <testcase name="shouldAllowAtLeastZeroForTheSakeOfVerifyNoMoreInteractionsSometimes" classname="org.mockitousage.verification.AtLeastXVerificationTest" time="0.0"/>
  <testcase name="shouldFailVerifiationAtLeastXTimes" classname="org.mockitousage.verification.AtLeastXVerificationTest" time="0.001"/>
  <system-out><![CDATA[]]></system-out>
  <system-err><![CDATA[]]></system-err>
</testsuite>
