<?xml version="1.0" encoding="UTF-8"?>
<testsuite name="org.mockitousage.stacktrace.PointingStackTraceToActualInvocationChunkInOrderTest" tests="4" skipped="0" failures="0" errors="0" timestamp="2017-06-13T19:53:49" hostname="set" time="0.005">
  <properties/>
  <testcase name="shouldPointToThirdInteractionBecauseAtLeastOnceUsed" classname="org.mockitousage.stacktrace.PointingStackTraceToActualInvocationChunkInOrderTest" time="0.001"/>
  <testcase name="shouldPointToThirdChunkWhenTooLittleActualInvocations" classname="org.mockitousage.stacktrace.PointingStackTraceToActualInvocationChunkInOrderTest" time="0.001"/>
  <testcase name="shouldPointToFourthChunkBecauseTooManyActualInvocations" classname="org.mockitousage.stacktrace.PointingStackTraceToActualInvocationChunkInOrderTest" time="0.001"/>
  <testcase name="shouldPointStackTraceToPreviousInvocation" classname="org.mockitousage.stacktrace.PointingStackTraceToActualInvocationChunkInOrderTest" time="0.001"/>
  <system-out><![CDATA[]]></system-out>
  <system-err><![CDATA[]]></system-err>
</testsuite>
