<?xml version="1.0" encoding="UTF-8"?>
<testsuite name="org.mockitousage.bugs.FinalHashCodeAndEqualsRaiseNPEInInitMocksTest" tests="1" skipped="0" failures="0" errors="0" timestamp="2017-06-13T19:53:45" hostname="set" time="0.02">
  <properties/>
  <testcase name="dont_raise_NullPointerException" classname="org.mockitousage.bugs.FinalHashCodeAndEqualsRaiseNPEInInitMocksTest" time="0.02"/>
  <system-out><![CDATA[]]></system-out>
  <system-err><![CDATA[]]></system-err>
</testsuite>
