<?xml version="1.0" encoding="UTF-8"?>
<testsuite name="org.mockitousage.annotation.InjectionOfInlinedMockDeclarationTest" tests="4" skipped="0" failures="0" errors="0" timestamp="2017-06-13T19:53:53" hostname="set" time="0.002">
  <properties/>
  <testcase name="mock_declared_fields_shall_be_injected_too" classname="org.mockitousage.annotation.InjectionOfInlinedMockDeclarationTest" time="0.0"/>
  <testcase name="unnamed_mocks_should_be_resolved_withe_their_field_names" classname="org.mockitousage.annotation.InjectionOfInlinedMockDeclarationTest" time="0.0"/>
  <testcase name="named_mocks_should_be_resolved_with_their_name" classname="org.mockitousage.annotation.InjectionOfInlinedMockDeclarationTest" time="0.0"/>
  <testcase name="inject_mocks_even_in_declared_spy" classname="org.mockitousage.annotation.InjectionOfInlinedMockDeclarationTest" time="0.0"/>
  <system-out><![CDATA[]]></system-out>
  <system-err><![CDATA[]]></system-err>
</testsuite>
