<?xml version="1.0" encoding="UTF-8"?>
<testsuite name="org.mockitousage.matchers.ReflectionMatchersTest" tests="8" skipped="0" failures="0" errors="0" timestamp="2017-06-13T19:53:51" hostname="set" time="0.009">
  <properties/>
  <testcase name="shouldNotMatchWhenFieldValuesDiffer" classname="org.mockitousage.matchers.ReflectionMatchersTest" time="0.006"/>
  <testcase name="shouldMatchWhenFieldValuesEqual" classname="org.mockitousage.matchers.ReflectionMatchersTest" time="0.0"/>
  <testcase name="shouldNotMatchAgain" classname="org.mockitousage.matchers.ReflectionMatchersTest" time="0.001"/>
  <testcase name="shouldNotMatchYetAgain" classname="org.mockitousage.matchers.ReflectionMatchersTest" time="0.0"/>
  <testcase name="shouldNotMatch" classname="org.mockitousage.matchers.ReflectionMatchersTest" time="0.001"/>
  <testcase name="shouldMatchWhenFieldValuesEqualWithOneFieldExcluded" classname="org.mockitousage.matchers.ReflectionMatchersTest" time="0.0"/>
  <testcase name="shouldMatchWhenFieldValuesEqualWithTwoFieldsExcluded" classname="org.mockitousage.matchers.ReflectionMatchersTest" time="0.0"/>
  <testcase name="shouldNotMatchWithFieldsExclusion" classname="org.mockitousage.matchers.ReflectionMatchersTest" time="0.001"/>
  <system-out><![CDATA[]]></system-out>
  <system-err><![CDATA[]]></system-err>
</testsuite>
