<?xml version="1.0" encoding="UTF-8"?>
<testsuite name="org.mockitousage.annotation.DeprecatedAnnotationEngineApiTest" tests="2" skipped="0" failures="0" errors="0" timestamp="2017-06-13T19:53:53" hostname="set" time="0.004">
  <properties/>
  <testcase name="shouldInjectMocksIfThereIsNoUserDefinedEngine" classname="org.mockitousage.annotation.DeprecatedAnnotationEngineApiTest" time="0.004"/>
  <testcase name="shouldRespectUsersEngine" classname="org.mockitousage.annotation.DeprecatedAnnotationEngineApiTest" time="0.0"/>
  <system-out><![CDATA[]]></system-out>
  <system-err><![CDATA[]]></system-err>
</testsuite>
