<?xml version="1.0" encoding="UTF-8"?>
<testsuite name="org.mockito.internal.verification.checkers.MissingInvocationCheckerTest" tests="5" skipped="0" failures="0" errors="0" timestamp="2017-06-13T19:53:55" hostname="set" time="0.001">
  <properties/>
  <testcase name="shouldPassBecauseActualInvocationFound" classname="org.mockito.internal.verification.checkers.MissingInvocationCheckerTest" time="0.0"/>
  <testcase name="shouldAskAnalyzerForSimilarInvocation" classname="org.mockito.internal.verification.checkers.MissingInvocationCheckerTest" time="0.0"/>
  <testcase name="shouldReportWantedButNotInvoked" classname="org.mockito.internal.verification.checkers.MissingInvocationCheckerTest" time="0.0"/>
  <testcase name="shouldReportWantedInvocationDiffersFromActual" classname="org.mockito.internal.verification.checkers.MissingInvocationCheckerTest" time="0.0"/>
  <testcase name="shouldAskFinderForActualInvocations" classname="org.mockito.internal.verification.checkers.MissingInvocationCheckerTest" time="0.0"/>
  <system-out><![CDATA[]]></system-out>
  <system-err><![CDATA[]]></system-err>
</testsuite>
