<?xml version="1.0" encoding="UTF-8"?>
<testsuite name="org.mockito.internal.runners.RunnerFactoryTest" tests="5" skipped="0" failures="0" errors="0" timestamp="2017-06-13T19:53:55" hostname="set" time="0.004">
  <properties/>
  <testcase name="shouldSaySomethingMeaningfulWhenNoTestMethods" classname="org.mockito.internal.runners.RunnerFactoryTest" time="0.0"/>
  <testcase name="shouldCreateRunnerForJUnit44" classname="org.mockito.internal.runners.RunnerFactoryTest" time="0.003"/>
  <testcase name="shouldCreateRunnerForJUnit45" classname="org.mockito.internal.runners.RunnerFactoryTest" time="0.0"/>
  <testcase name="shouldThrowMeaningfulMockitoExceptionIfNoValidJUnitFound" classname="org.mockito.internal.runners.RunnerFactoryTest" time="0.001"/>
  <testcase name="shouldForwardInvocationTargetException" classname="org.mockito.internal.runners.RunnerFactoryTest" time="0.0"/>
  <system-out><![CDATA[]]></system-out>
  <system-err><![CDATA[]]></system-err>
</testsuite>
