<?xml version="1.0" encoding="UTF-8"?>
<testsuite name="org.mockitousage.customization.BDDMockitoTest" tests="22" skipped="0" failures="0" errors="0" timestamp="2017-06-13T19:53:53" hostname="set" time="0.104">
  <properties/>
  <testcase name="shouldStubVoid" classname="org.mockitousage.customization.BDDMockitoTest" time="0.001"/>
  <testcase name="shouldStub" classname="org.mockitousage.customization.BDDMockitoTest" time="0.0"/>
  <testcase name="shouldStubWithThrowable" classname="org.mockitousage.customization.BDDMockitoTest" time="0.0"/>
  <testcase name="shouldStubWithAnswer" classname="org.mockitousage.customization.BDDMockitoTest" time="0.001"/>
  <testcase name="shouldStubWithWillAnswerAlias" classname="org.mockitousage.customization.BDDMockitoTest" time="0.0"/>
  <testcase name="shouldStubWithThrowableClass" classname="org.mockitousage.customization.BDDMockitoTest" time="0.002"/>
  <testcase name="shouldStubConsecutively" classname="org.mockitousage.customization.BDDMockitoTest" time="0.0"/>
  <testcase name="shouldStubConsecutivelyWithCallRealMethod" classname="org.mockitousage.customization.BDDMockitoTest" time="0.085"/>
  <testcase name="shouldStubVoidWithExceptionClass" classname="org.mockitousage.customization.BDDMockitoTest" time="0.001"/>
  <testcase name="shouldStubVoidConsecutively" classname="org.mockitousage.customization.BDDMockitoTest" time="0.0"/>
  <testcase name="shouldStubVoidConsecutivelyWithExceptionClass" classname="org.mockitousage.customization.BDDMockitoTest" time="0.0"/>
  <testcase name="shouldStubUsingDoReturnStyle" classname="org.mockitousage.customization.BDDMockitoTest" time="0.0"/>
  <testcase name="shouldStubUsingDoAnswerStyle" classname="org.mockitousage.customization.BDDMockitoTest" time="0.0"/>
  <testcase name="shouldStubByDelegatingToRealMethod" classname="org.mockitousage.customization.BDDMockitoTest" time="0.004"/>
  <testcase name="shouldStubByDelegatingToRealMethodUsingTypicalStubbingSyntax" classname="org.mockitousage.customization.BDDMockitoTest" time="0.0"/>
  <testcase name="shouldAllStubbedMockReferenceAccess" classname="org.mockitousage.customization.BDDMockitoTest" time="0.0"/>
  <testcase name="shouldValidateMockWhenVerifying" classname="org.mockitousage.customization.BDDMockitoTest" time="0.0"/>
  <testcase name="shouldValidateMockWhenVerifyingWithExpectedNumberOfInvocations" classname="org.mockitousage.customization.BDDMockitoTest" time="0.0"/>
  <testcase name="shouldValidateMockWhenVerifyingNoMoreInteractions" classname="org.mockitousage.customization.BDDMockitoTest" time="0.0"/>
  <testcase name="shouldFailForExpectedBehaviorThatDidNotHappen" classname="org.mockitousage.customization.BDDMockitoTest" time="0.001"/>
  <testcase name="shouldPassForExpectedBehaviorThatHappened" classname="org.mockitousage.customization.BDDMockitoTest" time="0.0"/>
  <testcase name="shouldPassFluentBddScenario" classname="org.mockitousage.customization.BDDMockitoTest" time="0.004"/>
  <system-out><![CDATA[]]></system-out>
  <system-err><![CDATA[]]></system-err>
</testsuite>
