<?xml version="1.0" encoding="UTF-8"?>
<testsuite name="org.mockito.internal.creation.DelegatingMethodTest" tests="5" skipped="0" failures="0" errors="0" timestamp="2017-06-13T19:53:54" hostname="set" time="0.002">
  <properties/>
  <testcase name="equals_should_return_true_when_equal" classname="org.mockito.internal.creation.DelegatingMethodTest" time="0.001"/>
  <testcase name="equals_should_return_true_when_self" classname="org.mockito.internal.creation.DelegatingMethodTest" time="0.0"/>
  <testcase name="equals_should_return_false_when_not_equal_to_method" classname="org.mockito.internal.creation.DelegatingMethodTest" time="0.0"/>
  <testcase name="equals_should_return_true_when_equal_to_method" classname="org.mockito.internal.creation.DelegatingMethodTest" time="0.0"/>
  <testcase name="equals_should_return_false_when_not_equal" classname="org.mockito.internal.creation.DelegatingMethodTest" time="0.001"/>
  <system-out><![CDATA[]]></system-out>
  <system-err><![CDATA[]]></system-err>
</testsuite>
