<?xml version="1.0" encoding="UTF-8"?>
<testsuite name="org.mockitousage.bugs.Issue353InjectionMightNotHappenInCertainConfigurationTest" tests="1" skipped="0" failures="0" errors="0" timestamp="2017-06-13T19:53:47" hostname="set" time="0.001">
  <properties/>
  <testcase name="when_identical_types_and_the_correct_mock_name_is_greater_than_the_non_matching_name_then_injection_occurs_only_on_the_named_one" classname="org.mockitousage.bugs.Issue353InjectionMightNotHappenInCertainConfigurationTest" time="0.001"/>
  <system-out><![CDATA[]]></system-out>
  <system-err><![CDATA[]]></system-err>
</testsuite>
