<?xml version="1.0" encoding="UTF-8"?>
<testsuite name="org.mockito.internal.util.MockUtilTest" tests="9" skipped="0" failures="0" errors="0" timestamp="2017-06-13T19:53:55" hostname="set" time="0.003">
  <properties/>
  <testcase name="should_redefine_MockName_if_default" classname="org.mockito.internal.util.MockUtilTest" time="0.0"/>
  <testcase name="should_not_redefine_MockName_if_default" classname="org.mockito.internal.util.MockUtilTest" time="0.001"/>
  <testcase name="should_konw_if_type_is_mockable" classname="org.mockito.internal.util.MockUtilTest" time="0.0"/>
  <testcase name="should_get_mock_settings" classname="org.mockito.internal.util.MockUtilTest" time="0.0"/>
  <testcase name="should_validate_mock" classname="org.mockito.internal.util.MockUtilTest" time="0.0"/>
  <testcase name="should_validate_spy" classname="org.mockito.internal.util.MockUtilTest" time="0.0"/>
  <testcase name="should_get_handler" classname="org.mockito.internal.util.MockUtilTest" time="0.0"/>
  <testcase name="should_scream_when_not_a_mock_passed" classname="org.mockito.internal.util.MockUtilTest" time="0.0"/>
  <testcase name="should_scream_when_null_passed" classname="org.mockito.internal.util.MockUtilTest" time="0.0"/>
  <system-out><![CDATA[]]></system-out>
  <system-err><![CDATA[]]></system-err>
</testsuite>
