<?xml version="1.0" encoding="UTF-8"?>
<testsuite name="org.mockitousage.stacktrace.ClickableStackTracesWhenFrameworkMisusedTest" tests="3" skipped="0" failures="0" errors="0" timestamp="2017-06-13T19:53:49" hostname="set" time="0.002">
  <properties/>
  <testcase name="shouldPointOutMisplacedMatcher" classname="org.mockitousage.stacktrace.ClickableStackTracesWhenFrameworkMisusedTest" time="0.001"/>
  <testcase name="shouldShowWhereIsUnfinishedVerification" classname="org.mockitousage.stacktrace.ClickableStackTracesWhenFrameworkMisusedTest" time="0.0"/>
  <testcase name="shouldPointOutUnfinishedStubbing" classname="org.mockitousage.stacktrace.ClickableStackTracesWhenFrameworkMisusedTest" time="0.001"/>
  <system-out><![CDATA[]]></system-out>
  <system-err><![CDATA[]]></system-err>
</testsuite>
