<?xml version="1.0" encoding="UTF-8"?>
<testsuite name="org.mockito.ArgumentCaptorTest" tests="1" skipped="0" failures="0" errors="0" timestamp="2017-06-13T19:53:53" hostname="set" time="0.0">
  <properties/>
  <testcase name="tell_handy_return_values_to_return_value_for" classname="org.mockito.ArgumentCaptorTest" time="0.0"/>
  <system-out><![CDATA[]]></system-out>
  <system-err><![CDATA[]]></system-err>
</testsuite>
