<?xml version="1.0" encoding="UTF-8"?>
<testsuite name="org.mockito.internal.util.ObjectMethodsGuruTest" tests="4" skipped="0" failures="0" errors="0" timestamp="2017-06-13T19:53:55" hostname="set" time="0.001">
  <properties/>
  <testcase name="shouldKnowToStringMethod" classname="org.mockito.internal.util.ObjectMethodsGuruTest" time="0.0"/>
  <testcase name="shouldKnowEqualsMethod" classname="org.mockito.internal.util.ObjectMethodsGuruTest" time="0.0"/>
  <testcase name="shouldKnowHashCodeMethod" classname="org.mockito.internal.util.ObjectMethodsGuruTest" time="0.0"/>
  <testcase name="shouldKnowCompareToMethod" classname="org.mockito.internal.util.ObjectMethodsGuruTest" time="0.001"/>
  <system-out><![CDATA[]]></system-out>
  <system-err><![CDATA[]]></system-err>
</testsuite>
