<?xml version="1.0" encoding="UTF-8"?>
<testsuite name="org.mockito.internal.invocation.InvocationMatcherTest" tests="13" skipped="0" failures="1" errors="0" timestamp="2017-06-13T19:53:55" hostname="set" time="0.006">
  <properties/>
  <testcase name="should_not_be_similar_if_is_overloaded_but_used_with_the_same_arg" classname="org.mockito.internal.invocation.InvocationMatcherTest" time="0.0"/>
  <testcase name="should_capture_arguments_when_args_count_does_NOT_match" classname="org.mockito.internal.invocation.InvocationMatcherTest" time="0.001">
    <failure message="java.lang.UnsupportedOperationException" type="java.lang.UnsupportedOperationException">java.lang.UnsupportedOperationException
	at org.mockito.internal.invocation.InvocationMatcher.captureArgumentsFrom(InvocationMatcher.java:123)
	at org.mockito.internal.invocation.InvocationMatcherTest.should_capture_arguments_when_args_count_does_NOT_match(InvocationMatcherTest.java:170)
	at sun.reflect.NativeMethodAccessorImpl.invoke0(Native Method)
	at sun.reflect.NativeMethodAccessorImpl.invoke(NativeMethodAccessorImpl.java:57)
	at sun.reflect.DelegatingMethodAccessorImpl.invoke(DelegatingMethodAccessorImpl.java:43)
	at java.lang.reflect.Method.invoke(Method.java:606)
	at org.junit.runners.model.FrameworkMethod$1.runReflectiveCall(FrameworkMethod.java:45)
	at org.junit.internal.runners.model.ReflectiveCallable.run(ReflectiveCallable.java:15)
	at org.junit.runners.model.FrameworkMethod.invokeExplosively(FrameworkMethod.java:42)
	at org.junit.internal.runners.statements.InvokeMethod.evaluate(InvokeMethod.java:20)
	at org.junit.internal.runners.statements.RunBefores.evaluate(RunBefores.java:28)
	at org.junit.internal.runners.statements.RunAfters.evaluate(RunAfters.java:30)
	at org.junit.runners.ParentRunner.runLeaf(ParentRunner.java:263)
	at org.junit.runners.BlockJUnit4ClassRunner.runChild(BlockJUnit4ClassRunner.java:68)
	at org.junit.runners.BlockJUnit4ClassRunner.runChild(BlockJUnit4ClassRunner.java:47)
	at org.junit.runners.ParentRunner$3.run(ParentRunner.java:231)
	at org.junit.runners.ParentRunner$1.schedule(ParentRunner.java:60)
	at org.junit.runners.ParentRunner.runChildren(ParentRunner.java:229)
	at org.junit.runners.ParentRunner.access$000(ParentRunner.java:50)
	at org.junit.runners.ParentRunner$2.evaluate(ParentRunner.java:222)
	at org.junit.runners.ParentRunner.run(ParentRunner.java:300)
	at org.gradle.api.internal.tasks.testing.junit.JUnitTestClassExecuter.runTestClass(JUnitTestClassExecuter.java:86)
	at org.gradle.api.internal.tasks.testing.junit.JUnitTestClassExecuter.execute(JUnitTestClassExecuter.java:49)
	at org.gradle.api.internal.tasks.testing.junit.JUnitTestClassProcessor.processTestClass(JUnitTestClassProcessor.java:64)
	at org.gradle.api.internal.tasks.testing.SuiteTestClassProcessor.processTestClass(SuiteTestClassProcessor.java:50)
	at sun.reflect.GeneratedMethodAccessor9.invoke(Unknown Source)
	at sun.reflect.DelegatingMethodAccessorImpl.invoke(DelegatingMethodAccessorImpl.java:43)
	at java.lang.reflect.Method.invoke(Method.java:606)
	at org.gradle.messaging.dispatch.ReflectionDispatch.dispatch(ReflectionDispatch.java:35)
	at org.gradle.messaging.dispatch.ReflectionDispatch.dispatch(ReflectionDispatch.java:24)
	at org.gradle.messaging.dispatch.ContextClassLoaderDispatch.dispatch(ContextClassLoaderDispatch.java:32)
	at org.gradle.messaging.dispatch.ProxyDispatchAdapter$DispatchingInvocationHandler.invoke(ProxyDispatchAdapter.java:93)
	at com.sun.proxy.$Proxy2.processTestClass(Unknown Source)
	at org.gradle.api.internal.tasks.testing.worker.TestWorker.processTestClass(TestWorker.java:106)
	at sun.reflect.GeneratedMethodAccessor8.invoke(Unknown Source)
	at sun.reflect.DelegatingMethodAccessorImpl.invoke(DelegatingMethodAccessorImpl.java:43)
	at java.lang.reflect.Method.invoke(Method.java:606)
	at org.gradle.messaging.dispatch.ReflectionDispatch.dispatch(ReflectionDispatch.java:35)
	at org.gradle.messaging.dispatch.ReflectionDispatch.dispatch(ReflectionDispatch.java:24)
	at org.gradle.messaging.remote.internal.hub.MessageHub$Handler.run(MessageHub.java:360)
	at org.gradle.internal.concurrent.ExecutorPolicy$CatchAndRecordFailures.onExecute(ExecutorPolicy.java:54)
	at org.gradle.internal.concurrent.StoppableExecutorImpl$1.run(StoppableExecutorImpl.java:40)
	at java.util.concurrent.ThreadPoolExecutor.runWorker(ThreadPoolExecutor.java:1145)
	at java.util.concurrent.ThreadPoolExecutor$Worker.run(ThreadPoolExecutor.java:615)
	at java.lang.Thread.run(Thread.java:745)
</failure>
  </testcase>
  <testcase name="should_create_from_invocations" classname="org.mockito.internal.invocation.InvocationMatcherTest" time="0.001"/>
  <testcase name="should_not_equal_if_number_of_arguments_differ" classname="org.mockito.internal.invocation.InvocationMatcherTest" time="0.0"/>
  <testcase name="should_be_a_citizen_of_hashes" classname="org.mockito.internal.invocation.InvocationMatcherTest" time="0.001"/>
  <testcase name="should_know_if_is_similar_to" classname="org.mockito.internal.invocation.InvocationMatcherTest" time="0.0"/>
  <testcase name="should_not_be_similar_to_verified_invocation" classname="org.mockito.internal.invocation.InvocationMatcherTest" time="0.0"/>
  <testcase name="should_to_string_with_matchers" classname="org.mockito.internal.invocation.InvocationMatcherTest" time="0.0"/>
  <testcase name="should_not_be_similar_if_mocks_are_different" classname="org.mockito.internal.invocation.InvocationMatcherTest" time="0.0"/>
  <testcase name="should_be_similar_if_is_overloaded_but_used_with_different_arg" classname="org.mockito.internal.invocation.InvocationMatcherTest" time="0.001"/>
  <testcase name="should_capture_arguments_from_invocation" classname="org.mockito.internal.invocation.InvocationMatcherTest" time="0.0"/>
  <testcase name="should_match_varargs_using_any_varargs" classname="org.mockito.internal.invocation.InvocationMatcherTest" time="0.001"/>
  <testcase name="should_capture_varargs_as_vararg" classname="org.mockito.internal.invocation.InvocationMatcherTest" time="0.0"/>
  <system-out><![CDATA[]]></system-out>
  <system-err><![CDATA[]]></system-err>
</testsuite>
