<?xml version="1.0" encoding="UTF-8"?>
<testsuite name="org.mockitousage.bugs.TimeoutWithAtMostOrNeverShouldBeDisabledTest" tests="2" skipped="0" failures="0" errors="0" timestamp="2017-06-13T19:53:46" hostname="set" time="0.001">
  <properties/>
  <testcase name="shouldDisableTimeoutForAtMost" classname="org.mockitousage.bugs.TimeoutWithAtMostOrNeverShouldBeDisabledTest" time="0.001"/>
  <testcase name="shouldDisableTimeoutForNever" classname="org.mockitousage.bugs.TimeoutWithAtMostOrNeverShouldBeDisabledTest" time="0.0"/>
  <system-out><![CDATA[]]></system-out>
  <system-err><![CDATA[]]></system-err>
</testsuite>
