<?xml version="1.0" encoding="UTF-8"?>
<testsuite name="org.mockitousage.verification.BasicVerificationInOrderTest" tests="23" skipped="0" failures="0" errors="0" timestamp="2017-06-13T19:53:48" hostname="set" time="0.021">
  <properties/>
  <testcase name="shouldVerifyInOrder" classname="org.mockitousage.verification.BasicVerificationInOrderTest" time="0.001"/>
  <testcase name="shouldFailWhenFirstMockCalledTwice" classname="org.mockitousage.verification.BasicVerificationInOrderTest" time="0.001"/>
  <testcase name="shouldFailOnLastMethodBecauseOneInvocationWanted" classname="org.mockitousage.verification.BasicVerificationInOrderTest" time="0.001"/>
  <testcase name="shouldFailOnLastMethodBecauseOneInvocationWantedAgain" classname="org.mockitousage.verification.BasicVerificationInOrderTest" time="0.001"/>
  <testcase name="shouldFailOnFirstMethodBecauseDifferentArgsWanted" classname="org.mockitousage.verification.BasicVerificationInOrderTest" time="0.001"/>
  <testcase name="shouldFailOnFirstMethodBecauseDifferentMethodWanted" classname="org.mockitousage.verification.BasicVerificationInOrderTest" time="0.001"/>
  <testcase name="shouldFailOnSecondMethodBecauseDifferentArgsWanted" classname="org.mockitousage.verification.BasicVerificationInOrderTest" time="0.001"/>
  <testcase name="shouldFailOnSecondMethodBecauseDifferentMethodWanted" classname="org.mockitousage.verification.BasicVerificationInOrderTest" time="0.001"/>
  <testcase name="shouldFailOnLastMethodBecauseDifferentArgsWanted" classname="org.mockitousage.verification.BasicVerificationInOrderTest" time="0.001"/>
  <testcase name="shouldFailOnLastMethodBecauseDifferentMethodWanted" classname="org.mockitousage.verification.BasicVerificationInOrderTest" time="0.001"/>
  <testcase name="shouldVerifyInOrderUsingAtLeastOnce" classname="org.mockitousage.verification.BasicVerificationInOrderTest" time="0.001"/>
  <testcase name="shouldFailOnFirstMethodBecauseOneInvocationWantedAgain" classname="org.mockitousage.verification.BasicVerificationInOrderTest" time="0.001"/>
  <testcase name="shouldFailOnSecondMethodBecauseFourInvocationsWanted" classname="org.mockitousage.verification.BasicVerificationInOrderTest" time="0.0"/>
  <testcase name="shouldFailOnSecondMethodBecauseTwoInvocationsWantedAgain" classname="org.mockitousage.verification.BasicVerificationInOrderTest" time="0.001"/>
  <testcase name="shouldVerifyInOrderWhenExpectingSomeInvocationsToBeCalledZeroTimes" classname="org.mockitousage.verification.BasicVerificationInOrderTest" time="0.001"/>
  <testcase name="shouldFailOnFirstMethodBecauseOneInvocationWanted" classname="org.mockitousage.verification.BasicVerificationInOrderTest" time="0.001"/>
  <testcase name="shouldFailWhenLastMethodVerifiedFirst" classname="org.mockitousage.verification.BasicVerificationInOrderTest" time="0.001"/>
  <testcase name="shouldFailWhenMiddleMethodVerifiedFirst" classname="org.mockitousage.verification.BasicVerificationInOrderTest" time="0.001"/>
  <testcase name="shouldFailWhenMiddleMethodVerifiedFirstInAtLeastOnceMode" classname="org.mockitousage.verification.BasicVerificationInOrderTest" time="0.001"/>
  <testcase name="shouldFailOnVerifyNoMoreInteractions" classname="org.mockitousage.verification.BasicVerificationInOrderTest" time="0.0"/>
  <testcase name="shouldFailOnVerifyZeroInteractions" classname="org.mockitousage.verification.BasicVerificationInOrderTest" time="0.0"/>
  <testcase name="shouldScreamWhenNullPassed" classname="org.mockitousage.verification.BasicVerificationInOrderTest" time="0.001"/>
  <testcase name="shouldFailWhenLastMockCalledTwice" classname="org.mockitousage.verification.BasicVerificationInOrderTest" time="0.001"/>
  <system-out><![CDATA[]]></system-out>
  <system-err><![CDATA[]]></system-err>
</testsuite>
