<?xml version="1.0" encoding="UTF-8"?>
<testsuite name="org.mockitousage.puzzlers.OverloadingPuzzleTest" tests="1" skipped="0" failures="0" errors="0" timestamp="2017-06-13T19:53:51" hostname="set" time="0.006">
  <properties/>
  <testcase name="shouldUseArgumentTypeWhenOverloadingPuzzleDetected" classname="org.mockitousage.puzzlers.OverloadingPuzzleTest" time="0.006"/>
  <system-out><![CDATA[]]></system-out>
  <system-err><![CDATA[]]></system-err>
</testsuite>
