<?xml version="1.0" encoding="UTF-8"?>
<testsuite name="org.mockitousage.annotation.SpyAnnotationInitializedInBaseClassTest$SubTest" tests="2" skipped="0" failures="0" errors="0" timestamp="2017-06-13T19:53:53" hostname="set" time="0.001">
  <properties/>
  <testcase name="shouldInitSpiesInHierarchy" classname="org.mockitousage.annotation.SpyAnnotationInitializedInBaseClassTest$SubTest" time="0.0"/>
  <testcase name="shouldInitSpiesInBaseClass" classname="org.mockitousage.annotation.SpyAnnotationInitializedInBaseClassTest$SubTest" time="0.001"/>
  <system-out><![CDATA[]]></system-out>
  <system-err><![CDATA[]]></system-err>
</testsuite>
