<?xml version="1.0" encoding="UTF-8"?>
<testsuite name="org.mockito.runners.ConsoleSpammingMockitoJUnitRunnerTest" tests="1" skipped="0" failures="0" errors="0" timestamp="2017-06-13T19:53:53" hostname="set" time="0.001">
  <properties/>
  <testcase name="shouldDelegateToGetDescription" classname="org.mockito.runners.ConsoleSpammingMockitoJUnitRunnerTest" time="0.001"/>
  <system-out><![CDATA[]]></system-out>
  <system-err><![CDATA[]]></system-err>
</testsuite>
