<?xml version="1.0" encoding="UTF-8"?>
<testsuite name="org.mockitousage.bugs.CaptorAnnotationAutoboxingTest" tests="2" skipped="0" failures="0" errors="0" timestamp="2017-06-13T19:53:47" hostname="set" time="0.013">
  <properties/>
  <testcase name="shouldAutoboxSafely" classname="org.mockitousage.bugs.CaptorAnnotationAutoboxingTest" time="0.011"/>
  <testcase name="shouldAutoboxAllPrimitives" classname="org.mockitousage.bugs.CaptorAnnotationAutoboxingTest" time="0.002"/>
  <system-out><![CDATA[]]></system-out>
  <system-err><![CDATA[]]></system-err>
</testsuite>
