<?xml version="1.0" encoding="UTF-8"?>
<testsuite name="org.mockito.internal.util.MockCreationValidatorTest" tests="6" skipped="0" failures="0" errors="0" timestamp="2017-06-13T19:53:55" hostname="set" time="0.001">
  <properties/>
  <testcase name="should_not_allow_extra_interface_that_is_the_same_as_the_mocked_type" classname="org.mockito.internal.util.MockCreationValidatorTest" time="0.0"/>
  <testcase name="should_not_allow_inconsistent_types" classname="org.mockito.internal.util.MockCreationValidatorTest" time="0.0"/>
  <testcase name="should_allow_only_consistent_types" classname="org.mockito.internal.util.MockCreationValidatorTest" time="0.001"/>
  <testcase name="should_validation_be_safe_when_nulls_passed" classname="org.mockito.internal.util.MockCreationValidatorTest" time="0.0"/>
  <testcase name="should_not_allow_serializable_with_Object_that_dont_implement_Serializable" classname="org.mockito.internal.util.MockCreationValidatorTest" time="0.0"/>
  <testcase name="should_allow_serializable_with_interfaces_or_Serializable_objects" classname="org.mockito.internal.util.MockCreationValidatorTest" time="0.0"/>
  <system-out><![CDATA[]]></system-out>
  <system-err><![CDATA[]]></system-err>
</testsuite>
