<?xml version="1.0" encoding="UTF-8"?>
<testsuite name="org.mockito.internal.creation.instance.ConstructorInstantiatorTest" tests="3" skipped="0" failures="0" errors="0" timestamp="2017-06-13T19:53:54" hostname="set" time="0.001">
  <properties/>
  <testcase name="creates_instances" classname="org.mockito.internal.creation.instance.ConstructorInstantiatorTest" time="0.0"/>
  <testcase name="creates_instances_of_inner_classes" classname="org.mockito.internal.creation.instance.ConstructorInstantiatorTest" time="0.001"/>
  <testcase name="explains_when_constructor_cannot_be_found" classname="org.mockito.internal.creation.instance.ConstructorInstantiatorTest" time="0.0"/>
  <system-out><![CDATA[]]></system-out>
  <system-err><![CDATA[]]></system-err>
</testsuite>
