<?xml version="1.0" encoding="UTF-8"?>
<testsuite name="org.mockitousage.PlaygroundTest" tests="2" skipped="0" failures="0" errors="0" timestamp="2017-06-13T19:53:45" hostname="set" time="0.003">
  <properties/>
  <testcase name="partialMockInAction" classname="org.mockitousage.PlaygroundTest" time="0.001"/>
  <testcase name="spyInAction" classname="org.mockitousage.PlaygroundTest" time="0.001"/>
  <system-out><![CDATA[]]></system-out>
  <system-err><![CDATA[]]></system-err>
</testsuite>
