<?xml version="1.0" encoding="UTF-8"?>
<testsuite name="org.mockitousage.verification.VerificationWithTimeoutTest" tests="8" skipped="1" failures="0" errors="0" timestamp="2017-06-13T19:53:48" hostname="set" time="0.129">
  <properties/>
  <testcase name="canIgnoreInvocationsWithJunit" classname="org.mockitousage.verification.VerificationWithTimeoutTest" time="0.105"/>
  <testcase name="shouldAllowMixingOtherModesWithTimeout" classname="org.mockitousage.verification.VerificationWithTimeoutTest" time="0.0"/>
  <testcase name="shouldAllowMixingOtherModesWithTimeoutAndFail" classname="org.mockitousage.verification.VerificationWithTimeoutTest" time="0.0"/>
  <testcase name="shouldAllowMixingOnlyWithTimeout" classname="org.mockitousage.verification.VerificationWithTimeoutTest" time="0.0"/>
  <testcase name="shouldAllowMixingOnlyWithTimeoutAndFail" classname="org.mockitousage.verification.VerificationWithTimeoutTest" time="0.0"/>
  <testcase name="shouldAllowTimeoutVerificationInOrder" classname="org.mockitousage.verification.VerificationWithTimeoutTest" time="0.0">
    <skipped/>
  </testcase>
  <testcase name="shouldVerifyWithTimeout" classname="org.mockitousage.verification.VerificationWithTimeoutTest" time="0.001"/>
  <testcase name="shouldFailVerificationWithTimeout" classname="org.mockitousage.verification.VerificationWithTimeoutTest" time="0.021"/>
  <system-out><![CDATA[]]></system-out>
  <system-err><![CDATA[]]></system-err>
</testsuite>
