<?xml version="1.0" encoding="UTF-8"?>
<testsuite name="org.mockitousage.matchers.NewMatchersTest" tests="4" skipped="0" failures="0" errors="0" timestamp="2017-06-13T19:53:51" hostname="set" time="0.001">
  <properties/>
  <testcase name="shouldAllowAnyList" classname="org.mockitousage.matchers.NewMatchersTest" time="0.0"/>
  <testcase name="shouldAllowAnyCollection" classname="org.mockitousage.matchers.NewMatchersTest" time="0.0"/>
  <testcase name="shouldAllowAnyMap" classname="org.mockitousage.matchers.NewMatchersTest" time="0.0"/>
  <testcase name="shouldAllowAnySet" classname="org.mockitousage.matchers.NewMatchersTest" time="0.0"/>
  <system-out><![CDATA[]]></system-out>
  <system-err><![CDATA[]]></system-err>
</testsuite>
