<?xml version="1.0" encoding="UTF-8"?>
<testsuite name="org.mockitousage.verification.PrintingVerboseTypesWithArgumentsTest" tests="5" skipped="0" failures="0" errors="0" timestamp="2017-06-13T19:53:48" hostname="set" time="0.009">
  <properties/>
  <testcase name="shouldNotReportArgumentTypesWhenToStringIsTheSame" classname="org.mockitousage.verification.PrintingVerboseTypesWithArgumentsTest" time="0.007"/>
  <testcase name="shouldShowTheTypeOfOnlyTheArgumentThatDoesntMatch" classname="org.mockitousage.verification.PrintingVerboseTypesWithArgumentsTest" time="0.001"/>
  <testcase name="shouldShowTheTypeOfTheMismatchingArgumentWhenOutputDescriptionsForInvocationsAreDifferent" classname="org.mockitousage.verification.PrintingVerboseTypesWithArgumentsTest" time="0.0"/>
  <testcase name="shouldNotShowTypesWhenArgumentValueIsDifferent" classname="org.mockitousage.verification.PrintingVerboseTypesWithArgumentsTest" time="0.001"/>
  <testcase name="shouldNotShowTypesWhenTypesAreTheSameEvenIfToStringGivesTheSameResult" classname="org.mockitousage.verification.PrintingVerboseTypesWithArgumentsTest" time="0.0"/>
  <system-out><![CDATA[]]></system-out>
  <system-err><![CDATA[]]></system-err>
</testsuite>
