<?xml version="1.0" encoding="UTF-8"?>
<testsuite name="org.mockitousage.bugs.ShouldOnlyModeAllowCapturingArgumentsTest" tests="1" skipped="0" failures="0" errors="0" timestamp="2017-06-13T19:53:46" hostname="set" time="0.002">
  <properties/>
  <testcase name="shouldAllowCapturingArguments" classname="org.mockitousage.bugs.ShouldOnlyModeAllowCapturingArgumentsTest" time="0.002"/>
  <system-out><![CDATA[]]></system-out>
  <system-err><![CDATA[]]></system-err>
</testsuite>
