<?xml version="1.0" encoding="UTF-8"?>
<testsuite name="org.mockito.internal.util.reflection.AccessibilityChangerTest" tests="2" skipped="1" failures="0" errors="0" timestamp="2017-06-13T19:53:55" hostname="set" time="0.0">
  <properties/>
  <testcase name="safelyDisableAccess_should_fail_when_enableAccess_not_called" classname="org.mockito.internal.util.reflection.AccessibilityChangerTest" time="0.0">
    <skipped/>
  </testcase>
  <testcase name="should_enable_and_safely_disable" classname="org.mockito.internal.util.reflection.AccessibilityChangerTest" time="0.0"/>
  <system-out><![CDATA[]]></system-out>
  <system-err><![CDATA[]]></system-err>
</testsuite>
