<?xml version="1.0" encoding="UTF-8"?>
<testsuite name="org.mockitousage.stubbing.StubbingWithCustomAnswerTest" tests="6" skipped="0" failures="0" errors="0" timestamp="2017-06-13T19:53:53" hostname="set" time="0.003">
  <properties/>
  <testcase name="shouldAnswerConsecutively" classname="org.mockitousage.stubbing.StubbingWithCustomAnswerTest" time="0.001"/>
  <testcase name="shoudAnswerVoidMethod" classname="org.mockitousage.stubbing.StubbingWithCustomAnswerTest" time="0.0"/>
  <testcase name="shouldAnswerVoidMethodConsecutively" classname="org.mockitousage.stubbing.StubbingWithCustomAnswerTest" time="0.001"/>
  <testcase name="shouldMakeSureTheInterfaceDoesNotChange" classname="org.mockitousage.stubbing.StubbingWithCustomAnswerTest" time="0.0"/>
  <testcase name="shouldAnswer" classname="org.mockitousage.stubbing.StubbingWithCustomAnswerTest" time="0.001"/>
  <testcase name="shouldAnswerWithThenAnswerAlias" classname="org.mockitousage.stubbing.StubbingWithCustomAnswerTest" time="0.0"/>
  <system-out><![CDATA[]]></system-out>
  <system-err><![CDATA[]]></system-err>
</testsuite>
