<?xml version="1.0" encoding="UTF-8"?>
<testsuite name="org.mockito.internal.InvalidStateDetectionTest" tests="7" skipped="0" failures="0" errors="0" timestamp="2017-06-13T19:53:53" hostname="set" time="0.01">
  <properties/>
  <testcase name="shouldDetectUnfinishedStubbing" classname="org.mockito.internal.InvalidStateDetectionTest" time="0.004"/>
  <testcase name="shouldDetectMisplacedArgumentMatcher" classname="org.mockito.internal.InvalidStateDetectionTest" time="0.001"/>
  <testcase name="shouldDetectUnfinishedStubbingVoid" classname="org.mockito.internal.InvalidStateDetectionTest" time="0.002"/>
  <testcase name="shouldDetectUnfinishedDoAnswerStubbing" classname="org.mockito.internal.InvalidStateDetectionTest" time="0.001"/>
  <testcase name="shouldDetectUnfinishedVerification" classname="org.mockito.internal.InvalidStateDetectionTest" time="0.001"/>
  <testcase name="shouldCorrectStateAfterDetectingUnfinishedStubbing" classname="org.mockito.internal.InvalidStateDetectionTest" time="0.0"/>
  <testcase name="shouldCorrectStateAfterDetectingUnfinishedVerification" classname="org.mockito.internal.InvalidStateDetectionTest" time="0.001"/>
  <system-out><![CDATA[]]></system-out>
  <system-err><![CDATA[]]></system-err>
</testsuite>
