<?xml version="1.0" encoding="UTF-8"?>
<testsuite name="org.mockitousage.misuse.InvalidUsageTest" tests="12" skipped="0" failures="0" errors="0" timestamp="2017-06-13T19:53:47" hostname="set" time="0.013">
  <properties/>
  <testcase name="shouldRequireArgumentsWhenVerifyingZeroInteractions" classname="org.mockitousage.misuse.InvalidUsageTest" time="0.0"/>
  <testcase name="shouldNotCreateInOrderObjectWithoutMocks" classname="org.mockitousage.misuse.InvalidUsageTest" time="0.001"/>
  <testcase name="shouldNotAllowVerifyingInOrderUnfamilarMocks" classname="org.mockitousage.misuse.InvalidUsageTest" time="0.001"/>
  <testcase name="shouldReportMissingMethodInvocationWhenStubbing" classname="org.mockitousage.misuse.InvalidUsageTest" time="0.001"/>
  <testcase name="shouldNotAllowSettingInvalidCheckedException" classname="org.mockitousage.misuse.InvalidUsageTest" time="0.0"/>
  <testcase name="shouldNotAllowSettingNullThrowable" classname="org.mockitousage.misuse.InvalidUsageTest" time="0.001"/>
  <testcase name="shouldNotAllowSettingNullThrowableVararg" classname="org.mockitousage.misuse.InvalidUsageTest" time="0.001"/>
  <testcase name="shouldNotAllowSettingNullConsecutiveThrowable" classname="org.mockitousage.misuse.InvalidUsageTest" time="0.001"/>
  <testcase name="shouldNotAllowMockingFinalClasses" classname="org.mockitousage.misuse.InvalidUsageTest" time="0.001"/>
  <testcase name="shouldRequireArgumentsWhenVerifyingNoMoreInteractions" classname="org.mockitousage.misuse.InvalidUsageTest" time="0.0"/>
  <testcase name="shouldNotAllowMockingPrimitves" classname="org.mockitousage.misuse.InvalidUsageTest" time="0.0"/>
  <testcase name="shouldNotMockObjectMethodsOnInterface" classname="org.mockitousage.misuse.InvalidUsageTest" time="0.005"/>
  <system-out><![CDATA[]]></system-out>
  <system-err><![CDATA[]]></system-err>
</testsuite>
