<?xml version="1.0" encoding="UTF-8"?>
<testsuite name="org.mockitousage.stubbing.StubbingUsingDoReturnTest" tests="20" skipped="0" failures="0" errors="0" timestamp="2017-06-13T19:53:53" hostname="set" time="0.008">
  <properties/>
  <testcase name="shouldStub" classname="org.mockitousage.stubbing.StubbingUsingDoReturnTest" time="0.0"/>
  <testcase name="shouldStubWithThrowable" classname="org.mockitousage.stubbing.StubbingUsingDoReturnTest" time="0.001"/>
  <testcase name="shouldScreamWhenNullPassed" classname="org.mockitousage.stubbing.StubbingUsingDoReturnTest" time="0.0"/>
  <testcase name="shouldStubWithArgs" classname="org.mockitousage.stubbing.StubbingUsingDoReturnTest" time="0.0"/>
  <testcase name="shouldAllowSettingValidCheckedException" classname="org.mockitousage.stubbing.StubbingUsingDoReturnTest" time="0.001"/>
  <testcase name="shouldDetectInvalidCheckedException" classname="org.mockitousage.stubbing.StubbingUsingDoReturnTest" time="0.0"/>
  <testcase name="shouldScreamWhenReturnSetForVoid" classname="org.mockitousage.stubbing.StubbingUsingDoReturnTest" time="0.0"/>
  <testcase name="shouldScreamWhenNotAMockPassed" classname="org.mockitousage.stubbing.StubbingUsingDoReturnTest" time="0.0"/>
  <testcase name="shouldAllowChainedStubbing" classname="org.mockitousage.stubbing.StubbingUsingDoReturnTest" time="0.0"/>
  <testcase name="shouldAllowDoCallRealMethodInChainedStubbing" classname="org.mockitousage.stubbing.StubbingUsingDoReturnTest" time="0.001"/>
  <testcase name="shouldAllowChainedStubbingWithExceptionClass" classname="org.mockitousage.stubbing.StubbingUsingDoReturnTest" time="0.0"/>
  <testcase name="shouldAllowChainedStubbingOnVoidMethods" classname="org.mockitousage.stubbing.StubbingUsingDoReturnTest" time="0.0"/>
  <testcase name="shouldStubWithGenericAnswer" classname="org.mockitousage.stubbing.StubbingUsingDoReturnTest" time="0.001"/>
  <testcase name="shouldNotAllowDoNothingOnNonVoids" classname="org.mockitousage.stubbing.StubbingUsingDoReturnTest" time="0.0"/>
  <testcase name="shouldStubbingBeTreatedAsInteraction" classname="org.mockitousage.stubbing.StubbingUsingDoReturnTest" time="0.001"/>
  <testcase name="shouldVerifyStubbedCall" classname="org.mockitousage.stubbing.StubbingUsingDoReturnTest" time="0.0"/>
  <testcase name="shouldAllowStubbingToString" classname="org.mockitousage.stubbing.StubbingUsingDoReturnTest" time="0.0"/>
  <testcase name="shouldDetectInvalidReturnType" classname="org.mockitousage.stubbing.StubbingUsingDoReturnTest" time="0.0"/>
  <testcase name="shouldDetectWhenNullAssignedToBoolean" classname="org.mockitousage.stubbing.StubbingUsingDoReturnTest" time="0.0"/>
  <testcase name="shouldAllowStubbingWhenTypesMatchSignature" classname="org.mockitousage.stubbing.StubbingUsingDoReturnTest" time="0.0"/>
  <system-out><![CDATA[]]></system-out>
  <system-err><![CDATA[]]></system-err>
</testsuite>
