<?xml version="1.0" encoding="UTF-8"?>
<testsuite name="org.mockitousage.stubbing.SmartNullsStubbingTest" tests="8" skipped="0" failures="0" errors="0" timestamp="2017-06-13T19:53:53" hostname="set" time="0.014">
  <properties/>
  <testcase name="shouldReturnOrdinaryEmptyValuesForOrdinaryTypes" classname="org.mockitousage.stubbing.SmartNullsStubbingTest" time="0.0"/>
  <testcase name="shouldNotThrowSmartNullPointerOnToString" classname="org.mockitousage.stubbing.SmartNullsStubbingTest" time="0.0"/>
  <testcase name="shouldNotThrowSmartNullPointerOnObjectMethods" classname="org.mockitousage.stubbing.SmartNullsStubbingTest" time="0.0"/>
  <testcase name="shouldShowParameters" classname="org.mockitousage.stubbing.SmartNullsStubbingTest" time="0.011"/>
  <testcase name="shouldShowParametersWhenParamsAreHuge" classname="org.mockitousage.stubbing.SmartNullsStubbingTest" time="0.001"/>
  <testcase name="shouldSmartNPEPointToUnstubbedCall" classname="org.mockitousage.stubbing.SmartNullsStubbingTest" time="0.0"/>
  <testcase name="shouldThrowSmartNPEWhenMethodReturnsClass" classname="org.mockitousage.stubbing.SmartNullsStubbingTest" time="0.001"/>
  <testcase name="shouldThrowSmartNPEWhenMethodReturnsInterface" classname="org.mockitousage.stubbing.SmartNullsStubbingTest" time="0.0"/>
  <system-out><![CDATA[]]></system-out>
  <system-err><![CDATA[]]></system-err>
</testsuite>
