<?xml version="1.0" encoding="UTF-8"?>
<testsuite name="org.mockitousage.stacktrace.ModellingDescriptiveMessagesTest" tests="25" skipped="25" failures="0" errors="0" timestamp="2017-06-13T19:53:49" hostname="set" time="0.002">
  <properties/>
  <testcase name="shouldMentionSpiesWhenVoidMethodIsToldToReturnValue" classname="org.mockitousage.stacktrace.ModellingDescriptiveMessagesTest" time="0.0">
    <skipped/>
  </testcase>
  <testcase name="shouldSayNoMoreInteractions" classname="org.mockitousage.stacktrace.ModellingDescriptiveMessagesTest" time="0.0">
    <skipped/>
  </testcase>
  <testcase name="shouldSayUnstubbedMethodWasInvokedHere" classname="org.mockitousage.stacktrace.ModellingDescriptiveMessagesTest" time="0.0">
    <skipped/>
  </testcase>
  <testcase name="shouldPointOutUnfinishedStubbing" classname="org.mockitousage.stacktrace.ModellingDescriptiveMessagesTest" time="0.0">
    <skipped/>
  </testcase>
  <testcase name="shouldMentionFinalAndObjectMethodsWhenMissingMockCall" classname="org.mockitousage.stacktrace.ModellingDescriptiveMessagesTest" time="0.0">
    <skipped/>
  </testcase>
  <testcase name="shouldMentionFinalAndObjectMethodsWhenVerifying" classname="org.mockitousage.stacktrace.ModellingDescriptiveMessagesTest" time="0.0">
    <skipped/>
  </testcase>
  <testcase name="shouldMentionFinalAndObjectMethodsWhenMisplacedArgumentMatcher" classname="org.mockitousage.stacktrace.ModellingDescriptiveMessagesTest" time="0.0">
    <skipped/>
  </testcase>
  <testcase name="shouldShowExampleOfCorrectArgumentCapturing" classname="org.mockitousage.stacktrace.ModellingDescriptiveMessagesTest" time="0.0">
    <skipped/>
  </testcase>
  <testcase name="shouldScreamWhenNullPassedInsteadOfAnInterface" classname="org.mockitousage.stacktrace.ModellingDescriptiveMessagesTest" time="0.0">
    <skipped/>
  </testcase>
  <testcase name="shouldScreamWhenNonInterfacePassed" classname="org.mockitousage.stacktrace.ModellingDescriptiveMessagesTest" time="0.0">
    <skipped/>
  </testcase>
  <testcase name="shouldScreamWhenExtraIsTheSame" classname="org.mockitousage.stacktrace.ModellingDescriptiveMessagesTest" time="0.0">
    <skipped/>
  </testcase>
  <testcase name="shouldScreamWhenExtraInterfacesEmpty" classname="org.mockitousage.stacktrace.ModellingDescriptiveMessagesTest" time="0.0">
    <skipped/>
  </testcase>
  <testcase name="shouldScreamWhenExtraInterfacesIsANullArray" classname="org.mockitousage.stacktrace.ModellingDescriptiveMessagesTest" time="0.001">
    <skipped/>
  </testcase>
  <testcase name="makeSureStateIsValidatedInTheVeryFirstTestThanksToTheRunner" classname="org.mockitousage.stacktrace.ModellingDescriptiveMessagesTest" time="0.0">
    <skipped/>
  </testcase>
  <testcase name="shouldSayWantedButNotInvoked" classname="org.mockitousage.stacktrace.ModellingDescriptiveMessagesTest" time="0.0">
    <skipped/>
  </testcase>
  <testcase name="shouldPointOutInteractionsOnMockWhenOrdinaryVerificationFails" classname="org.mockitousage.stacktrace.ModellingDescriptiveMessagesTest" time="0.0">
    <skipped/>
  </testcase>
  <testcase name="shouldShowActualAndExpected" classname="org.mockitousage.stacktrace.ModellingDescriptiveMessagesTest" time="0.0">
    <skipped/>
  </testcase>
  <testcase name="shouldSayTooLittleInvocations" classname="org.mockitousage.stacktrace.ModellingDescriptiveMessagesTest" time="0.0">
    <skipped/>
  </testcase>
  <testcase name="shouldSayTooManyInvocations" classname="org.mockitousage.stacktrace.ModellingDescriptiveMessagesTest" time="0.0">
    <skipped/>
  </testcase>
  <testcase name="shouldSayWantedButNotInvokedInOrder" classname="org.mockitousage.stacktrace.ModellingDescriptiveMessagesTest" time="0.0">
    <skipped/>
  </testcase>
  <testcase name="shouldSayTooLittleInvocationsInOrder" classname="org.mockitousage.stacktrace.ModellingDescriptiveMessagesTest" time="0.0">
    <skipped/>
  </testcase>
  <testcase name="shouldSayTooManyInvocationsInOrder" classname="org.mockitousage.stacktrace.ModellingDescriptiveMessagesTest" time="0.0">
    <skipped/>
  </testcase>
  <testcase name="shouldSayNeverWantedButInvokedHere" classname="org.mockitousage.stacktrace.ModellingDescriptiveMessagesTest" time="0.001">
    <skipped/>
  </testcase>
  <testcase name="shouldSayTooLittleInvocationsInAtLeastModeInOrder" classname="org.mockitousage.stacktrace.ModellingDescriptiveMessagesTest" time="0.0">
    <skipped/>
  </testcase>
  <testcase name="shouldSayTooLittleInvocationsInAtLeastMode" classname="org.mockitousage.stacktrace.ModellingDescriptiveMessagesTest" time="0.0">
    <skipped/>
  </testcase>
  <system-out><![CDATA[]]></system-out>
  <system-err><![CDATA[]]></system-err>
</testsuite>
