<?xml version="1.0" encoding="UTF-8"?>
<testsuite name="org.mockitousage.annotation.MockInjectionUsingSetterOrPropertyTest" tests="12" skipped="0" failures="0" errors="0" timestamp="2017-06-13T19:53:53" hostname="set" time="0.107">
  <properties/>
  <testcase name="shouldKeepSameInstanceIfFieldInitialized" classname="org.mockitousage.annotation.MockInjectionUsingSetterOrPropertyTest" time="0.046"/>
  <testcase name="shouldInitializeAnnotatedFieldIfNull" classname="org.mockitousage.annotation.MockInjectionUsingSetterOrPropertyTest" time="0.004"/>
  <testcase name="shouldIInjectMocksInSpy" classname="org.mockitousage.annotation.MockInjectionUsingSetterOrPropertyTest" time="0.004"/>
  <testcase name="shouldInitializeSpyIfNullAndInjectMocks" classname="org.mockitousage.annotation.MockInjectionUsingSetterOrPropertyTest" time="0.005"/>
  <testcase name="shouldInjectMocksIfAnnotated" classname="org.mockitousage.annotation.MockInjectionUsingSetterOrPropertyTest" time="0.01"/>
  <testcase name="shouldNotInjectIfNotAnnotated" classname="org.mockitousage.annotation.MockInjectionUsingSetterOrPropertyTest" time="0.008"/>
  <testcase name="shouldInjectMocksForClassHierarchyIfAnnotated" classname="org.mockitousage.annotation.MockInjectionUsingSetterOrPropertyTest" time="0.006"/>
  <testcase name="shouldInjectMocksByName" classname="org.mockitousage.annotation.MockInjectionUsingSetterOrPropertyTest" time="0.006"/>
  <testcase name="shouldInjectSpies" classname="org.mockitousage.annotation.MockInjectionUsingSetterOrPropertyTest" time="0.006"/>
  <testcase name="shouldInstantiateInjectMockFieldIfPossible" classname="org.mockitousage.annotation.MockInjectionUsingSetterOrPropertyTest" time="0.004"/>
  <testcase name="shouldReportNicely" classname="org.mockitousage.annotation.MockInjectionUsingSetterOrPropertyTest" time="0.005"/>
  <testcase name="shouldKeepInstanceOnInjectMockFieldIfPresent" classname="org.mockitousage.annotation.MockInjectionUsingSetterOrPropertyTest" time="0.003"/>
  <system-out><![CDATA[]]></system-out>
  <system-err><![CDATA[]]></system-err>
</testsuite>
