<?xml version="1.0" encoding="UTF-8"?>
<testsuite name="org.mockito.internal.invocation.InvocationsFinderTest" tests="13" skipped="0" failures="0" errors="0" timestamp="2017-06-13T19:53:55" hostname="set" time="0.006">
  <properties/>
  <testcase name="shouldFindFirstSimilarInvocationByName" classname="org.mockito.internal.invocation.InvocationsFinderTest" time="0.0"/>
  <testcase name="shouldFindInvocationWithTheSameMethod" classname="org.mockito.internal.invocation.InvocationsFinderTest" time="0.0"/>
  <testcase name="shouldFindPreviousInOrder" classname="org.mockito.internal.invocation.InvocationsFinderTest" time="0.0"/>
  <testcase name="shouldGetLastStackTrace" classname="org.mockito.internal.invocation.InvocationsFinderTest" time="0.0"/>
  <testcase name="shouldFindAllMatchingUnverifiedChunks" classname="org.mockito.internal.invocation.InvocationsFinderTest" time="0.001"/>
  <testcase name="shouldFindMatchingChunk" classname="org.mockito.internal.invocation.InvocationsFinderTest" time="0.001"/>
  <testcase name="shouldReturnAllChunksWhenModeIsAtLeastOnce" classname="org.mockito.internal.invocation.InvocationsFinderTest" time="0.0"/>
  <testcase name="shouldReturnAllChunksWhenWantedCountDoesntMatch" classname="org.mockito.internal.invocation.InvocationsFinderTest" time="0.001"/>
  <testcase name="shouldFindFirstUnverifiedInOrderAndRespectSequenceNumber" classname="org.mockito.internal.invocation.InvocationsFinderTest" time="0.0"/>
  <testcase name="shouldFindFirstUnverifiedInvocationOnMock" classname="org.mockito.internal.invocation.InvocationsFinderTest" time="0.0"/>
  <testcase name="shouldFindActualInvocations" classname="org.mockito.internal.invocation.InvocationsFinderTest" time="0.0"/>
  <testcase name="shouldFindFirstUnverifiedInvocation" classname="org.mockito.internal.invocation.InvocationsFinderTest" time="0.0"/>
  <testcase name="shouldFindFirstUnverifiedInOrder" classname="org.mockito.internal.invocation.InvocationsFinderTest" time="0.001"/>
  <system-out><![CDATA[]]></system-out>
  <system-err><![CDATA[]]></system-err>
</testsuite>
