<?xml version="1.0" encoding="UTF-8"?>
<testsuite name="org.mockito.internal.matchers.EqualsTest" tests="11" skipped="0" failures="0" errors="0" timestamp="2017-06-13T19:53:55" hostname="set" time="0.002">
  <properties/>
  <testcase name="shouldArraysBeEqual" classname="org.mockito.internal.matchers.EqualsTest" time="0.0"/>
  <testcase name="shouldDescribeUsingToString" classname="org.mockito.internal.matchers.EqualsTest" time="0.0"/>
  <testcase name="shouldDescribeNull" classname="org.mockito.internal.matchers.EqualsTest" time="0.0"/>
  <testcase name="shouldMatchTypes" classname="org.mockito.internal.matchers.EqualsTest" time="0.0"/>
  <testcase name="shouldMatchTypesSafelyWhenActualIsNull" classname="org.mockito.internal.matchers.EqualsTest" time="0.0"/>
  <testcase name="shouldMatchTypesSafelyWhenGivenIsNull" classname="org.mockito.internal.matchers.EqualsTest" time="0.0"/>
  <testcase name="shouldBeEqual" classname="org.mockito.internal.matchers.EqualsTest" time="0.0"/>
  <testcase name="shouldDescribeWithExtraTypeInfo" classname="org.mockito.internal.matchers.EqualsTest" time="0.0"/>
  <testcase name="shouldDescribeWithExtraTypeInfoOfLong" classname="org.mockito.internal.matchers.EqualsTest" time="0.0"/>
  <testcase name="shouldAppendQuotingForString" classname="org.mockito.internal.matchers.EqualsTest" time="0.0"/>
  <testcase name="shouldAppendQuotingForChar" classname="org.mockito.internal.matchers.EqualsTest" time="0.001"/>
  <system-out><![CDATA[]]></system-out>
  <system-err><![CDATA[]]></system-err>
</testsuite>
