<?xml version="1.0" encoding="UTF-8"?>
<testsuite name="org.mockito.verification.TimeoutTest" tests="4" skipped="0" failures="0" errors="0" timestamp="2017-06-13T19:53:53" hostname="set" time="0.02">
  <properties/>
  <testcase name="should_pass_when_verification_passes" classname="org.mockito.verification.TimeoutTest" time="0.012"/>
  <testcase name="should_fail_because_verification_fails" classname="org.mockito.verification.TimeoutTest" time="0.003"/>
  <testcase name="should_pass_even_if_first_verification_fails" classname="org.mockito.verification.TimeoutTest" time="0.002"/>
  <testcase name="should_try_to_verify_correct_number_of_times" classname="org.mockito.verification.TimeoutTest" time="0.001"/>
  <system-out><![CDATA[]]></system-out>
  <system-err><![CDATA[]]></system-err>
</testsuite>
