<?xml version="1.0" encoding="UTF-8"?>
<testsuite name="org.mockitousage.stubbing.CallingRealMethodTest" tests="5" skipped="0" failures="0" errors="0" timestamp="2017-06-13T19:53:53" hostname="set" time="0.007">
  <properties/>
  <testcase name="shouldAllowCallingInternalMethod" classname="org.mockitousage.stubbing.CallingRealMethodTest" time="0.006"/>
  <testcase name="shouldReturnRealValue" classname="org.mockitousage.stubbing.CallingRealMethodTest" time="0.0"/>
  <testcase name="shouldExecuteRealMethod" classname="org.mockitousage.stubbing.CallingRealMethodTest" time="0.0"/>
  <testcase name="shouldCallRealMethodByDefault" classname="org.mockitousage.stubbing.CallingRealMethodTest" time="0.001"/>
  <testcase name="shouldNotCallRealMethodWhenStubbedLater" classname="org.mockitousage.stubbing.CallingRealMethodTest" time="0.0"/>
  <system-out><![CDATA[]]></system-out>
  <system-err><![CDATA[]]></system-err>
</testsuite>
