<?xml version="1.0" encoding="UTF-8"?>
<testsuite name="org.mockitousage.bugs.ShouldNotTryToInjectInFinalOrStaticFieldsTest" tests="2" skipped="0" failures="0" errors="0" timestamp="2017-06-13T19:53:47" hostname="set" time="0.001">
  <properties/>
  <testcase name="dont_fail_with_CONSTANTS" classname="org.mockitousage.bugs.ShouldNotTryToInjectInFinalOrStaticFieldsTest" time="0.001"/>
  <testcase name="dont_inject_in_final" classname="org.mockitousage.bugs.ShouldNotTryToInjectInFinalOrStaticFieldsTest" time="0.0"/>
  <system-out><![CDATA[]]></system-out>
  <system-err><![CDATA[]]></system-err>
</testsuite>
