<?xml version="1.0" encoding="UTF-8"?>
<testsuite name="org.mockitousage.verification.DescriptiveMessagesOnVerificationInOrderErrorsTest" tests="7" skipped="0" failures="0" errors="0" timestamp="2017-06-13T19:53:49" hostname="set" time="0.006">
  <properties/>
  <testcase name="shouldPrintVerificationInOrderErrorAndShowWantedOnly" classname="org.mockitousage.verification.DescriptiveMessagesOnVerificationInOrderErrorsTest" time="0.0"/>
  <testcase name="shouldPrintVerificationInOrderErrorAndShowBothWantedAndPrevious" classname="org.mockitousage.verification.DescriptiveMessagesOnVerificationInOrderErrorsTest" time="0.001"/>
  <testcase name="shouldPrintVerificationInOrderErrorAndShowWantedAndActual" classname="org.mockitousage.verification.DescriptiveMessagesOnVerificationInOrderErrorsTest" time="0.001"/>
  <testcase name="shouldNotSayArgumentsAreDifferent" classname="org.mockitousage.verification.DescriptiveMessagesOnVerificationInOrderErrorsTest" time="0.001"/>
  <testcase name="shouldPrintMethodThatWasNotInvoked" classname="org.mockitousage.verification.DescriptiveMessagesOnVerificationInOrderErrorsTest" time="0.001"/>
  <testcase name="shouldPrintTooManyInvocations" classname="org.mockitousage.verification.DescriptiveMessagesOnVerificationInOrderErrorsTest" time="0.001"/>
  <testcase name="shouldPrintTooLittleInvocations" classname="org.mockitousage.verification.DescriptiveMessagesOnVerificationInOrderErrorsTest" time="0.001"/>
  <system-out><![CDATA[]]></system-out>
  <system-err><![CDATA[]]></system-err>
</testsuite>
