<?xml version="1.0" encoding="UTF-8"?>
<testsuite name="org.mockitousage.annotation.AnnotationsTest" tests="4" skipped="0" failures="0" errors="0" timestamp="2017-06-13T19:53:53" hostname="set" time="0.016">
  <properties/>
  <testcase name="shouldInitMocks" classname="org.mockitousage.annotation.AnnotationsTest" time="0.004"/>
  <testcase name="shouldScreamWhenInitializingMocksForNullClass" classname="org.mockitousage.annotation.AnnotationsTest" time="0.003"/>
  <testcase name="shouldLookForAnnotatedMocksInSuperClasses" classname="org.mockitousage.annotation.AnnotationsTest" time="0.005"/>
  <testcase name="shouldInitMocksWithGivenSettings" classname="org.mockitousage.annotation.AnnotationsTest" time="0.004"/>
  <system-out><![CDATA[]]></system-out>
  <system-err><![CDATA[]]></system-err>
</testsuite>
