<?xml version="1.0" encoding="UTF-8"?>
<testsuite name="org.mockitousage.basicapi.ReplacingObjectMethodsTest" tests="3" skipped="0" failures="0" errors="0" timestamp="2017-06-13T19:53:47" hostname="set" time="0.017">
  <properties/>
  <testcase name="shouldProvideMockyImplementationOfToString" classname="org.mockitousage.basicapi.ReplacingObjectMethodsTest" time="0.007"/>
  <testcase name="shouldReplaceObjectMethods" classname="org.mockitousage.basicapi.ReplacingObjectMethodsTest" time="0.006"/>
  <testcase name="shouldReplaceObjectMethodsWhenOverridden" classname="org.mockitousage.basicapi.ReplacingObjectMethodsTest" time="0.004"/>
  <system-out><![CDATA[]]></system-out>
  <system-err><![CDATA[]]></system-err>
</testsuite>
