<?xml version="1.0" encoding="UTF-8"?>
<testsuite name="org.mockitousage.misuse.DescriptiveMessagesOnMisuseTest" tests="8" skipped="0" failures="0" errors="0" timestamp="2017-06-13T19:53:47" hostname="set" time="0.01">
  <properties/>
  <testcase name="tryDescriptiveMessagesOnMisuse" classname="org.mockitousage.misuse.DescriptiveMessagesOnMisuseTest" time="0.006"/>
  <testcase name="shouldScreamWhenWholeMethodPassedToVerify" classname="org.mockitousage.misuse.DescriptiveMessagesOnMisuseTest" time="0.001"/>
  <testcase name="shouldScreamWhenInOrderCreatedWithDodgyMock" classname="org.mockitousage.misuse.DescriptiveMessagesOnMisuseTest" time="0.0"/>
  <testcase name="shouldScreamWhenInOrderCreatedWithNulls" classname="org.mockitousage.misuse.DescriptiveMessagesOnMisuseTest" time="0.001"/>
  <testcase name="shouldScreamNullPassedToVerify" classname="org.mockitousage.misuse.DescriptiveMessagesOnMisuseTest" time="0.0"/>
  <testcase name="shouldScreamWhenNotMockPassedToVerifyNoMoreInteractions" classname="org.mockitousage.misuse.DescriptiveMessagesOnMisuseTest" time="0.0"/>
  <testcase name="shouldScreamWhenNullPassedToVerifyNoMoreInteractions" classname="org.mockitousage.misuse.DescriptiveMessagesOnMisuseTest" time="0.001"/>
  <testcase name="shouldScreamWhenWholeMethodPassedToVerifyNoMoreInteractions" classname="org.mockitousage.misuse.DescriptiveMessagesOnMisuseTest" time="0.0"/>
  <system-out><![CDATA[]]></system-out>
  <system-err><![CDATA[]]></system-err>
</testsuite>
