<?xml version="1.0" encoding="UTF-8"?>
<testsuite name="org.mockito.MockingDetailsTest" tests="2" skipped="0" failures="0" errors="0" timestamp="2017-06-13T19:53:53" hostname="set" time="0.001">
  <properties/>
  <testcase name="should_handle_null_input" classname="org.mockito.MockingDetailsTest" time="0.0"/>
  <testcase name="should_provide_invocations" classname="org.mockito.MockingDetailsTest" time="0.001"/>
  <system-out><![CDATA[]]></system-out>
  <system-err><![CDATA[]]></system-err>
</testsuite>
