<?xml version="1.0" encoding="UTF-8"?>
<testsuite name="org.mockitousage.bugs.IOOBExceptionShouldNotBeThrownWhenNotCodingFluentlyTest" tests="1" skipped="0" failures="0" errors="0" timestamp="2017-06-13T19:53:47" hostname="set" time="0.028">
  <properties/>
  <testcase name="second_stubbing_throws_IndexOutOfBoundsException" classname="org.mockitousage.bugs.IOOBExceptionShouldNotBeThrownWhenNotCodingFluentlyTest" time="0.028"/>
  <system-out><![CDATA[]]></system-out>
  <system-err><![CDATA[]]></system-err>
</testsuite>
