<?xml version="1.0" encoding="UTF-8"?>
<testsuite name="org.mockitousage.bugs.SpyShouldHaveNiceNameTest" tests="1" skipped="0" failures="0" errors="0" timestamp="2017-06-13T19:53:47" hostname="set" time="0.083">
  <properties/>
  <testcase name="shouldPrintNiceName" classname="org.mockitousage.bugs.SpyShouldHaveNiceNameTest" time="0.083"/>
  <system-out><![CDATA[]]></system-out>
  <system-err><![CDATA[]]></system-err>
</testsuite>
