<?xml version="1.0" encoding="UTF-8"?>
<testsuite name="org.mockito.internal.util.io.IOUtilTest" tests="2" skipped="0" failures="0" errors="0" timestamp="2017-06-13T19:53:55" hostname="set" time="0.001">
  <properties/>
  <testcase name="closes_streams" classname="org.mockito.internal.util.io.IOUtilTest" time="0.0"/>
  <testcase name="writes_reads_files" classname="org.mockito.internal.util.io.IOUtilTest" time="0.001"/>
  <system-out><![CDATA[]]></system-out>
  <system-err><![CDATA[]]></system-err>
</testsuite>
