<?xml version="1.0" encoding="UTF-8"?>
<testsuite name="org.mockitousage.examples.use.ExampleTest" tests="5" skipped="0" failures="0" errors="0" timestamp="2017-06-13T19:53:53" hostname="set" time="0.004">
  <properties/>
  <testcase name="managerCountsArticlesAndSavesThemInTheDatabase" classname="org.mockitousage.examples.use.ExampleTest" time="0.001"/>
  <testcase name="managerCountsArticlesUsingCalculator" classname="org.mockitousage.examples.use.ExampleTest" time="0.001"/>
  <testcase name="managerSavesArticlesInTheDatabase" classname="org.mockitousage.examples.use.ExampleTest" time="0.0"/>
  <testcase name="managerUpdatesNumberOfRelatedArticles" classname="org.mockitousage.examples.use.ExampleTest" time="0.0"/>
  <testcase name="shouldPersistRecalculatedArticle" classname="org.mockitousage.examples.use.ExampleTest" time="0.0"/>
  <system-out><![CDATA[]]></system-out>
  <system-err><![CDATA[]]></system-err>
</testsuite>
