<?xml version="1.0" encoding="UTF-8"?>
<testsuite name="org.mockitousage.bugs.deepstubs.DeepStubFailingWhenGenericNestedAsRawTypeTest" tests="1" skipped="0" failures="0" errors="0" timestamp="2017-06-13T19:53:47" hostname="set" time="0.022">
  <properties/>
  <testcase name="discoverDeepMockingOfGenerics" classname="org.mockitousage.bugs.deepstubs.DeepStubFailingWhenGenericNestedAsRawTypeTest" time="0.022"/>
  <system-out><![CDATA[]]></system-out>
  <system-err><![CDATA[]]></system-err>
</testsuite>
