<?xml version="1.0" encoding="UTF-8"?>
<testsuite name="org.mockito.internal.exceptions.stacktrace.ConditionalStackTraceFilterTest" tests="2" skipped="0" failures="0" errors="0" timestamp="2017-06-13T19:53:53" hostname="set" time="0.0">
  <properties/>
  <testcase name="shouldNotFilterWhenConfigurationSaysNo" classname="org.mockito.internal.exceptions.stacktrace.ConditionalStackTraceFilterTest" time="0.0"/>
  <testcase name="shouldFilterWhenConfigurationSaysYes" classname="org.mockito.internal.exceptions.stacktrace.ConditionalStackTraceFilterTest" time="0.0"/>
  <system-out><![CDATA[]]></system-out>
  <system-err><![CDATA[]]></system-err>
</testsuite>
