<?xml version="1.0" encoding="UTF-8"?>
<testsuite name="org.mockitousage.verification.VerificationAfterDelayTest" tests="5" skipped="0" failures="0" errors="0" timestamp="2017-06-13T19:53:48" hostname="set" time="0.158">
  <properties/>
  <testcase name="shouldVerifyNormallyWithSpecificTimes" classname="org.mockitousage.verification.VerificationAfterDelayTest" time="0.052"/>
  <testcase name="shouldVerifyNormallyWithAtLeast" classname="org.mockitousage.verification.VerificationAfterDelayTest" time="0.0"/>
  <testcase name="shouldFailVerificationWithWrongTimes" classname="org.mockitousage.verification.VerificationAfterDelayTest" time="0.001"/>
  <testcase name="shouldWaitTheFullTimeIfTheTestCouldPass" classname="org.mockitousage.verification.VerificationAfterDelayTest" time="0.104"/>
  <testcase name="shouldStopEarlyIfTestIsDefinitelyFailed" classname="org.mockitousage.verification.VerificationAfterDelayTest" time="0.001"/>
  <system-out><![CDATA[]]></system-out>
  <system-err><![CDATA[]]></system-err>
</testsuite>
