<?xml version="1.0" encoding="UTF-8"?>
<testsuite name="org.mockitousage.junitrunner.JUnit44RunnerTest" tests="3" skipped="0" failures="0" errors="0" timestamp="2017-06-13T19:53:53" hostname="set" time="0.001">
  <properties/>
  <testcase name="shouldInitMocksUsingRunner" classname="org.mockitousage.junitrunner.JUnit44RunnerTest" time="0.0"/>
  <testcase name="shouldInjectMocksUsingRunner" classname="org.mockitousage.junitrunner.JUnit44RunnerTest" time="0.0"/>
  <testcase name="shouldFilterTestMethodsCorrectly" classname="org.mockitousage.junitrunner.JUnit44RunnerTest" time="0.0"/>
  <system-out><![CDATA[]]></system-out>
  <system-err><![CDATA[]]></system-err>
</testsuite>
