<?xml version="1.0" encoding="UTF-8"?>
<testsuite name="org.mockitousage.bugs.NPEWhenMockingThrowablesTest" tests="1" skipped="0" failures="0" errors="0" timestamp="2017-06-13T19:53:46" hostname="set" time="0.039">
  <properties/>
  <testcase name="shouldNotThrowNPE" classname="org.mockitousage.bugs.NPEWhenMockingThrowablesTest" time="0.039"/>
  <system-out><![CDATA[]]></system-out>
  <system-err><![CDATA[]]></system-err>
</testsuite>
