<?xml version="1.0" encoding="UTF-8"?>
<testsuite name="org.mockito.internal.stubbing.answers.ReturnsArgumentAtTest" tests="5" skipped="0" failures="0" errors="0" timestamp="2017-06-13T19:53:55" hostname="set" time="0.001">
  <properties/>
  <testcase name="should_be_able_to_return_the_last_parameter" classname="org.mockito.internal.stubbing.answers.ReturnsArgumentAtTest" time="0.0"/>
  <testcase name="should_be_able_to_return_the_second_parameter" classname="org.mockito.internal.stubbing.answers.ReturnsArgumentAtTest" time="0.001"/>
  <testcase name="should_be_able_to_return_the_first_parameter" classname="org.mockito.internal.stubbing.answers.ReturnsArgumentAtTest" time="0.0"/>
  <testcase name="should_be_able_to_return_the_specified_parameter" classname="org.mockito.internal.stubbing.answers.ReturnsArgumentAtTest" time="0.0"/>
  <testcase name="should_raise_an_exception_if_index_is_not_in_allowed_range_at_creation_time" classname="org.mockito.internal.stubbing.answers.ReturnsArgumentAtTest" time="0.0"/>
  <system-out><![CDATA[]]></system-out>
  <system-err><![CDATA[]]></system-err>
</testsuite>
