<?xml version="1.0" encoding="UTF-8"?>
<testsuite name="org.mockitousage.verification.DescriptiveMessagesWhenTimesXVerificationFailsTest" tests="2" skipped="0" failures="0" errors="0" timestamp="2017-06-13T19:53:49" hostname="set" time="0.002">
  <properties/>
  <testcase name="shouldVerifyActualNumberOfInvocationsSmallerThanWanted" classname="org.mockitousage.verification.DescriptiveMessagesWhenTimesXVerificationFailsTest" time="0.001"/>
  <testcase name="shouldVerifyActualNumberOfInvocationsLargerThanWanted" classname="org.mockitousage.verification.DescriptiveMessagesWhenTimesXVerificationFailsTest" time="0.001"/>
  <system-out><![CDATA[]]></system-out>
  <system-err><![CDATA[]]></system-err>
</testsuite>
