<?xml version="1.0" encoding="UTF-8"?>
<testsuite name="org.mockito.internal.verification.checkers.NumberOfInvocationsCheckerTest" tests="7" skipped="0" failures="0" errors="0" timestamp="2017-06-13T19:53:55" hostname="set" time="0.002">
  <properties/>
  <testcase name="shouldMarkInvocationsAsVerified" classname="org.mockito.internal.verification.checkers.NumberOfInvocationsCheckerTest" time="0.0"/>
  <testcase name="shouldReportTooLittleActual" classname="org.mockito.internal.verification.checkers.NumberOfInvocationsCheckerTest" time="0.0"/>
  <testcase name="shouldReportWithLastInvocationStackTrace" classname="org.mockito.internal.verification.checkers.NumberOfInvocationsCheckerTest" time="0.001"/>
  <testcase name="shouldNotReportWithLastInvocationStackTraceIfNoInvocationsFound" classname="org.mockito.internal.verification.checkers.NumberOfInvocationsCheckerTest" time="0.0"/>
  <testcase name="shouldReportWithFirstUndesiredInvocationStackTrace" classname="org.mockito.internal.verification.checkers.NumberOfInvocationsCheckerTest" time="0.0"/>
  <testcase name="shouldReportTooManyActual" classname="org.mockito.internal.verification.checkers.NumberOfInvocationsCheckerTest" time="0.0"/>
  <testcase name="shouldReportNeverWantedButInvoked" classname="org.mockito.internal.verification.checkers.NumberOfInvocationsCheckerTest" time="0.0"/>
  <system-out><![CDATA[]]></system-out>
  <system-err><![CDATA[]]></system-err>
</testsuite>
