<?xml version="1.0" encoding="UTF-8"?>
<testsuite name="org.mockito.internal.runners.util.RunnerProviderTest" tests="2" skipped="0" failures="0" errors="0" timestamp="2017-06-13T19:53:55" hostname="set" time="0.0">
  <properties/>
  <testcase name="shouldKnowAboutJUnit45" classname="org.mockito.internal.runners.util.RunnerProviderTest" time="0.0"/>
  <testcase name="shouldCreateRunnerInstance" classname="org.mockito.internal.runners.util.RunnerProviderTest" time="0.0"/>
  <system-out><![CDATA[]]></system-out>
  <system-err><![CDATA[]]></system-err>
</testsuite>
