<?xml version="1.0" encoding="UTF-8"?>
<testsuite name="org.mockitousage.basicapi.MocksSerializationForAnnotationTest" tests="21" skipped="0" failures="0" errors="0" timestamp="2017-06-13T19:53:48" hostname="set" time="0.156">
  <properties/>
  <testcase name="should_allow_throws_exception_to_be_serializable" classname="org.mockitousage.basicapi.MocksSerializationForAnnotationTest" time="0.023"/>
  <testcase name="should_allow_mock_to_be_serializable" classname="org.mockitousage.basicapi.MocksSerializationForAnnotationTest" time="0.004"/>
  <testcase name="should_allow_mock_and_boolean_value_to_serializable" classname="org.mockitousage.basicapi.MocksSerializationForAnnotationTest" time="0.008"/>
  <testcase name="should_allow_mock_and_string_value_to_be_serializable" classname="org.mockitousage.basicapi.MocksSerializationForAnnotationTest" time="0.007"/>
  <testcase name="should_all_mock_and_serializable_value_to_be_serialized" classname="org.mockitousage.basicapi.MocksSerializationForAnnotationTest" time="0.008"/>
  <testcase name="should_serialize_method_call_with_parameters_that_are_serializable" classname="org.mockitousage.basicapi.MocksSerializationForAnnotationTest" time="0.007"/>
  <testcase name="should_serialize_method_calls_using_any_string_matcher" classname="org.mockitousage.basicapi.MocksSerializationForAnnotationTest" time="0.009"/>
  <testcase name="should_verify_called_n_times_for_serialized_mock" classname="org.mockitousage.basicapi.MocksSerializationForAnnotationTest" time="0.01"/>
  <testcase name="should_verify_even_if_some_methods_called_after_serialization" classname="org.mockitousage.basicapi.MocksSerializationForAnnotationTest" time="0.007"/>
  <testcase name="should_serialization_work" classname="org.mockitousage.basicapi.MocksSerializationForAnnotationTest" time="0.008"/>
  <testcase name="should_stub_even_if_some_methods_called_after_serialization" classname="org.mockitousage.basicapi.MocksSerializationForAnnotationTest" time="0.007"/>
  <testcase name="should_verify_call_order_for_serialized_mock" classname="org.mockitousage.basicapi.MocksSerializationForAnnotationTest" time="0.009"/>
  <testcase name="should_remember_interactions_for_serialized_mock" classname="org.mockitousage.basicapi.MocksSerializationForAnnotationTest" time="0.007"/>
  <testcase name="should_serialize_with_stubbing_callback" classname="org.mockitousage.basicapi.MocksSerializationForAnnotationTest" time="0.007"/>
  <testcase name="should_serialize_with_real_object_spy" classname="org.mockitousage.basicapi.MocksSerializationForAnnotationTest" time="0.005"/>
  <testcase name="should_serialize_object_mock" classname="org.mockitousage.basicapi.MocksSerializationForAnnotationTest" time="0.003"/>
  <testcase name="should_serialize_real_partial_mock" classname="org.mockitousage.basicapi.MocksSerializationForAnnotationTest" time="0.004"/>
  <testcase name="should_serialize_already_serializable_class" classname="org.mockitousage.basicapi.MocksSerializationForAnnotationTest" time="0.006"/>
  <testcase name="should_be_serialize_and_have_extra_interfaces" classname="org.mockitousage.basicapi.MocksSerializationForAnnotationTest" time="0.002"/>
  <testcase name="should_fail_when_serializable_used_with_type_that_dont_implements_Serializable_and_dont_declare_a_no_arg_constructor" classname="org.mockitousage.basicapi.MocksSerializationForAnnotationTest" time="0.002"/>
  <testcase name="should_be_able_to_serialize_type_that_implements_Serializable_but_but_dont_declare_a_no_arg_constructor" classname="org.mockitousage.basicapi.MocksSerializationForAnnotationTest" time="0.011"/>
  <system-out><![CDATA[]]></system-out>
  <system-err><![CDATA[]]></system-err>
</testsuite>
