<?xml version="1.0" encoding="UTF-8"?>
<testsuite name="org.mockito.internal.stubbing.InvocationContainerImplTest" tests="6" skipped="0" failures="0" errors="0" timestamp="2017-06-13T19:53:55" hostname="set" time="0.063">
  <properties/>
  <testcase name="should_be_thread_safe" classname="org.mockito.internal.stubbing.InvocationContainerImplTest" time="0.025"/>
  <testcase name="should_be_thread_safe_stub_only" classname="org.mockito.internal.stubbing.InvocationContainerImplTest" time="0.037"/>
  <testcase name="should_return_invoked_mock" classname="org.mockito.internal.stubbing.InvocationContainerImplTest" time="0.0"/>
  <testcase name="should_return_invoked_mock_stub_only" classname="org.mockito.internal.stubbing.InvocationContainerImplTest" time="0.0"/>
  <testcase name="should_tell_if_has_invocation_for_potential_stubbing" classname="org.mockito.internal.stubbing.InvocationContainerImplTest" time="0.001"/>
  <testcase name="should_tell_if_has_invocation_for_potential_stubbing_stub_only" classname="org.mockito.internal.stubbing.InvocationContainerImplTest" time="0.0"/>
  <system-out><![CDATA[]]></system-out>
  <system-err><![CDATA[]]></system-err>
</testsuite>
