<?xml version="1.0" encoding="UTF-8"?>
<testsuite name="org.mockitousage.constructor.CreatingMocksWithConstructorTest" tests="11" skipped="0" failures="0" errors="0" timestamp="2017-06-13T19:53:48" hostname="set" time="0.039">
  <properties/>
  <testcase name="can_create_mock_with_constructor" classname="org.mockitousage.constructor.CreatingMocksWithConstructorTest" time="0.008"/>
  <testcase name="can_mock_abstract_classes" classname="org.mockitousage.constructor.CreatingMocksWithConstructorTest" time="0.006"/>
  <testcase name="abstract_method_stubbed" classname="org.mockitousage.constructor.CreatingMocksWithConstructorTest" time="0.008"/>
  <testcase name="calls_real_interface_method" classname="org.mockitousage.constructor.CreatingMocksWithConstructorTest" time="0.001"/>
  <testcase name="can_spy_abstract_classes" classname="org.mockitousage.constructor.CreatingMocksWithConstructorTest" time="0.0"/>
  <testcase name="can_mock_inner_classes" classname="org.mockitousage.constructor.CreatingMocksWithConstructorTest" time="0.007"/>
  <testcase name="exception_message_when_constructor_not_found" classname="org.mockitousage.constructor.CreatingMocksWithConstructorTest" time="0.006"/>
  <testcase name="mocking_inner_classes_with_wrong_outer_instance" classname="org.mockitousage.constructor.CreatingMocksWithConstructorTest" time="0.0"/>
  <testcase name="mocking_interfaces_with_constructor" classname="org.mockitousage.constructor.CreatingMocksWithConstructorTest" time="0.001"/>
  <testcase name="prevents_across_jvm_serialization_with_constructor" classname="org.mockitousage.constructor.CreatingMocksWithConstructorTest" time="0.0"/>
  <testcase name="abstract_method_returns_default" classname="org.mockitousage.constructor.CreatingMocksWithConstructorTest" time="0.001"/>
  <system-out><![CDATA[]]></system-out>
  <system-err><![CDATA[]]></system-err>
</testsuite>
