<?xml version="1.0" encoding="UTF-8"?>
<testsuite name="org.mockitousage.misuse.ExplicitFrameworkValidationTest" tests="3" skipped="0" failures="0" errors="0" timestamp="2017-06-13T19:53:47" hostname="set" time="0.002">
  <properties/>
  <testcase name="shouldDetectUnfinishedStubbing" classname="org.mockitousage.misuse.ExplicitFrameworkValidationTest" time="0.001"/>
  <testcase name="shouldValidateExplicitly" classname="org.mockitousage.misuse.ExplicitFrameworkValidationTest" time="0.001"/>
  <testcase name="shouldDetectMisplacedArgumentMatcher" classname="org.mockitousage.misuse.ExplicitFrameworkValidationTest" time="0.0"/>
  <system-out><![CDATA[]]></system-out>
  <system-err><![CDATA[]]></system-err>
</testsuite>
