<?xml version="1.0" encoding="UTF-8"?>
<testsuite name="org.mockitousage.basicapi.MocksCreationTest" tests="7" skipped="0" failures="0" errors="0" timestamp="2017-06-13T19:53:47" hostname="set" time="0.111">
  <properties/>
  <testcase name="shouldCreateMockWhenConstructorIsPrivate" classname="org.mockitousage.basicapi.MocksCreationTest" time="0.007"/>
  <testcase name="shouldCombineMockNameAndSmartNulls" classname="org.mockitousage.basicapi.MocksCreationTest" time="0.002"/>
  <testcase name="shouldCombineMockNameAndExtraInterfaces" classname="org.mockitousage.basicapi.MocksCreationTest" time="0.1"/>
  <testcase name="shouldSpecifyMockNameViaSettings" classname="org.mockitousage.basicapi.MocksCreationTest" time="0.0"/>
  <testcase name="shouldScreamWhenSpyCreatedWithWrongType" classname="org.mockitousage.basicapi.MocksCreationTest" time="0.001"/>
  <testcase name="shouldAllowInlineMockCreation" classname="org.mockitousage.basicapi.MocksCreationTest" time="0.0"/>
  <testcase name="shouldAllowCreatingSpiesWithCorrectType" classname="org.mockitousage.basicapi.MocksCreationTest" time="0.0"/>
  <system-out><![CDATA[]]></system-out>
  <system-err><![CDATA[]]></system-err>
</testsuite>
