<?xml version="1.0" encoding="UTF-8"?>
<testsuite name="org.mockitointegration.NoJUnitDependenciesTest" tests="1" skipped="0" failures="0" errors="0" timestamp="2017-06-13T19:53:45" hostname="set" time="0.13">
  <properties/>
  <testcase name="pure_mockito_should_not_depend_JUnit___ByteBuddy" classname="org.mockitointegration.NoJUnitDependenciesTest" time="0.13"/>
  <system-out><![CDATA[]]></system-out>
  <system-err><![CDATA[]]></system-err>
</testsuite>
