<?xml version="1.0" encoding="UTF-8"?>
<testsuite name="org.concurrentmockito.ThreadsStubSharedMockTest" tests="1" skipped="1" failures="0" errors="0" timestamp="2017-06-13T19:53:43" hostname="set" time="0.0">
  <properties/>
  <testcase name="shouldStubFineConcurrently" classname="org.concurrentmockito.ThreadsStubSharedMockTest" time="0.0">
    <skipped/>
  </testcase>
  <system-out><![CDATA[]]></system-out>
  <system-err><![CDATA[]]></system-err>
</testsuite>
