<?xml version="1.0" encoding="UTF-8"?>
<testsuite name="org.mockito.internal.invocation.InvocationImplTest" tests="14" skipped="0" failures="0" errors="0" timestamp="2017-06-13T19:53:55" hostname="set" time="0.007">
  <properties/>
  <testcase name="shouldBeAbleToCallRealMethod" classname="org.mockito.internal.invocation.InvocationImplTest" time="0.0"/>
  <testcase name="shouldTransformArgumentsToMatchers" classname="org.mockito.internal.invocation.InvocationImplTest" time="0.0"/>
  <testcase name="shouldPrintArray" classname="org.mockito.internal.invocation.InvocationImplTest" time="0.0"/>
  <testcase name="shouldPrintNullIfArrayIsNull" classname="org.mockito.internal.invocation.InvocationImplTest" time="0.0"/>
  <testcase name="shouldPrintArgumentsInMultilinesWhenGetsTooBig" classname="org.mockito.internal.invocation.InvocationImplTest" time="0.0"/>
  <testcase name="shouldEqualToNotConsiderSequenceNumber" classname="org.mockito.internal.invocation.InvocationImplTest" time="0.0"/>
  <testcase name="shouldScreamWhenCallingRealMethodOnInterface" classname="org.mockito.internal.invocation.InvocationImplTest" time="0.0"/>
  <testcase name="shouldReturnCastedArgumentAt" classname="org.mockito.internal.invocation.InvocationImplTest" time="0.0"/>
  <testcase name="shouldPrintMethodIntegerArgAndString" classname="org.mockito.internal.invocation.InvocationImplTest" time="0.0"/>
  <testcase name="shouldBeACitizenOfHashes" classname="org.mockito.internal.invocation.InvocationImplTest" time="0.001"/>
  <testcase name="shouldPrintMethodName" classname="org.mockito.internal.invocation.InvocationImplTest" time="0.0"/>
  <testcase name="shouldPrintMethodArgs" classname="org.mockito.internal.invocation.InvocationImplTest" time="0.0"/>
  <testcase name="shouldPrintNull" classname="org.mockito.internal.invocation.InvocationImplTest" time="0.001"/>
  <testcase name="shouldKnowIfIsEqualTo" classname="org.mockito.internal.invocation.InvocationImplTest" time="0.001"/>
  <system-out><![CDATA[]]></system-out>
  <system-err><![CDATA[]]></system-err>
</testsuite>
