<?xml version="1.0" encoding="UTF-8"?>
<testsuite name="org.mockitousage.stubbing.ReturningDefaultValuesTest" tests="4" skipped="0" failures="0" errors="0" timestamp="2017-06-13T19:53:53" hostname="set" time="0.008">
  <properties/>
  <testcase name="shouldReturnAllKindsOfPrimitives" classname="org.mockitousage.stubbing.ReturningDefaultValuesTest" time="0.0"/>
  <testcase name="shouldReturnTheSameValuesForWrapperClasses" classname="org.mockitousage.stubbing.ReturningDefaultValuesTest" time="0.0"/>
  <testcase name="shouldReturnEmptyCollections" classname="org.mockitousage.stubbing.ReturningDefaultValuesTest" time="0.007"/>
  <testcase name="shouldReturnMutableEmptyCollection" classname="org.mockitousage.stubbing.ReturningDefaultValuesTest" time="0.001"/>
  <system-out><![CDATA[]]></system-out>
  <system-err><![CDATA[]]></system-err>
</testsuite>
