<?xml version="1.0" encoding="UTF-8"?>
<testsuite name="org.mockito.internal.matchers.LocalizedMatcherTest" tests="5" skipped="0" failures="0" errors="0" timestamp="2017-06-13T19:53:55" hostname="set" time="0.001">
  <properties/>
  <testcase name="shouldDelegateToCapturingMatcher" classname="org.mockito.internal.matchers.LocalizedMatcherTest" time="0.0"/>
  <testcase name="shouldMatchTypesWhenActualMatcherHasCorrectType" classname="org.mockito.internal.matchers.LocalizedMatcherTest" time="0.0"/>
  <testcase name="shouldNotDescribeWithTypeInfoWhenActualMatcherDoesNotHaveCorrectType" classname="org.mockito.internal.matchers.LocalizedMatcherTest" time="0.0"/>
  <testcase name="shouldNotMatchTypesWhenActualMatcherDoesNotHaveCorrectType" classname="org.mockito.internal.matchers.LocalizedMatcherTest" time="0.0"/>
  <testcase name="shouldDescribeWithTypeInfoWhenActualMatcherHasCorrectType" classname="org.mockito.internal.matchers.LocalizedMatcherTest" time="0.0"/>
  <system-out><![CDATA[]]></system-out>
  <system-err><![CDATA[]]></system-err>
</testsuite>
