<?xml version="1.0" encoding="UTF-8"?>
<testsuite name="org.mockitousage.bugs.BridgeMethodsHitAgainTest" tests="2" skipped="0" failures="0" errors="0" timestamp="2017-06-13T19:53:47" hostname="set" time="0.031">
  <properties/>
  <testcase name="checkWithExtraCast" classname="org.mockitousage.bugs.BridgeMethodsHitAgainTest" time="0.03"/>
  <testcase name="basicCheck" classname="org.mockitousage.bugs.BridgeMethodsHitAgainTest" time="0.001"/>
  <system-out><![CDATA[]]></system-out>
  <system-err><![CDATA[]]></system-err>
</testsuite>
