<?xml version="1.0" encoding="UTF-8"?>
<testsuite name="org.mockitoutil.CustomAssertionsTest" tests="3" skipped="0" failures="0" errors="0" timestamp="2017-06-13T19:53:45" hostname="set" time="0.002">
  <properties/>
  <testcase name="shouldKnowWhenStringContainsIgnoringCase" classname="org.mockitoutil.CustomAssertionsTest" time="0.001"/>
  <testcase name="shouldKnowWhenStringDoesNotContainIgnoringCase" classname="org.mockitoutil.CustomAssertionsTest" time="0.001"/>
  <testcase name="shouldKnowWhenStringDoesNotContainIgnoringCase2" classname="org.mockitoutil.CustomAssertionsTest" time="0.0"/>
  <system-out><![CDATA[]]></system-out>
  <system-err><![CDATA[]]></system-err>
</testsuite>
