<?xml version="1.0" encoding="UTF-8"?>
<testsuite name="org.mockito.internal.util.reflection.FieldsTest" tests="5" skipped="0" failures="0" errors="0" timestamp="2017-06-13T19:53:55" hostname="set" time="0.003">
  <properties/>
  <testcase name="can_filter_not_null_fields" classname="org.mockito.internal.util.reflection.FieldsTest" time="0.002"/>
  <testcase name="fields_should_return_all_declared_fields_in_hierarchy" classname="org.mockito.internal.util.reflection.FieldsTest" time="0.001"/>
  <testcase name="fields_should_return_declared_fields" classname="org.mockito.internal.util.reflection.FieldsTest" time="0.0"/>
  <testcase name="can_get_values_of_instance_fields" classname="org.mockito.internal.util.reflection.FieldsTest" time="0.0"/>
  <testcase name="can_get_list_of_InstanceField" classname="org.mockito.internal.util.reflection.FieldsTest" time="0.0"/>
  <system-out><![CDATA[]]></system-out>
  <system-err><![CDATA[]]></system-err>
</testsuite>
