<?xml version="1.0" encoding="UTF-8"?>
<testsuite name="org.concurrentmockito.VerificationInOrderFromMultipleThreadsTest" tests="1" skipped="0" failures="0" errors="0" timestamp="2017-06-13T19:53:45" hostname="set" time="0.028">
  <properties/>
  <testcase name="shouldVerifyInOrderWhenMultipleThreadsInteractWithMock" classname="org.concurrentmockito.VerificationInOrderFromMultipleThreadsTest" time="0.028"/>
  <system-out><![CDATA[]]></system-out>
  <system-err><![CDATA[]]></system-err>
</testsuite>
