<?xml version="1.0" encoding="UTF-8"?>
<testsuite name="org.mockitousage.annotation.CaptorAnnotationTest" tests="5" skipped="0" failures="0" errors="0" timestamp="2017-06-13T19:53:53" hostname="set" time="0.017">
  <properties/>
  <testcase name="testNormalUsage" classname="org.mockitousage.annotation.CaptorAnnotationTest" time="0.006"/>
  <testcase name="shouldScreamWhenInitializingCaptorsForNullClass" classname="org.mockitousage.annotation.CaptorAnnotationTest" time="0.0"/>
  <testcase name="shouldLookForAnnotatedCaptorsInSuperClasses" classname="org.mockitousage.annotation.CaptorAnnotationTest" time="0.002"/>
  <testcase name="shouldScreamWhenWrongTypeForCaptor" classname="org.mockitousage.annotation.CaptorAnnotationTest" time="0.001"/>
  <testcase name="shouldScreamWhenMoreThanOneMockitoAnnotaton" classname="org.mockitousage.annotation.CaptorAnnotationTest" time="0.007"/>
  <system-out><![CDATA[]]></system-out>
  <system-err><![CDATA[]]></system-err>
</testsuite>
