<?xml version="1.0" encoding="UTF-8"?>
<testsuite name="org.mockitousage.bugs.NPEWithCertainMatchersTest" tests="6" skipped="0" failures="0" errors="0" timestamp="2017-06-13T19:53:47" hostname="set" time="0.007">
  <properties/>
  <testcase name="shouldNotThrowNPEWhenIntPassed" classname="org.mockitousage.bugs.NPEWithCertainMatchersTest" time="0.0"/>
  <testcase name="shouldNotThrowNPEWhenIntegerPassedToEq" classname="org.mockitousage.bugs.NPEWithCertainMatchersTest" time="0.0"/>
  <testcase name="shouldNotThrowNPEWhenIntegerPassedToSame" classname="org.mockitousage.bugs.NPEWithCertainMatchersTest" time="0.001"/>
  <testcase name="shouldNotThrowNPEWhenNullPassedToEq" classname="org.mockitousage.bugs.NPEWithCertainMatchersTest" time="0.003"/>
  <testcase name="shouldNotThrowNPEWhenNullPassedToSame" classname="org.mockitousage.bugs.NPEWithCertainMatchersTest" time="0.001"/>
  <testcase name="shouldNotThrowNPEWhenIntegerPassed" classname="org.mockitousage.bugs.NPEWithCertainMatchersTest" time="0.0"/>
  <system-out><![CDATA[]]></system-out>
  <system-err><![CDATA[]]></system-err>
</testsuite>
