<?xml version="1.0" encoding="UTF-8"?>
<testsuite name="org.mockito.MockitoTest" tests="8" skipped="0" failures="0" errors="0" timestamp="2017-06-13T19:53:53" hostname="set" time="0.002">
  <properties/>
  <testcase name="shouldValidateMockWhenVerifying" classname="org.mockito.MockitoTest" time="0.0"/>
  <testcase name="shouldValidateMockWhenVerifyingWithExpectedNumberOfInvocations" classname="org.mockito.MockitoTest" time="0.0"/>
  <testcase name="shouldValidateMockWhenVerifyingNoMoreInteractions" classname="org.mockito.MockitoTest" time="0.0"/>
  <testcase name="shouldRemoveStubbableFromProgressAfterStubbing" classname="org.mockito.MockitoTest" time="0.001"/>
  <testcase name="shouldValidateMockWhenVerifyingZeroInteractions" classname="org.mockito.MockitoTest" time="0.0"/>
  <testcase name="shouldValidateMockWhenStubbingVoid" classname="org.mockito.MockitoTest" time="0.0"/>
  <testcase name="shouldValidateMockWhenCreatingInOrderObject" classname="org.mockito.MockitoTest" time="0.0"/>
  <testcase name="shouldStartingMockSettingsContainDefaultBehavior" classname="org.mockito.MockitoTest" time="0.001"/>
  <system-out><![CDATA[]]></system-out>
  <system-err><![CDATA[]]></system-err>
</testsuite>
