<?xml version="1.0" encoding="UTF-8"?>
<testsuite name="org.mockitousage.bugs.StubbingMocksThatAreConfiguredToReturnMocksTest" tests="2" skipped="0" failures="0" errors="0" timestamp="2017-06-13T19:53:47" hostname="set" time="0.007">
  <properties/>
  <testcase name="shouldAllowStubbingMocksConfiguredWithRETURNS_MOCKS" classname="org.mockitousage.bugs.StubbingMocksThatAreConfiguredToReturnMocksTest" time="0.006"/>
  <testcase name="shouldAllowStubbingMocksConfiguredWithRETURNS_MOCKSWithDoApi" classname="org.mockitousage.bugs.StubbingMocksThatAreConfiguredToReturnMocksTest" time="0.001"/>
  <system-out><![CDATA[]]></system-out>
  <system-err><![CDATA[]]></system-err>
</testsuite>
