<?xml version="1.0" encoding="UTF-8"?>
<testsuite name="org.mockito.internal.stubbing.answers.AnswersValidatorTest" tests="19" skipped="0" failures="0" errors="0" timestamp="2017-06-13T19:53:55" hostname="set" time="0.005">
  <properties/>
  <testcase name="should_allow_correct_type_of_return_value" classname="org.mockito.internal.stubbing.answers.AnswersValidatorTest" time="0.001"/>
  <testcase name="should_allow_void_return_for_void_method" classname="org.mockito.internal.stubbing.answers.AnswersValidatorTest" time="0.0"/>
  <testcase name="should_fail_when_non_void_method_does_nothing" classname="org.mockito.internal.stubbing.answers.AnswersValidatorTest" time="0.0"/>
  <testcase name="should_allow_possible_argument_types" classname="org.mockito.internal.stubbing.answers.AnswersValidatorTest" time="0.0"/>
  <testcase name="should_fail_when_return_Value_is_set_for_void_method" classname="org.mockito.internal.stubbing.answers.AnswersValidatorTest" time="0.001"/>
  <testcase name="should_fail_when_calling_real_method_on_interface" classname="org.mockito.internal.stubbing.answers.AnswersValidatorTest" time="0.0"/>
  <testcase name="should_fail_if_argument_type_of_signature_is_incompatible_with_return_type" classname="org.mockito.internal.stubbing.answers.AnswersValidatorTest" time="0.0"/>
  <testcase name="should_fail_if_returned_value_of_answer_is_incompatible_with_return_type" classname="org.mockito.internal.stubbing.answers.AnswersValidatorTest" time="0.001"/>
  <testcase name="should_fail_invalid_checked_exception" classname="org.mockito.internal.stubbing.answers.AnswersValidatorTest" time="0.0"/>
  <testcase name="should_validate_null_throwable" classname="org.mockito.internal.stubbing.answers.AnswersValidatorTest" time="0.0"/>
  <testcase name="should_pass_RuntimeExceptions" classname="org.mockito.internal.stubbing.answers.AnswersValidatorTest" time="0.0"/>
  <testcase name="should_not_fail_if_returned_value_of_answer_is_null" classname="org.mockito.internal.stubbing.answers.AnswersValidatorTest" time="0.0"/>
  <testcase name="should_fail_on_return_type_mismatch" classname="org.mockito.internal.stubbing.answers.AnswersValidatorTest" time="0.0"/>
  <testcase name="should_fail_if_index_is_not_in_range_for_one_arg_invocation" classname="org.mockito.internal.stubbing.answers.AnswersValidatorTest" time="0.0"/>
  <testcase name="should_fail_if_index_is_not_in_range_for_example_with_no_arg_invocation" classname="org.mockito.internal.stubbing.answers.AnswersValidatorTest" time="0.0"/>
  <testcase name="should_fail_on_wrong_primitive" classname="org.mockito.internal.stubbing.answers.AnswersValidatorTest" time="0.0"/>
  <testcase name="should_fail_on_null_with_primitive" classname="org.mockito.internal.stubbing.answers.AnswersValidatorTest" time="0.001"/>
  <testcase name="should_be_OK_when_calling_real_method_on_concrete_class" classname="org.mockito.internal.stubbing.answers.AnswersValidatorTest" time="0.0"/>
  <testcase name="should_pass_proper_checked_exception" classname="org.mockito.internal.stubbing.answers.AnswersValidatorTest" time="0.0"/>
  <system-out><![CDATA[]]></system-out>
  <system-err><![CDATA[]]></system-err>
</testsuite>
