<?xml version="1.0" encoding="UTF-8"?>
<testsuite name="org.mockito.internal.matchers.apachecommons.EqualsBuilderTest" tests="46" skipped="0" failures="0" errors="0" timestamp="2017-06-13T19:53:55" hostname="set" time="0.011">
  <properties/>
  <testcase name="testname" classname="org.mockito.internal.matchers.apachecommons.EqualsBuilderTest" time="0.0"/>
  <testcase name="testReflectionEquals" classname="org.mockito.internal.matchers.apachecommons.EqualsBuilderTest" time="0.0"/>
  <testcase name="testReflectionHierarchyEquals" classname="org.mockito.internal.matchers.apachecommons.EqualsBuilderTest" time="0.002"/>
  <testcase name="testObjectArray" classname="org.mockito.internal.matchers.apachecommons.EqualsBuilderTest" time="0.0"/>
  <testcase name="testLongArray" classname="org.mockito.internal.matchers.apachecommons.EqualsBuilderTest" time="0.0"/>
  <testcase name="testIntArray" classname="org.mockito.internal.matchers.apachecommons.EqualsBuilderTest" time="0.0"/>
  <testcase name="testShortArray" classname="org.mockito.internal.matchers.apachecommons.EqualsBuilderTest" time="0.001"/>
  <testcase name="testCharArray" classname="org.mockito.internal.matchers.apachecommons.EqualsBuilderTest" time="0.0"/>
  <testcase name="testByteArray" classname="org.mockito.internal.matchers.apachecommons.EqualsBuilderTest" time="0.0"/>
  <testcase name="testDoubleArray" classname="org.mockito.internal.matchers.apachecommons.EqualsBuilderTest" time="0.0"/>
  <testcase name="testFloatArray" classname="org.mockito.internal.matchers.apachecommons.EqualsBuilderTest" time="0.0"/>
  <testcase name="testBooleanArray" classname="org.mockito.internal.matchers.apachecommons.EqualsBuilderTest" time="0.0"/>
  <testcase name="testMultiLongArray" classname="org.mockito.internal.matchers.apachecommons.EqualsBuilderTest" time="0.0"/>
  <testcase name="testMultiIntArray" classname="org.mockito.internal.matchers.apachecommons.EqualsBuilderTest" time="0.0"/>
  <testcase name="testMultiShortArray" classname="org.mockito.internal.matchers.apachecommons.EqualsBuilderTest" time="0.0"/>
  <testcase name="testMultiCharArray" classname="org.mockito.internal.matchers.apachecommons.EqualsBuilderTest" time="0.0"/>
  <testcase name="testMultiByteArray" classname="org.mockito.internal.matchers.apachecommons.EqualsBuilderTest" time="0.0"/>
  <testcase name="testMultiFloatArray" classname="org.mockito.internal.matchers.apachecommons.EqualsBuilderTest" time="0.0"/>
  <testcase name="testMultiDoubleArray" classname="org.mockito.internal.matchers.apachecommons.EqualsBuilderTest" time="0.0"/>
  <testcase name="testMultiBooleanArray" classname="org.mockito.internal.matchers.apachecommons.EqualsBuilderTest" time="0.0"/>
  <testcase name="testRaggedArray" classname="org.mockito.internal.matchers.apachecommons.EqualsBuilderTest" time="0.0"/>
  <testcase name="testMixedArray" classname="org.mockito.internal.matchers.apachecommons.EqualsBuilderTest" time="0.0"/>
  <testcase name="testObjectArrayHiddenByObject" classname="org.mockito.internal.matchers.apachecommons.EqualsBuilderTest" time="0.0"/>
  <testcase name="testLongArrayHiddenByObject" classname="org.mockito.internal.matchers.apachecommons.EqualsBuilderTest" time="0.0"/>
  <testcase name="testIntArrayHiddenByObject" classname="org.mockito.internal.matchers.apachecommons.EqualsBuilderTest" time="0.0"/>
  <testcase name="testShortArrayHiddenByObject" classname="org.mockito.internal.matchers.apachecommons.EqualsBuilderTest" time="0.0"/>
  <testcase name="testCharArrayHiddenByObject" classname="org.mockito.internal.matchers.apachecommons.EqualsBuilderTest" time="0.001"/>
  <testcase name="testByteArrayHiddenByObject" classname="org.mockito.internal.matchers.apachecommons.EqualsBuilderTest" time="0.0"/>
  <testcase name="testSuper" classname="org.mockito.internal.matchers.apachecommons.EqualsBuilderTest" time="0.0"/>
  <testcase name="testObject" classname="org.mockito.internal.matchers.apachecommons.EqualsBuilderTest" time="0.0"/>
  <testcase name="testLong" classname="org.mockito.internal.matchers.apachecommons.EqualsBuilderTest" time="0.0"/>
  <testcase name="testInt" classname="org.mockito.internal.matchers.apachecommons.EqualsBuilderTest" time="0.001"/>
  <testcase name="testShort" classname="org.mockito.internal.matchers.apachecommons.EqualsBuilderTest" time="0.0"/>
  <testcase name="testChar" classname="org.mockito.internal.matchers.apachecommons.EqualsBuilderTest" time="0.0"/>
  <testcase name="testByte" classname="org.mockito.internal.matchers.apachecommons.EqualsBuilderTest" time="0.0"/>
  <testcase name="testDouble" classname="org.mockito.internal.matchers.apachecommons.EqualsBuilderTest" time="0.0"/>
  <testcase name="testFloat" classname="org.mockito.internal.matchers.apachecommons.EqualsBuilderTest" time="0.0"/>
  <testcase name="testBigDecimal" classname="org.mockito.internal.matchers.apachecommons.EqualsBuilderTest" time="0.0"/>
  <testcase name="testAccessors" classname="org.mockito.internal.matchers.apachecommons.EqualsBuilderTest" time="0.0"/>
  <testcase name="testBoolean" classname="org.mockito.internal.matchers.apachecommons.EqualsBuilderTest" time="0.0"/>
  <testcase name="testDoubleArrayHiddenByObject" classname="org.mockito.internal.matchers.apachecommons.EqualsBuilderTest" time="0.0"/>
  <testcase name="testFloatArrayHiddenByObject" classname="org.mockito.internal.matchers.apachecommons.EqualsBuilderTest" time="0.0"/>
  <testcase name="testBooleanArrayHiddenByObject" classname="org.mockito.internal.matchers.apachecommons.EqualsBuilderTest" time="0.001"/>
  <testcase name="testUnrelatedClasses" classname="org.mockito.internal.matchers.apachecommons.EqualsBuilderTest" time="0.0"/>
  <testcase name="testNpeForNullElement" classname="org.mockito.internal.matchers.apachecommons.EqualsBuilderTest" time="0.0"/>
  <testcase name="testReflectionEqualsExcludeFields" classname="org.mockito.internal.matchers.apachecommons.EqualsBuilderTest" time="0.0"/>
  <system-out><![CDATA[]]></system-out>
  <system-err><![CDATA[]]></system-err>
</testsuite>
