<?xml version="1.0" encoding="UTF-8"?>
<testsuite name="org.mockitousage.bugs.ShouldMocksCompareToBeConsistentWithEqualsTest" tests="4" skipped="0" failures="0" errors="0" timestamp="2017-06-13T19:53:47" hostname="set" time="0.085">
  <properties/>
  <testcase name="should_compare_to_be_consistent_with_equals_when_comparing_the_same_reference" classname="org.mockitousage.bugs.ShouldMocksCompareToBeConsistentWithEqualsTest" time="0.083"/>
  <testcase name="should_reset_not_remove_default_stubbing" classname="org.mockitousage.bugs.ShouldMocksCompareToBeConsistentWithEqualsTest" time="0.0"/>
  <testcase name="should_allow_stubbing_and_verifying_compare_to" classname="org.mockitousage.bugs.ShouldMocksCompareToBeConsistentWithEqualsTest" time="0.001"/>
  <testcase name="should_compare_to_be_consistent_with_equals" classname="org.mockitousage.bugs.ShouldMocksCompareToBeConsistentWithEqualsTest" time="0.0"/>
  <system-out><![CDATA[]]></system-out>
  <system-err><![CDATA[]]></system-err>
</testsuite>
