<?xml version="1.0" encoding="UTF-8"?>
<testsuite name="org.mockitousage.matchers.MatchersTest" tests="33" skipped="0" failures="0" errors="0" timestamp="2017-06-13T19:53:51" hostname="set" time="0.019">
  <properties/>
  <testcase name="notOverloaded" classname="org.mockitousage.matchers.MatchersTest" time="0.001"/>
  <testcase name="lessOrEqualOverloaded" classname="org.mockitousage.matchers.MatchersTest" time="0.001"/>
  <testcase name="anyMatcher" classname="org.mockitousage.matchers.MatchersTest" time="0.0"/>
  <testcase name="shouldUseSmartEqualsForArrays" classname="org.mockitousage.matchers.MatchersTest" time="0.0"/>
  <testcase name="shouldUseSmartEqualsForPrimitiveArrays" classname="org.mockitousage.matchers.MatchersTest" time="0.001"/>
  <testcase name="arrayEqualsShouldThrowArgumentsAreDifferentExceptionForNonMatchingArguments" classname="org.mockitousage.matchers.MatchersTest" time="0.0"/>
  <testcase name="arrayEqualsMatcher" classname="org.mockitousage.matchers.MatchersTest" time="0.001"/>
  <testcase name="orMatcher" classname="org.mockitousage.matchers.MatchersTest" time="0.0"/>
  <testcase name="lessThanOverloaded" classname="org.mockitousage.matchers.MatchersTest" time="0.001"/>
  <testcase name="greaterOrEqualMatcherOverloaded" classname="org.mockitousage.matchers.MatchersTest" time="0.0"/>
  <testcase name="greaterThanMatcherOverloaded" classname="org.mockitousage.matchers.MatchersTest" time="0.0"/>
  <testcase name="andOverloaded" classname="org.mockitousage.matchers.MatchersTest" time="0.001"/>
  <testcase name="greaterOrEqualMatcher" classname="org.mockitousage.matchers.MatchersTest" time="0.0"/>
  <testcase name="greaterThanMatcher" classname="org.mockitousage.matchers.MatchersTest" time="0.001"/>
  <testcase name="lessOrEqualMatcher" classname="org.mockitousage.matchers.MatchersTest" time="0.0"/>
  <testcase name="lessThanMatcher" classname="org.mockitousage.matchers.MatchersTest" time="0.001"/>
  <testcase name="nullMatcher" classname="org.mockitousage.matchers.MatchersTest" time="0.0"/>
  <testcase name="notNullMatcher" classname="org.mockitousage.matchers.MatchersTest" time="0.001"/>
  <testcase name="findMatcher" classname="org.mockitousage.matchers.MatchersTest" time="0.0"/>
  <testcase name="matchesMatcher" classname="org.mockitousage.matchers.MatchersTest" time="0.001"/>
  <testcase name="containsMatcher" classname="org.mockitousage.matchers.MatchersTest" time="0.0"/>
  <testcase name="startsWithMatcher" classname="org.mockitousage.matchers.MatchersTest" time="0.001"/>
  <testcase name="endsWithMatcher" classname="org.mockitousage.matchers.MatchersTest" time="0.001"/>
  <testcase name="deltaMatcher" classname="org.mockitousage.matchers.MatchersTest" time="0.0"/>
  <testcase name="deltaMatcherPrintsItself" classname="org.mockitousage.matchers.MatchersTest" time="0.001"/>
  <testcase name="sameMatcher" classname="org.mockitousage.matchers.MatchersTest" time="0.0"/>
  <testcase name="eqMatcherAndNulls" classname="org.mockitousage.matchers.MatchersTest" time="0.0"/>
  <testcase name="sameMatcherAndNulls" classname="org.mockitousage.matchers.MatchersTest" time="0.0"/>
  <testcase name="compareToMatcher" classname="org.mockitousage.matchers.MatchersTest" time="0.0"/>
  <testcase name="anyStringMatcher" classname="org.mockitousage.matchers.MatchersTest" time="0.001"/>
  <testcase name="anyXMatcher" classname="org.mockitousage.matchers.MatchersTest" time="0.0"/>
  <testcase name="shouldArrayEqualsDealWithNullArray" classname="org.mockitousage.matchers.MatchersTest" time="0.001"/>
  <testcase name="orOverloaded" classname="org.mockitousage.matchers.MatchersTest" time="0.001"/>
  <system-out><![CDATA[]]></system-out>
  <system-err><![CDATA[]]></system-err>
</testsuite>
