<?xml version="1.0" encoding="UTF-8"?>
<testsuite name="org.mockitousage.misuse.DetectingMisusedMatchersTest" tests="3" skipped="0" failures="0" errors="0" timestamp="2017-06-13T19:53:47" hostname="set" time="0.014">
  <properties/>
  <testcase name="should_fail_fast_when_argument_matchers_are_abused" classname="org.mockitousage.misuse.DetectingMisusedMatchersTest" time="0.007"/>
  <testcase name="should_report_argument_locations_when_argument_matchers_misused" classname="org.mockitousage.misuse.DetectingMisusedMatchersTest" time="0.006"/>
  <testcase name="shouldSayUnfinishedVerificationButNotInvalidUseOfMatchers" classname="org.mockitousage.misuse.DetectingMisusedMatchersTest" time="0.001"/>
  <system-out><![CDATA[]]></system-out>
  <system-err><![CDATA[]]></system-err>
</testsuite>
