<?xml version="1.0" encoding="UTF-8"?>
<testsuite name="org.mockitousage.misuse.DetectingFinalMethodsTest" tests="2" skipped="1" failures="0" errors="0" timestamp="2017-06-13T19:53:47" hostname="set" time="0.005">
  <properties/>
  <testcase name="shouldFailWithUnfinishedVerification" classname="org.mockitousage.misuse.DetectingFinalMethodsTest" time="0.004"/>
  <testcase name="shouldFailWithUnfinishedStubbing" classname="org.mockitousage.misuse.DetectingFinalMethodsTest" time="0.0">
    <skipped/>
  </testcase>
  <system-out><![CDATA[]]></system-out>
  <system-err><![CDATA[]]></system-err>
</testsuite>
