<?xml version="1.0" encoding="UTF-8"?>
<testsuite name="org.mockito.internal.debugging.WarningsFinderTest" tests="3" skipped="0" failures="0" errors="0" timestamp="2017-06-13T19:53:53" hostname="set" time="0.006">
  <properties/>
  <testcase name="shouldPrintUnusedStub" classname="org.mockito.internal.debugging.WarningsFinderTest" time="0.005"/>
  <testcase name="shouldPrintStubWasUsedWithDifferentArgs" classname="org.mockito.internal.debugging.WarningsFinderTest" time="0.001"/>
  <testcase name="shouldPrintUnstubbedInvocation" classname="org.mockito.internal.debugging.WarningsFinderTest" time="0.0"/>
  <system-out><![CDATA[]]></system-out>
  <system-err><![CDATA[]]></system-err>
</testsuite>
