<?xml version="1.0" encoding="UTF-8"?>
<testsuite name="org.mockito.internal.invocation.ArgumentsComparatorTest" tests="14" skipped="0" failures="0" errors="0" timestamp="2017-06-13T19:53:55" hostname="set" time="0.006">
  <properties/>
  <testcase name="shouldNotMatchWhenSomeOtherArgumentDoesNotMatch" classname="org.mockito.internal.invocation.ArgumentsComparatorTest" time="0.001"/>
  <testcase name="shouldAllowAnyObjectWithMixedVarargs" classname="org.mockito.internal.invocation.ArgumentsComparatorTest" time="0.001"/>
  <testcase name="shouldAnyObjectVarargDealWithDifferentSizeOfArgs" classname="org.mockito.internal.invocation.ArgumentsComparatorTest" time="0.0"/>
  <testcase name="shouldMatchAnyVarargEvenIfOneOfTheArgsIsNull" classname="org.mockito.internal.invocation.ArgumentsComparatorTest" time="0.001"/>
  <testcase name="shouldKnowWhenActualArgsSizeIsDifferent" classname="org.mockito.internal.invocation.ArgumentsComparatorTest" time="0.0"/>
  <testcase name="shouldMatchAnyVarargEvenIfMatcherIsDecorated" classname="org.mockito.internal.invocation.ArgumentsComparatorTest" time="0.0"/>
  <testcase name="shouldKnowWhenArgumentsMatch" classname="org.mockito.internal.invocation.ArgumentsComparatorTest" time="0.001"/>
  <testcase name="shouldKnowWhenArgsDifferent" classname="org.mockito.internal.invocation.ArgumentsComparatorTest" time="0.0"/>
  <testcase name="shouldNotAllowAnyObjectWithMixedVarargs" classname="org.mockito.internal.invocation.ArgumentsComparatorTest" time="0.0"/>
  <testcase name="shouldKnowWhenVarargsDifferent" classname="org.mockito.internal.invocation.ArgumentsComparatorTest" time="0.001"/>
  <testcase name="shouldAllowAnyVarargMatchEntireVararg" classname="org.mockito.internal.invocation.ArgumentsComparatorTest" time="0.0"/>
  <testcase name="shouldNotAllowAnyObjectMatchEntireVararg" classname="org.mockito.internal.invocation.ArgumentsComparatorTest" time="0.0"/>
  <testcase name="shouldKnowWhenMatchersSizeIsDifferent" classname="org.mockito.internal.invocation.ArgumentsComparatorTest" time="0.001"/>
  <testcase name="shouldKnowWhenVarargsMatch" classname="org.mockito.internal.invocation.ArgumentsComparatorTest" time="0.0"/>
  <system-out><![CDATA[]]></system-out>
  <system-err><![CDATA[]]></system-err>
</testsuite>
