<?xml version="1.0" encoding="UTF-8"?>
<testsuite name="org.mockitousage.basicapi.ObjectsSerializationTest" tests="1" skipped="0" failures="0" errors="0" timestamp="2017-06-13T19:53:47" hostname="set" time="0.003">
  <properties/>
  <testcase name="shouldSerializationWork" classname="org.mockitousage.basicapi.ObjectsSerializationTest" time="0.003"/>
  <system-out><![CDATA[]]></system-out>
  <system-err><![CDATA[]]></system-err>
</testsuite>
