<?xml version="1.0" encoding="UTF-8"?>
<testsuite name="org.mockitousage.spies.PartialMockingWithSpiesTest" tests="7" skipped="0" failures="0" errors="0" timestamp="2017-06-13T19:53:47" hostname="set" time="0.006">
  <properties/>
  <testcase name="shouldVerify" classname="org.mockitousage.spies.PartialMockingWithSpiesTest" time="0.001"/>
  <testcase name="shouldStackTraceGetFilteredOnUserExceptions" classname="org.mockitousage.spies.PartialMockingWithSpiesTest" time="0.002"/>
  <testcase name="shouldCallRealMethdsEvenDelegatedToOtherSelfMethod" classname="org.mockitousage.spies.PartialMockingWithSpiesTest" time="0.0"/>
  <testcase name="shouldAllowStubbingOfMethodsThatDelegateToOtherMethods" classname="org.mockitousage.spies.PartialMockingWithSpiesTest" time="0.0"/>
  <testcase name="shouldAllowStubbingWithThrowablesMethodsThatDelegateToOtherMethods" classname="org.mockitousage.spies.PartialMockingWithSpiesTest" time="0.0"/>
  <testcase name="shouldDealWithPrivateFieldsOfSubclasses" classname="org.mockitousage.spies.PartialMockingWithSpiesTest" time="0.001"/>
  <testcase name="shouldStub" classname="org.mockitousage.spies.PartialMockingWithSpiesTest" time="0.0"/>
  <system-out><![CDATA[]]></system-out>
  <system-err><![CDATA[]]></system-err>
</testsuite>
