<?xml version="1.0" encoding="UTF-8"?>
<testsuite name="org.mockitousage.matchers.InvalidUseOfMatchersTest" tests="6" skipped="0" failures="0" errors="0" timestamp="2017-06-13T19:53:51" hostname="set" time="0.005">
  <properties/>
  <testcase name="should_detect_wrong_number_of_matchers_when_stubbing" classname="org.mockitousage.matchers.InvalidUseOfMatchersTest" time="0.0"/>
  <testcase name="should_detect_stupid_use_of_matchers_when_verifying" classname="org.mockitousage.matchers.InvalidUseOfMatchersTest" time="0.003"/>
  <testcase name="should_scream_when_no_matchers_inside_not" classname="org.mockitousage.matchers.InvalidUseOfMatchersTest" time="0.0"/>
  <testcase name="should_scream_when_not_enough_matchers_inside_or_AddtionalMatcher" classname="org.mockitousage.matchers.InvalidUseOfMatchersTest" time="0.0"/>
  <testcase name="should_scream_when_Matchers_count_dont_match_parameter_count" classname="org.mockitousage.matchers.InvalidUseOfMatchersTest" time="0.0"/>
  <testcase name="should_not_scream_on_correct_usage" classname="org.mockitousage.matchers.InvalidUseOfMatchersTest" time="0.0"/>
  <system-out><![CDATA[]]></system-out>
  <system-err><![CDATA[org.mockito.exceptions.misusing.InvalidUseOfMatchersException: 
Misplaced argument matcher detected here:

-> at org.mockitousage.matchers.InvalidUseOfMatchersTest.should_detect_stupid_use_of_matchers_when_verifying(InvalidUseOfMatchersTest.java:43)
-> at org.mockitousage.matchers.InvalidUseOfMatchersTest.should_detect_stupid_use_of_matchers_when_verifying(InvalidUseOfMatchersTest.java:44)

You cannot use argument matchers outside of verification or stubbing.
Examples of correct usage of argument matchers:
    when(mock.get(anyInt())).thenReturn(null);
    doThrow(new RuntimeException()).when(mock).someVoidMethod(anyObject());
    verify(mock).someMethod(contains("foo"))

Also, this error might show up because you use argument matchers with methods that cannot be mocked.
Following methods *cannot* be stubbed/verified: final/private/equals()/hashCode().
Mocking methods declared on non-public parent classes is not supported.

	at org.mockito.exceptions.Reporter.misplacedArgumentMatcher(Reporter.java:516)
	at org.mockito.internal.progress.ArgumentMatcherStorageImpl.validateState(ArgumentMatcherStorageImpl.java:115)
	at org.mockito.internal.progress.MockingProgressImpl.validateMostStuff(MockingProgressImpl.java:89)
	at org.mockito.internal.progress.MockingProgressImpl.validateState(MockingProgressImpl.java:68)
	at org.mockito.internal.progress.MockingProgressImpl.verificationStarted(MockingProgressImpl.java:40)
	at org.mockito.internal.progress.ThreadSafeMockingProgress.verificationStarted(ThreadSafeMockingProgress.java:36)
	at org.mockito.internal.MockitoCore.verify(MockitoCore.java:89)
	at org.mockito.Mockito.verify(Mockito.java:1647)
	at org.mockitousage.matchers.InvalidUseOfMatchersTest.should_detect_stupid_use_of_matchers_when_verifying(InvalidUseOfMatchersTest.java:46)
	at sun.reflect.NativeMethodAccessorImpl.invoke0(Native Method)
	at sun.reflect.NativeMethodAccessorImpl.invoke(NativeMethodAccessorImpl.java:57)
	at sun.reflect.DelegatingMethodAccessorImpl.invoke(DelegatingMethodAccessorImpl.java:43)
	at java.lang.reflect.Method.invoke(Method.java:606)
	at org.junit.runners.model.FrameworkMethod$1.runReflectiveCall(FrameworkMethod.java:45)
	at org.junit.internal.runners.model.ReflectiveCallable.run(ReflectiveCallable.java:15)
	at org.junit.runners.model.FrameworkMethod.invokeExplosively(FrameworkMethod.java:42)
	at org.junit.internal.runners.statements.InvokeMethod.evaluate(InvokeMethod.java:20)
	at org.junit.runners.ParentRunner.runLeaf(ParentRunner.java:263)
	at org.junit.runners.BlockJUnit4ClassRunner.runChild(BlockJUnit4ClassRunner.java:68)
	at org.junit.runners.BlockJUnit4ClassRunner.runChild(BlockJUnit4ClassRunner.java:47)
	at org.junit.runners.ParentRunner$3.run(ParentRunner.java:231)
	at org.junit.runners.ParentRunner$1.schedule(ParentRunner.java:60)
	at org.junit.runners.ParentRunner.runChildren(ParentRunner.java:229)
	at org.junit.runners.ParentRunner.access$000(ParentRunner.java:50)
	at org.junit.runners.ParentRunner$2.evaluate(ParentRunner.java:222)
	at org.junit.runners.ParentRunner.run(ParentRunner.java:300)
	at org.mockito.internal.runners.JUnit45AndHigherRunnerImpl.run(JUnit45AndHigherRunnerImpl.java:37)
	at org.mockito.runners.MockitoJUnitRunner.run(MockitoJUnitRunner.java:62)
	at org.gradle.api.internal.tasks.testing.junit.JUnitTestClassExecuter.runTestClass(JUnitTestClassExecuter.java:86)
	at org.gradle.api.internal.tasks.testing.junit.JUnitTestClassExecuter.execute(JUnitTestClassExecuter.java:49)
	at org.gradle.api.internal.tasks.testing.junit.JUnitTestClassProcessor.processTestClass(JUnitTestClassProcessor.java:64)
	at org.gradle.api.internal.tasks.testing.SuiteTestClassProcessor.processTestClass(SuiteTestClassProcessor.java:50)
	at sun.reflect.GeneratedMethodAccessor9.invoke(Unknown Source)
	at sun.reflect.DelegatingMethodAccessorImpl.invoke(DelegatingMethodAccessorImpl.java:43)
	at java.lang.reflect.Method.invoke(Method.java:606)
	at org.gradle.messaging.dispatch.ReflectionDispatch.dispatch(ReflectionDispatch.java:35)
	at org.gradle.messaging.dispatch.ReflectionDispatch.dispatch(ReflectionDispatch.java:24)
	at org.gradle.messaging.dispatch.ContextClassLoaderDispatch.dispatch(ContextClassLoaderDispatch.java:32)
	at org.gradle.messaging.dispatch.ProxyDispatchAdapter$DispatchingInvocationHandler.invoke(ProxyDispatchAdapter.java:93)
	at com.sun.proxy.$Proxy2.processTestClass(Unknown Source)
	at org.gradle.api.internal.tasks.testing.worker.TestWorker.processTestClass(TestWorker.java:106)
	at sun.reflect.GeneratedMethodAccessor8.invoke(Unknown Source)
	at sun.reflect.DelegatingMethodAccessorImpl.invoke(DelegatingMethodAccessorImpl.java:43)
	at java.lang.reflect.Method.invoke(Method.java:606)
	at org.gradle.messaging.dispatch.ReflectionDispatch.dispatch(ReflectionDispatch.java:35)
	at org.gradle.messaging.dispatch.ReflectionDispatch.dispatch(ReflectionDispatch.java:24)
	at org.gradle.messaging.remote.internal.hub.MessageHub$Handler.run(MessageHub.java:360)
	at org.gradle.internal.concurrent.ExecutorPolicy$CatchAndRecordFailures.onExecute(ExecutorPolicy.java:54)
	at org.gradle.internal.concurrent.StoppableExecutorImpl$1.run(StoppableExecutorImpl.java:40)
	at java.util.concurrent.ThreadPoolExecutor.runWorker(ThreadPoolExecutor.java:1145)
	at java.util.concurrent.ThreadPoolExecutor$Worker.run(ThreadPoolExecutor.java:615)
	at java.lang.Thread.run(Thread.java:745)
]]></system-err>
</testsuite>
