<?xml version="1.0" encoding="UTF-8"?>
<testsuite name="org.mockitousage.bugs.MultipleInOrdersTest" tests="1" skipped="0" failures="0" errors="0" timestamp="2017-06-13T19:53:47" hostname="set" time="0.0">
  <properties/>
  <testcase name="inOrderTest" classname="org.mockitousage.bugs.MultipleInOrdersTest" time="0.0"/>
  <system-out><![CDATA[]]></system-out>
  <system-err><![CDATA[]]></system-err>
</testsuite>
