<?xml version="1.0" encoding="UTF-8"?>
<testsuite name="org.mockitousage.basicapi.MockingMultipleInterfacesTest" tests="7" skipped="0" failures="0" errors="0" timestamp="2017-06-13T19:53:47" hostname="set" time="0.011">
  <properties/>
  <testcase name="should_scream_when_null_passed_instead_of_an_array" classname="org.mockitousage.basicapi.MockingMultipleInterfacesTest" time="0.001"/>
  <testcase name="should_scream_when_non_interface_passed" classname="org.mockitousage.basicapi.MockingMultipleInterfacesTest" time="0.0"/>
  <testcase name="should_scream_when_the_same_interfaces_passed" classname="org.mockitousage.basicapi.MockingMultipleInterfacesTest" time="0.001"/>
  <testcase name="should_mock_class_with_interfaces_of_different_class_loader_AND_different_classpaths" classname="org.mockitousage.basicapi.MockingMultipleInterfacesTest" time="0.005"/>
  <testcase name="should_allow_multiple_interfaces" classname="org.mockitousage.basicapi.MockingMultipleInterfacesTest" time="0.004"/>
  <testcase name="should_scream_when_null_passed_instead_of_an_interface" classname="org.mockitousage.basicapi.MockingMultipleInterfacesTest" time="0.0"/>
  <testcase name="should_scream_when_no_args_passed" classname="org.mockitousage.basicapi.MockingMultipleInterfacesTest" time="0.0"/>
  <system-out><![CDATA[]]></system-out>
  <system-err><![CDATA[]]></system-err>
</testsuite>
