<?xml version="1.0" encoding="UTF-8"?>
<testsuite name="org.mockitousage.annotation.DeprecatedMockAnnotationTest" tests="2" skipped="0" failures="0" errors="0" timestamp="2017-06-13T19:53:53" hostname="set" time="0.337">
  <properties/>
  <testcase name="shouldCreateMockForDeprecatedMockAnnotation" classname="org.mockitousage.annotation.DeprecatedMockAnnotationTest" time="0.336"/>
  <testcase name="shouldInjectDeprecatedMockAnnotation" classname="org.mockitousage.annotation.DeprecatedMockAnnotationTest" time="0.0"/>
  <system-out><![CDATA[]]></system-out>
  <system-err><![CDATA[]]></system-err>
</testsuite>
