<?xml version="1.0" encoding="UTF-8"?>
<testsuite name="org.mockitousage.misuse.RestrictedObjectMethodsTest" tests="4" skipped="0" failures="0" errors="0" timestamp="2017-06-13T19:53:47" hostname="set" time="0.002">
  <properties/>
  <testcase name="shouldScreamWhenVerifyToString" classname="org.mockitousage.misuse.RestrictedObjectMethodsTest" time="0.001"/>
  <testcase name="shouldBeSilentWhenVerifyHashCode" classname="org.mockitousage.misuse.RestrictedObjectMethodsTest" time="0.0"/>
  <testcase name="shouldBeSilentWhenVerifyEquals" classname="org.mockitousage.misuse.RestrictedObjectMethodsTest" time="0.0"/>
  <testcase name="shouldBeSilentWhenVerifyEqualsInOrder" classname="org.mockitousage.misuse.RestrictedObjectMethodsTest" time="0.0"/>
  <system-out><![CDATA[]]></system-out>
  <system-err><![CDATA[]]></system-err>
</testsuite>
