<?xml version="1.0" encoding="UTF-8"?>
<testsuite name="org.mockito.internal.configuration.plugins.PluginFinderTest" tests="8" skipped="0" failures="0" errors="0" timestamp="2017-06-13T19:53:55" hostname="set" time="0.013">
  <properties/>
  <testcase name="multiple_empty_implementations" classname="org.mockito.internal.configuration.plugins.PluginFinderTest" time="0.006"/>
  <testcase name="problems_loading_impl" classname="org.mockito.internal.configuration.plugins.PluginFinderTest" time="0.001"/>
  <testcase name="empty_resources" classname="org.mockito.internal.configuration.plugins.PluginFinderTest" time="0.0"/>
  <testcase name="single_implementation" classname="org.mockito.internal.configuration.plugins.PluginFinderTest" time="0.001"/>
  <testcase name="single_implementation_disabled" classname="org.mockito.internal.configuration.plugins.PluginFinderTest" time="0.001"/>
  <testcase name="multiple_implementations_only_one_enabled" classname="org.mockito.internal.configuration.plugins.PluginFinderTest" time="0.001"/>
  <testcase name="multiple_implementations_only_one_useful" classname="org.mockito.internal.configuration.plugins.PluginFinderTest" time="0.001"/>
  <testcase name="no_valid_impl" classname="org.mockito.internal.configuration.plugins.PluginFinderTest" time="0.001"/>
  <system-out><![CDATA[]]></system-out>
  <system-err><![CDATA[]]></system-err>
</testsuite>
