<?xml version="1.0" encoding="UTF-8"?>
<testsuite name="org.mockitousage.bugs.ShouldNotDeadlockAnswerExecutionTest" tests="2" skipped="0" failures="0" errors="0" timestamp="2017-06-13T19:53:47" hostname="set" time="0.033">
  <properties/>
  <testcase name="failIfMockIsSharedBetweenThreads" classname="org.mockitousage.bugs.ShouldNotDeadlockAnswerExecutionTest" time="0.022"/>
  <testcase name="successIfEveryThreadHasItsOwnMock" classname="org.mockitousage.bugs.ShouldNotDeadlockAnswerExecutionTest" time="0.011"/>
  <system-out><![CDATA[]]></system-out>
  <system-err><![CDATA[]]></system-err>
</testsuite>
