<?xml version="1.0" encoding="UTF-8"?>
<testsuite name="org.mockito.internal.invocation.SerializableMethodTest" tests="8" skipped="0" failures="0" errors="0" timestamp="2017-06-13T19:53:55" hostname="set" time="0.002">
  <properties/>
  <testcase name="shouldBeAbleToRetrieveMethodName" classname="org.mockito.internal.invocation.SerializableMethodTest" time="0.0"/>
  <testcase name="shouldBeAbleToRetrieveMethodExceptionTypes" classname="org.mockito.internal.invocation.SerializableMethodTest" time="0.001"/>
  <testcase name="shouldBeAbleToGetParameterTypes" classname="org.mockito.internal.invocation.SerializableMethodTest" time="0.0"/>
  <testcase name="shouldBeEqualForTwoInstances" classname="org.mockito.internal.invocation.SerializableMethodTest" time="0.0"/>
  <testcase name="shouldBeAbleToCheckIsArgVargs" classname="org.mockito.internal.invocation.SerializableMethodTest" time="0.001"/>
  <testcase name="shouldBeAbleToGetReturnType" classname="org.mockito.internal.invocation.SerializableMethodTest" time="0.0"/>
  <testcase name="shouldNotBeEqualForSameMethodFromTwoDifferentClasses" classname="org.mockito.internal.invocation.SerializableMethodTest" time="0.0"/>
  <testcase name="shouldBeSerializable" classname="org.mockito.internal.invocation.SerializableMethodTest" time="0.0"/>
  <system-out><![CDATA[]]></system-out>
  <system-err><![CDATA[]]></system-err>
</testsuite>
