<?xml version="1.0" encoding="UTF-8"?>
<testsuite name="org.mockitousage.stubbing.StubbingWithExtraAnswersTest" tests="3" skipped="0" failures="0" errors="0" timestamp="2017-06-13T19:53:53" hostname="set" time="0.002">
  <properties/>
  <testcase name="shouldScreamWhenNullPassed" classname="org.mockitousage.stubbing.StubbingWithExtraAnswersTest" time="0.001"/>
  <testcase name="shouldWorkAsStandardMockito" classname="org.mockitousage.stubbing.StubbingWithExtraAnswersTest" time="0.001"/>
  <testcase name="shouldReturnNullIfNecessary" classname="org.mockitousage.stubbing.StubbingWithExtraAnswersTest" time="0.0"/>
  <system-out><![CDATA[]]></system-out>
  <system-err><![CDATA[]]></system-err>
</testsuite>
