<?xml version="1.0" encoding="UTF-8"?>
<testsuite name="org.mockito.internal.util.reflection.SuperTypesLastSorterTest" tests="6" skipped="0" failures="0" errors="0" timestamp="2017-06-13T19:53:55" hostname="set" time="0.001">
  <properties/>
  <testcase name="when_same_type_the_order_is_based_on_field_name" classname="org.mockito.internal.util.reflection.SuperTypesLastSorterTest" time="0.0"/>
  <testcase name="when_type_is_different_the_supertype_comes_last" classname="org.mockito.internal.util.reflection.SuperTypesLastSorterTest" time="0.0"/>
  <testcase name="using_Collections_dot_sort" classname="org.mockito.internal.util.reflection.SuperTypesLastSorterTest" time="0.0"/>
  <testcase name="issue_352_order_was_different_between_JDK6_and_JDK7" classname="org.mockito.internal.util.reflection.SuperTypesLastSorterTest" time="0.0"/>
  <testcase name="fields_sort_consistently_when_interfaces_are_included" classname="org.mockito.internal.util.reflection.SuperTypesLastSorterTest" time="0.0"/>
  <testcase name="fields_sort_consistently_when_names_and_type_indicate_different_order" classname="org.mockito.internal.util.reflection.SuperTypesLastSorterTest" time="0.0"/>
  <system-out><![CDATA[]]></system-out>
  <system-err><![CDATA[]]></system-err>
</testsuite>
