<?xml version="1.0" encoding="UTF-8"?>
<testsuite name="org.mockito.internal.util.collections.HashCodeAndEqualsSafeSetTest" tests="9" skipped="0" failures="0" errors="0" timestamp="2017-06-13T19:53:55" hostname="set" time="0.004">
  <properties/>
  <testcase name="mock_with_failing_hashCode_method_can_be_added" classname="org.mockito.internal.util.collections.HashCodeAndEqualsSafeSetTest" time="0.003"/>
  <testcase name="mock_with_failing_equals_method_can_be_used" classname="org.mockito.internal.util.collections.HashCodeAndEqualsSafeSetTest" time="0.0"/>
  <testcase name="can_remove" classname="org.mockito.internal.util.collections.HashCodeAndEqualsSafeSetTest" time="0.0"/>
  <testcase name="can_retain_a_collection" classname="org.mockito.internal.util.collections.HashCodeAndEqualsSafeSetTest" time="0.0"/>
  <testcase name="can_remove_a_collection" classname="org.mockito.internal.util.collections.HashCodeAndEqualsSafeSetTest" time="0.0"/>
  <testcase name="can_iterate" classname="org.mockito.internal.util.collections.HashCodeAndEqualsSafeSetTest" time="0.0"/>
  <testcase name="toArray_just_work" classname="org.mockito.internal.util.collections.HashCodeAndEqualsSafeSetTest" time="0.0"/>
  <testcase name="can_add_a_collection" classname="org.mockito.internal.util.collections.HashCodeAndEqualsSafeSetTest" time="0.0"/>
  <testcase name="can_add_mock_that_have_failing_hashCode_method" classname="org.mockito.internal.util.collections.HashCodeAndEqualsSafeSetTest" time="0.0"/>
  <system-out><![CDATA[]]></system-out>
  <system-err><![CDATA[]]></system-err>
</testsuite>
