<?xml version="1.0" encoding="UTF-8"?>
<testsuite name="org.mockito.internal.util.reflection.WhiteboxTest" tests="2" skipped="0" failures="0" errors="0" timestamp="2017-06-13T19:53:55" hostname="set" time="0.007">
  <properties/>
  <testcase name="shouldGetInternalStateFromHierarchy" classname="org.mockito.internal.util.reflection.WhiteboxTest" time="0.007"/>
  <testcase name="shouldSetInternalStateOnHierarchy" classname="org.mockito.internal.util.reflection.WhiteboxTest" time="0.0"/>
  <system-out><![CDATA[]]></system-out>
  <system-err><![CDATA[]]></system-err>
</testsuite>
