<?xml version="1.0" encoding="UTF-8"?>
<testsuite name="org.mockito.internal.stubbing.defaultanswers.ReturnsMocksTest" tests="6" skipped="0" failures="0" errors="0" timestamp="2017-06-13T19:53:55" hostname="set" time="0.01">
  <properties/>
  <testcase name="should_return_empty_array" classname="org.mockito.internal.stubbing.defaultanswers.ReturnsMocksTest" time="0.004"/>
  <testcase name="should_return_mock_value_for_interface" classname="org.mockito.internal.stubbing.defaultanswers.ReturnsMocksTest" time="0.003"/>
  <testcase name="should_return_mock_value_for_class" classname="org.mockito.internal.stubbing.defaultanswers.ReturnsMocksTest" time="0.003"/>
  <testcase name="should_return_the_usual_default_values_for_primitives" classname="org.mockito.internal.stubbing.defaultanswers.ReturnsMocksTest" time="0.0"/>
  <testcase name="should_return_empty_string" classname="org.mockito.internal.stubbing.defaultanswers.ReturnsMocksTest" time="0.0"/>
  <testcase name="should_return_null_for_final_class" classname="org.mockito.internal.stubbing.defaultanswers.ReturnsMocksTest" time="0.0"/>
  <system-out><![CDATA[]]></system-out>
  <system-err><![CDATA[]]></system-err>
</testsuite>
