<?xml version="1.0" encoding="UTF-8"?>
<testsuite name="org.mockitousage.verification.VerificationOnMultipleMocksUsingMatchersTest" tests="2" skipped="0" failures="0" errors="0" timestamp="2017-06-13T19:53:49" hostname="set" time="0.017">
  <properties/>
  <testcase name="shouldVerifyUsingMatchers" classname="org.mockitousage.verification.VerificationOnMultipleMocksUsingMatchersTest" time="0.016"/>
  <testcase name="shouldVerifyMultipleMocks" classname="org.mockitousage.verification.VerificationOnMultipleMocksUsingMatchersTest" time="0.0"/>
  <system-out><![CDATA[]]></system-out>
  <system-err><![CDATA[]]></system-err>
</testsuite>
