<?xml version="1.0" encoding="UTF-8"?>
<testsuite name="org.mockitousage.bugs.CovariantOverrideTest" tests="4" skipped="0" failures="0" errors="0" timestamp="2017-06-13T19:53:47" hostname="set" time="0.026">
  <properties/>
  <testcase name="returnFoo4" classname="org.mockitousage.bugs.CovariantOverrideTest" time="0.013"/>
  <testcase name="returnFoo2" classname="org.mockitousage.bugs.CovariantOverrideTest" time="0.001"/>
  <testcase name="returnFoo1" classname="org.mockitousage.bugs.CovariantOverrideTest" time="0.011"/>
  <testcase name="returnFoo3" classname="org.mockitousage.bugs.CovariantOverrideTest" time="0.0"/>
  <system-out><![CDATA[]]></system-out>
  <system-err><![CDATA[]]></system-err>
</testsuite>
