<?xml version="1.0" encoding="UTF-8"?>
<testsuite name="org.mockitousage.bugs.InheritedGenericsPolimorphicCallTest" tests="3" skipped="0" failures="0" errors="0" timestamp="2017-06-13T19:53:45" hostname="set" time="0.003">
  <properties/>
  <testcase name="shouldStubbingWork" classname="org.mockitousage.bugs.InheritedGenericsPolimorphicCallTest" time="0.0"/>
  <testcase name="shouldVerificationWorks" classname="org.mockitousage.bugs.InheritedGenericsPolimorphicCallTest" time="0.0"/>
  <testcase name="shouldWorkExactlyAsJavaProxyWould" classname="org.mockitousage.bugs.InheritedGenericsPolimorphicCallTest" time="0.002"/>
  <system-out><![CDATA[]]></system-out>
  <system-err><![CDATA[]]></system-err>
</testsuite>
