<?xml version="1.0" encoding="UTF-8"?>
<testsuite name="org.mockitousage.matchers.CapturingArgumentsTest" tests="20" skipped="0" failures="0" errors="0" timestamp="2017-06-13T19:53:51" hostname="set" time="0.009">
  <properties/>
  <testcase name="should_allow_assertions_on_last_argument" classname="org.mockitousage.matchers.CapturingArgumentsTest" time="0.001"/>
  <testcase name="should_print_captor_matcher" classname="org.mockitousage.matchers.CapturingArgumentsTest" time="0.0"/>
  <testcase name="should_allow_assertions_on_captured_null" classname="org.mockitousage.matchers.CapturingArgumentsTest" time="0.001"/>
  <testcase name="should_allow_capturing_for_stubbing" classname="org.mockitousage.matchers.CapturingArgumentsTest" time="0.0"/>
  <testcase name="should_allow_assertions_on_captured_argument" classname="org.mockitousage.matchers.CapturingArgumentsTest" time="0.0"/>
  <testcase name="should_allow_assertions_on_all_captured_arguments" classname="org.mockitousage.matchers.CapturingArgumentsTest" time="0.001"/>
  <testcase name="should_allow_construction_of_captor_for_parameterized_type_in_a_convenient_way" classname="org.mockitousage.matchers.CapturingArgumentsTest" time="0.0"/>
  <testcase name="should_allow_construction_of_captor_for_a_more_specific_type" classname="org.mockitousage.matchers.CapturingArgumentsTest" time="0.0"/>
  <testcase name="should_capture_when_stubbing_only_when_entire_invocation_matches" classname="org.mockitousage.matchers.CapturingArgumentsTest" time="0.002"/>
  <testcase name="should_say_something_smart_when_misused" classname="org.mockitousage.matchers.CapturingArgumentsTest" time="0.0"/>
  <testcase name="should_capture_when_full_arg_list_matches" classname="org.mockitousage.matchers.CapturingArgumentsTest" time="0.0"/>
  <testcase name="should_capture_int_by_creating_captor_with_primitive_wrapper" classname="org.mockitousage.matchers.CapturingArgumentsTest" time="0.0"/>
  <testcase name="should_capture_int_by_creating_captor_with_primitive" classname="org.mockitousage.matchers.CapturingArgumentsTest" time="0.0"/>
  <testcase name="should_capture_byte_vararg_by_creating_captor_with_primitive" classname="org.mockitousage.matchers.CapturingArgumentsTest" time="0.0"/>
  <testcase name="should_capture_byte_vararg_by_creating_captor_with_primitive_wrapper" classname="org.mockitousage.matchers.CapturingArgumentsTest" time="0.0"/>
  <testcase name="should_capture_vararg" classname="org.mockitousage.matchers.CapturingArgumentsTest" time="0.0"/>
  <testcase name="should_capture_all_vararg" classname="org.mockitousage.matchers.CapturingArgumentsTest" time="0.001"/>
  <testcase name="should_capture_one_arg_even_when_using_vararg_captor_on_nonvararg_method" classname="org.mockitousage.matchers.CapturingArgumentsTest" time="0.0"/>
  <testcase name="captures_correctly_when_captor_used_multiple_times" classname="org.mockitousage.matchers.CapturingArgumentsTest" time="0.001"/>
  <testcase name="captures_correctly_when_captor_used_on_pure_vararg_method" classname="org.mockitousage.matchers.CapturingArgumentsTest" time="0.0"/>
  <system-out><![CDATA[]]></system-out>
  <system-err><![CDATA[]]></system-err>
</testsuite>
