<?xml version="1.0" encoding="UTF-8"?>
<testsuite name="org.mockitousage.verification.AtMostXVerificationTest" tests="7" skipped="0" failures="0" errors="0" timestamp="2017-06-13T19:53:49" hostname="set" time="0.004">
  <properties/>
  <testcase name="shouldVerifyAtMostXTimes" classname="org.mockitousage.verification.AtMostXVerificationTest" time="0.001"/>
  <testcase name="shouldWorkWithArgumentMatchers" classname="org.mockitousage.verification.AtMostXVerificationTest" time="0.001"/>
  <testcase name="shouldNotAllowNegativeNumber" classname="org.mockitousage.verification.AtMostXVerificationTest" time="0.0"/>
  <testcase name="shouldPrintDecentMessage" classname="org.mockitousage.verification.AtMostXVerificationTest" time="0.001"/>
  <testcase name="shouldNotAllowInOrderMode" classname="org.mockitousage.verification.AtMostXVerificationTest" time="0.0"/>
  <testcase name="shouldMarkInteractionsAsVerified" classname="org.mockitousage.verification.AtMostXVerificationTest" time="0.0"/>
  <testcase name="shouldDetectUnverifiedInMarkInteractionsAsVerified" classname="org.mockitousage.verification.AtMostXVerificationTest" time="0.0"/>
  <system-out><![CDATA[]]></system-out>
  <system-err><![CDATA[]]></system-err>
</testsuite>
