<?xml version="1.0" encoding="UTF-8"?>
<testsuite name="org.mockitousage.bugs.EqualsWithDeltaTest" tests="4" skipped="0" failures="0" errors="0" timestamp="2017-06-13T19:53:46" hostname="set" time="0.002">
  <properties/>
  <testcase name="testEqualsWithDelta_NullExpected" classname="org.mockitousage.bugs.EqualsWithDeltaTest" time="0.001"/>
  <testcase name="testEqualsWithDelta_NullActual" classname="org.mockitousage.bugs.EqualsWithDeltaTest" time="0.0"/>
  <testcase name="testEqualsWithDelta_NullActualAndExpected" classname="org.mockitousage.bugs.EqualsWithDeltaTest" time="0.0"/>
  <testcase name="testEqualsWithDelta_WhenActualAndExpectedAreTheSameObject" classname="org.mockitousage.bugs.EqualsWithDeltaTest" time="0.0"/>
  <system-out><![CDATA[]]></system-out>
  <system-err><![CDATA[finished0
]]></system-err>
</testsuite>
