<?xml version="1.0" encoding="UTF-8"?>
<testsuite name="org.mockito.internal.progress.HandyReturnValuesTest" tests="5" skipped="0" failures="0" errors="0" timestamp="2017-06-13T19:53:55" hostname="set" time="0.004">
  <properties/>
  <testcase name="should_return_handy_value_for_instances" classname="org.mockito.internal.progress.HandyReturnValuesTest" time="0.0"/>
  <testcase name="should_default_values_for_primitive" classname="org.mockito.internal.progress.HandyReturnValuesTest" time="0.003"/>
  <testcase name="should_return_null_for_everything_else" classname="org.mockito.internal.progress.HandyReturnValuesTest" time="0.0"/>
  <testcase name="should_not_return_null_for_primitives" classname="org.mockito.internal.progress.HandyReturnValuesTest" time="0.0"/>
  <testcase name="should_not_return_null_for_primitives_wrappers" classname="org.mockito.internal.progress.HandyReturnValuesTest" time="0.001"/>
  <system-out><![CDATA[]]></system-out>
  <system-err><![CDATA[]]></system-err>
</testsuite>
