<?xml version="1.0" encoding="UTF-8"?>
<testsuite name="org.mockitousage.matchers.CustomMatcherDoesYieldCCETest" tests="1" skipped="0" failures="0" errors="0" timestamp="2017-06-13T19:53:51" hostname="set" time="0.001">
  <properties/>
  <testcase name="shouldNotThrowCCE" classname="org.mockitousage.matchers.CustomMatcherDoesYieldCCETest" time="0.001"/>
  <system-out><![CDATA[]]></system-out>
  <system-err><![CDATA[]]></system-err>
</testsuite>
