<?xml version="1.0" encoding="UTF-8"?>
<testsuite name="org.mockito.internal.matchers.ComparableMatchersTest" tests="5" skipped="0" failures="0" errors="0" timestamp="2017-06-13T19:53:55" hostname="set" time="0.001">
  <properties/>
  <testcase name="testGreaterThan" classname="org.mockito.internal.matchers.ComparableMatchersTest" time="0.0"/>
  <testcase name="testGreaterOrEqual" classname="org.mockito.internal.matchers.ComparableMatchersTest" time="0.001"/>
  <testcase name="testCompareEqual" classname="org.mockito.internal.matchers.ComparableMatchersTest" time="0.0"/>
  <testcase name="testLessOrEqual" classname="org.mockito.internal.matchers.ComparableMatchersTest" time="0.0"/>
  <testcase name="testLessThan" classname="org.mockito.internal.matchers.ComparableMatchersTest" time="0.0"/>
  <system-out><![CDATA[]]></system-out>
  <system-err><![CDATA[]]></system-err>
</testsuite>
