<?xml version="1.0" encoding="UTF-8"?>
<testsuite name="org.mockito.internal.util.junit.JUnitFailureHackerTest" tests="5" skipped="0" failures="0" errors="0" timestamp="2017-06-13T19:53:55" hostname="set" time="0.001">
  <properties/>
  <testcase name="shouldReplaceException" classname="org.mockito.internal.util.junit.JUnitFailureHackerTest" time="0.0"/>
  <testcase name="shouldAppendWarning" classname="org.mockito.internal.util.junit.JUnitFailureHackerTest" time="0.0"/>
  <testcase name="shouldNotAppendWhenNoWarnings" classname="org.mockito.internal.util.junit.JUnitFailureHackerTest" time="0.001"/>
  <testcase name="shouldNotAppendWhenNullWarnings" classname="org.mockito.internal.util.junit.JUnitFailureHackerTest" time="0.0"/>
  <testcase name="shouldPrintTheWarningSoICanSeeIt" classname="org.mockito.internal.util.junit.JUnitFailureHackerTest" time="0.0"/>
  <system-out><![CDATA[org.mockito.internal.exceptions.ExceptionIncludingMockitoWarnings: contains both: actual test failure *and* Mockito warnings.
unused stubbing blah
 *** The actual failure is because of: ***

]]></system-out>
  <system-err><![CDATA[]]></system-err>
</testsuite>
