<?xml version="1.0" encoding="UTF-8"?>
<testsuite name="org.mockitousage.verification.ExactNumberOfTimesVerificationTest" tests="8" skipped="0" failures="0" errors="0" timestamp="2017-06-13T19:53:49" hostname="set" time="0.004">
  <properties/>
  <testcase name="shouldDetectTooManyActualInvocations" classname="org.mockitousage.verification.ExactNumberOfTimesVerificationTest" time="0.0"/>
  <testcase name="shouldDetectActualInvocationsCountIsMoreThanZero" classname="org.mockitousage.verification.ExactNumberOfTimesVerificationTest" time="0.0"/>
  <testcase name="shouldDetectActuallyCalledOnce" classname="org.mockitousage.verification.ExactNumberOfTimesVerificationTest" time="0.0"/>
  <testcase name="shouldPassWhenMethodsActuallyNotCalled" classname="org.mockitousage.verification.ExactNumberOfTimesVerificationTest" time="0.0"/>
  <testcase name="shouldNotCountInStubbedInvocations" classname="org.mockitousage.verification.ExactNumberOfTimesVerificationTest" time="0.0"/>
  <testcase name="shouldAllowVerifyingInteractionNeverHappened" classname="org.mockitousage.verification.ExactNumberOfTimesVerificationTest" time="0.0"/>
  <testcase name="shouldAllowVerifyingInteractionNeverHappenedInOrder" classname="org.mockitousage.verification.ExactNumberOfTimesVerificationTest" time="0.001"/>
  <testcase name="shouldDetectTooLittleActualInvocations" classname="org.mockitousage.verification.ExactNumberOfTimesVerificationTest" time="0.0"/>
  <system-out><![CDATA[]]></system-out>
  <system-err><![CDATA[]]></system-err>
</testsuite>
