<?xml version="1.0" encoding="UTF-8"?>
<testsuite name="org.mockito.internal.creation.bytebuddy.ByteBuddyMockMakerTest" tests="8" skipped="1" failures="0" errors="0" timestamp="2017-06-13T19:53:54" hostname="set" time="0.048">
  <properties/>
  <testcase name="should_create_class_by_constructor" classname="org.mockito.internal.creation.bytebuddy.ByteBuddyMockMakerTest" time="0.003"/>
  <testcase name="report_issue_when_trying_to_load_objenesis" classname="org.mockito.internal.creation.bytebuddy.ByteBuddyMockMakerTest" time="0.0">
    <skipped/>
  </testcase>
  <testcase name="instantiate_fine_when_objenesis_on_the_classpath" classname="org.mockito.internal.creation.bytebuddy.ByteBuddyMockMakerTest" time="0.029"/>
  <testcase name="should_create_mock_from_interface" classname="org.mockito.internal.creation.bytebuddy.ByteBuddyMockMakerTest" time="0.003"/>
  <testcase name="should_create_mock_from_class" classname="org.mockito.internal.creation.bytebuddy.ByteBuddyMockMakerTest" time="0.003"/>
  <testcase name="should_create_mock_from_class_even_when_constructor_is_dodgy" classname="org.mockito.internal.creation.bytebuddy.ByteBuddyMockMakerTest" time="0.003"/>
  <testcase name="should_mocks_have_different_interceptors" classname="org.mockito.internal.creation.bytebuddy.ByteBuddyMockMakerTest" time="0.003"/>
  <testcase name="should_use_ancillary_Types" classname="org.mockito.internal.creation.bytebuddy.ByteBuddyMockMakerTest" time="0.003"/>
  <system-out><![CDATA[]]></system-out>
  <system-err><![CDATA[]]></system-err>
</testsuite>
