<?xml version="1.0" encoding="UTF-8"?>
<testsuite name="org.mockito.internal.matchers.VarargCapturingMatcherTest" tests="4" skipped="0" failures="0" errors="0" timestamp="2017-06-13T19:53:55" hostname="set" time="0.001">
  <properties/>
  <testcase name="can_capture_primitive_varargs" classname="org.mockito.internal.matchers.VarargCapturingMatcherTest" time="0.001"/>
  <testcase name="should_know_last_captured_vararg" classname="org.mockito.internal.matchers.VarargCapturingMatcherTest" time="0.0"/>
  <testcase name="should_scream_when_nothing_yet_captured" classname="org.mockito.internal.matchers.VarargCapturingMatcherTest" time="0.0"/>
  <testcase name="should_capture_simple_arguments" classname="org.mockito.internal.matchers.VarargCapturingMatcherTest" time="0.0"/>
  <system-out><![CDATA[]]></system-out>
  <system-err><![CDATA[]]></system-err>
</testsuite>
