<?xml version="1.0" encoding="UTF-8"?>
<testsuite name="org.mockitousage.matchers.GenericMatchersTest" tests="1" skipped="0" failures="0" errors="0" timestamp="2017-06-13T19:53:51" hostname="set" time="0.005">
  <properties/>
  <testcase name="shouldCompile" classname="org.mockitousage.matchers.GenericMatchersTest" time="0.005"/>
  <system-out><![CDATA[]]></system-out>
  <system-err><![CDATA[]]></system-err>
</testsuite>
