<?xml version="1.0" encoding="UTF-8"?>
<testsuite name="org.mockitousage.annotation.WrongSetOfAnnotationsTest" tests="6" skipped="0" failures="0" errors="0" timestamp="2017-06-13T19:53:53" hostname="set" time="0.003">
  <properties/>
  <testcase name="should_not_allow_Mock_and_InjectMocks" classname="org.mockitousage.annotation.WrongSetOfAnnotationsTest" time="0.0"/>
  <testcase name="should_not_allow_Captor_and_Mock" classname="org.mockitousage.annotation.WrongSetOfAnnotationsTest" time="0.001"/>
  <testcase name="should_not_allow_Spy_and_or_InjectMocks_on_interfaces" classname="org.mockitousage.annotation.WrongSetOfAnnotationsTest" time="0.001"/>
  <testcase name="should_not_allow_Captor_and_Spy" classname="org.mockitousage.annotation.WrongSetOfAnnotationsTest" time="0.0"/>
  <testcase name="should_not_allow_Captor_and_InjectMocks" classname="org.mockitousage.annotation.WrongSetOfAnnotationsTest" time="0.001"/>
  <testcase name="should_not_allow_Mock_and_Spy" classname="org.mockitousage.annotation.WrongSetOfAnnotationsTest" time="0.0"/>
  <system-out><![CDATA[]]></system-out>
  <system-err><![CDATA[]]></system-err>
</testsuite>
