<?xml version="1.0" encoding="UTF-8"?>
<testsuite name="org.mockito.internal.debugging.VerboseMockInvocationLoggerTest" tests="6" skipped="0" failures="0" errors="0" timestamp="2017-06-13T19:53:54" hostname="set" time="0.002">
  <properties/>
  <testcase name="should_print_to_system_out" classname="org.mockito.internal.debugging.VerboseMockInvocationLoggerTest" time="0.0"/>
  <testcase name="should_print_invocation_with_return_value" classname="org.mockito.internal.debugging.VerboseMockInvocationLoggerTest" time="0.0"/>
  <testcase name="should_print_invocation_with_exception" classname="org.mockito.internal.debugging.VerboseMockInvocationLoggerTest" time="0.001"/>
  <testcase name="should_print_if_method_has_not_been_stubbed" classname="org.mockito.internal.debugging.VerboseMockInvocationLoggerTest" time="0.0"/>
  <testcase name="should_print_stubbed_info_if_availbable" classname="org.mockito.internal.debugging.VerboseMockInvocationLoggerTest" time="0.001"/>
  <testcase name="should_log_count_of_interactions" classname="org.mockito.internal.debugging.VerboseMockInvocationLoggerTest" time="0.0"/>
  <system-out><![CDATA[
############ Logging method invocation #1 on mock/spy ########
iMethods.simpleMethod();
   invoked: -> at sun.reflect.NativeConstructorAccessorImpl.newInstance0(Native Method)
   has returned: "return value" (java.lang.String)


############ Logging method invocation #1 on mock/spy ########
iMethods.simpleMethod();
   invoked: -> at sun.reflect.NativeConstructorAccessorImpl.newInstance0(Native Method)
   has thrown: class org.mockito.internal.debugging.VerboseMockInvocationLoggerTest$ThirdPartyException


############ Logging method invocation #1 on mock/spy ########
iMethods.simpleMethod();
   invoked: -> at sun.reflect.NativeConstructorAccessorImpl.newInstance0(Native Method)
   has returned: "whatever" (java.lang.String)


############ Logging method invocation #1 on mock/spy ########
   stubbed: -> at sun.reflect.NativeConstructorAccessorImpl.newInstance0(Native Method)
iMethods.simpleMethod();
   invoked: -> at sun.reflect.NativeConstructorAccessorImpl.newInstance0(Native Method)
   has returned: "whatever" (java.lang.String)


############ Logging method invocation #1 on mock/spy ########
iMethods.simpleMethod();
   invoked: -> at sun.reflect.NativeConstructorAccessorImpl.newInstance0(Native Method)
   has thrown: class org.mockito.internal.debugging.VerboseMockInvocationLoggerTest$ThirdPartyException

############ Logging method invocation #2 on mock/spy ########
iMethods.simpleMethod();
   invoked: -> at sun.reflect.NativeConstructorAccessorImpl.newInstance0(Native Method)
   has thrown: class org.mockito.internal.debugging.VerboseMockInvocationLoggerTest$ThirdPartyException

############ Logging method invocation #3 on mock/spy ########
iMethods.simpleMethod();
   invoked: -> at sun.reflect.NativeConstructorAccessorImpl.newInstance0(Native Method)
   has thrown: class org.mockito.internal.debugging.VerboseMockInvocationLoggerTest$ThirdPartyException


]]></system-out>
  <system-err><![CDATA[]]></system-err>
</testsuite>
