<?xml version="1.0" encoding="UTF-8"?>
<testsuite name="org.mockito.verification.NegativeDurationTest" tests="2" skipped="0" failures="0" errors="0" timestamp="2017-06-13T19:53:53" hostname="set" time="0.001">
  <properties/>
  <testcase name="should_throw_exception_when_duration_is_negative_for_after_method" classname="org.mockito.verification.NegativeDurationTest" time="0.0"/>
  <testcase name="should_throw_exception_when_duration_is_negative_for_timeout_method" classname="org.mockito.verification.NegativeDurationTest" time="0.0"/>
  <system-out><![CDATA[]]></system-out>
  <system-err><![CDATA[]]></system-err>
</testsuite>
