<?xml version="1.0" encoding="UTF-8"?>
<testsuite name="org.mockito.internal.verification.checkers.NumberOfInvocationsInOrderCheckerTest" tests="5" skipped="0" failures="0" errors="0" timestamp="2017-06-13T19:53:55" hostname="set" time="0.002">
  <properties/>
  <testcase name="shouldReportTooLittleInvocations" classname="org.mockito.internal.verification.checkers.NumberOfInvocationsInOrderCheckerTest" time="0.0"/>
  <testcase name="shouldReportTooManyInvocations" classname="org.mockito.internal.verification.checkers.NumberOfInvocationsInOrderCheckerTest" time="0.001"/>
  <testcase name="shouldMarkAsVerifiedInOrder" classname="org.mockito.internal.verification.checkers.NumberOfInvocationsInOrderCheckerTest" time="0.0"/>
  <testcase name="shouldPassIfWantedIsZeroAndMatchingChunkIsEmpty" classname="org.mockito.internal.verification.checkers.NumberOfInvocationsInOrderCheckerTest" time="0.0"/>
  <testcase name="shouldPassIfChunkMatches" classname="org.mockito.internal.verification.checkers.NumberOfInvocationsInOrderCheckerTest" time="0.0"/>
  <system-out><![CDATA[]]></system-out>
  <system-err><![CDATA[]]></system-err>
</testsuite>
