<?xml version="1.0" encoding="UTF-8"?>
<testsuite name="org.mockitousage.stubbing.DeepStubbingTest" tests="17" skipped="0" failures="0" errors="0" timestamp="2017-06-13T19:53:53" hostname="set" time="0.066">
  <properties/>
  <testcase name="myTest" classname="org.mockitousage.stubbing.DeepStubbingTest" time="0.043"/>
  <testcase name="simpleCase" classname="org.mockitousage.stubbing.DeepStubbingTest" time="0.0"/>
  <testcase name="oneLevelDeep" classname="org.mockitousage.stubbing.DeepStubbingTest" time="0.007"/>
  <testcase name="interactions" classname="org.mockitousage.stubbing.DeepStubbingTest" time="0.001"/>
  <testcase name="times_never_atLeast_atMost_verificationModes_should_work" classname="org.mockitousage.stubbing.DeepStubbingTest" time="0.009"/>
  <testcase name="inOrder_only_work_on_the_very_last_mock_but_it_works" classname="org.mockitousage.stubbing.DeepStubbingTest" time="0.001"/>
  <testcase name="verificationMode_only_work_on_the_last_returned_mock" classname="org.mockitousage.stubbing.DeepStubbingTest" time="0.001"/>
  <testcase name="shouldFailGracefullyWhenClassIsFinal" classname="org.mockitousage.stubbing.DeepStubbingTest" time="0.0"/>
  <testcase name="withArguments" classname="org.mockitousage.stubbing.DeepStubbingTest" time="0.001"/>
  <testcase name="withAnyPatternArguments" classname="org.mockitousage.stubbing.DeepStubbingTest" time="0.0"/>
  <testcase name="withComplexPatternArguments" classname="org.mockitousage.stubbing.DeepStubbingTest" time="0.001"/>
  <testcase name="withSimplePrimitive" classname="org.mockitousage.stubbing.DeepStubbingTest" time="0.0"/>
  <testcase name="withPatternPrimitive" classname="org.mockitousage.stubbing.DeepStubbingTest" time="0.0"/>
  <testcase name="shouldStubbingBasicallyWorkFine" classname="org.mockitousage.stubbing.DeepStubbingTest" time="0.0"/>
  <testcase name="shouldVerificationBasicallyWorkFine" classname="org.mockitousage.stubbing.DeepStubbingTest" time="0.0"/>
  <testcase name="verification_work_with_argument_Matchers_in_nested_calls" classname="org.mockitousage.stubbing.DeepStubbingTest" time="0.001"/>
  <testcase name="deep_stub_return_same_mock_instance_if_invocation_matchers_matches" classname="org.mockitousage.stubbing.DeepStubbingTest" time="0.0"/>
  <system-out><![CDATA[]]></system-out>
  <system-err><![CDATA[]]></system-err>
</testsuite>
