<?xml version="1.0" encoding="UTF-8"?>
<testsuite name="org.mockitousage.matchers.AnyXMatchersAcceptNullsTest" tests="4" skipped="0" failures="0" errors="0" timestamp="2017-06-13T19:53:51" hostname="set" time="0.002">
  <properties/>
  <testcase name="shouldNotAcceptNullInAnyXMatchers" classname="org.mockitousage.matchers.AnyXMatchersAcceptNullsTest" time="0.0"/>
  <testcase name="shouldNotAcceptNullInAllAnyPrimitiveWrapperMatchers" classname="org.mockitousage.matchers.AnyXMatchersAcceptNullsTest" time="0.0"/>
  <testcase name="shouldAcceptNullsInAnyMatcher" classname="org.mockitousage.matchers.AnyXMatchersAcceptNullsTest" time="0.0"/>
  <testcase name="shouldAcceptNullsInAnyObjectMatcher" classname="org.mockitousage.matchers.AnyXMatchersAcceptNullsTest" time="0.001"/>
  <system-out><![CDATA[]]></system-out>
  <system-err><![CDATA[]]></system-err>
</testsuite>
