<?xml version="1.0" encoding="UTF-8"?>
<testsuite name="org.mockito.release.notes.NotesPrinterTest" tests="1" skipped="0" failures="0" errors="0" timestamp="2017-06-19T20:45:54" hostname="set" time="0.02">
  <properties/>
  <testcase name="prints notes" classname="org.mockito.release.notes.NotesPrinterTest" time="0.02"/>
  <system-out><![CDATA[]]></system-out>
  <system-err><![CDATA[]]></system-err>
</testsuite>
