<?xml version="1.0" encoding="UTF-8"?>
<testsuite name="org.mockito.release.git.DefaultGitToolTest" tests="1" skipped="0" failures="0" errors="0" timestamp="2017-06-19T20:36:32" hostname="set" time="0.006">
  <properties/>
  <testcase name="sets author" classname="org.mockito.release.git.DefaultGitToolTest" time="0.006"/>
  <system-out><![CDATA[]]></system-out>
  <system-err><![CDATA[]]></system-err>
</testsuite>
