<?xml version="1.0" encoding="UTF-8"?>
<testsuite name="org.mockito.release.git.DefaultGitAuthorTest" tests="2" skipped="0" failures="0" errors="0" timestamp="2017-06-19T20:42:55" hostname="set" time="0.055">
  <properties/>
  <testcase name="restores specific author" classname="org.mockito.release.git.DefaultGitAuthorTest" time="0.053"/>
  <testcase name="unsets author if not configured previously" classname="org.mockito.release.git.DefaultGitAuthorTest" time="0.002"/>
  <system-out><![CDATA[]]></system-out>
  <system-err><![CDATA[]]></system-err>
</testsuite>
