<?xml version="1.0" encoding="UTF-8"?>
<testsuite name="org.mockito.release.comparison.ZipCompareTest" tests="2" skipped="0" failures="0" errors="0" timestamp="2017-06-19T20:42:56" hostname="set" time="0.083">
  <properties/>
  <testcase name="compares zips" classname="org.mockito.release.comparison.ZipCompareTest" time="0.074"/>
  <testcase name="fails early when any of the zips cannot be opened" classname="org.mockito.release.comparison.ZipCompareTest" time="0.009"/>
  <system-out><![CDATA[13:42:56.363 [Test worker] INFO  o.m.release.comparison.ZipCompare - Comparing /tmp/junit8348068815766462237/junit2635772345615216810/zip-1.zip with /tmp/junit8348068815766462237/junit2635772345615216810/zip-2.zip
13:42:56.368 [Test worker] INFO  o.m.release.comparison.ZipCompare - 4 entries matched
13:42:56.368 [Test worker] INFO  o.m.release.comparison.ZipCompare - Comparing /tmp/junit8348068815766462237/junit2635772345615216810/zip-2.zip with /tmp/junit8348068815766462237/junit2635772345615216810/zip-1.zip
13:42:56.369 [Test worker] INFO  o.m.release.comparison.ZipCompare - 4 entries matched
13:42:56.369 [Test worker] INFO  o.m.release.comparison.ZipCompare - Comparing /tmp/junit8348068815766462237/junit2635772345615216810/zip-6.zip with /tmp/junit8348068815766462237/junit2635772345615216810/zip-7.zip
13:42:56.369 [Test worker] INFO  o.m.release.comparison.ZipCompare - 0 entries matched
13:42:56.369 [Test worker] INFO  o.m.release.comparison.ZipCompare - Comparing /tmp/junit8348068815766462237/junit2635772345615216810/zip-7.zip with /tmp/junit8348068815766462237/junit2635772345615216810/zip-6.zip
13:42:56.369 [Test worker] INFO  o.m.release.comparison.ZipCompare - 0 entries matched
13:42:56.371 [Test worker] INFO  o.m.release.comparison.ZipCompare - Comparing /tmp/junit8348068815766462237/junit2635772345615216810/zip-1.zip with /tmp/junit8348068815766462237/junit2635772345615216810/zip-3.zip
13:42:56.371 [Test worker] INFO  o.m.release.comparison.ZipCompare - x/y/4.txt does not match
13:42:56.371 [Test worker] INFO  o.m.release.comparison.ZipCompare - 3 entries matched
13:42:56.371 [Test worker] INFO  o.m.release.comparison.ZipCompare - 1 entries did not match
13:42:56.372 [Test worker] INFO  o.m.release.comparison.ZipCompare - Comparing /tmp/junit8348068815766462237/junit2635772345615216810/zip-1.zip with /tmp/junit8348068815766462237/junit2635772345615216810/zip-4.zip
13:42:56.372 [Test worker] INFO  o.m.release.comparison.ZipCompare - x/y/4.txt not found in /tmp/junit8348068815766462237/junit2635772345615216810/zip-4.zip
13:42:56.372 [Test worker] INFO  o.m.release.comparison.ZipCompare - 3 entries matched
13:42:56.372 [Test worker] INFO  o.m.release.comparison.ZipCompare - 1 entries did not match
13:42:56.372 [Test worker] INFO  o.m.release.comparison.ZipCompare - Comparing /tmp/junit8348068815766462237/junit2635772345615216810/zip-1.zip with /tmp/junit8348068815766462237/junit2635772345615216810/zip-5.zip
13:42:56.373 [Test worker] INFO  o.m.release.comparison.ZipCompare - x.txt not found in /tmp/junit8348068815766462237/junit2635772345615216810/zip-1.zip
13:42:56.373 [Test worker] INFO  o.m.release.comparison.ZipCompare - 4 entries matched
13:42:56.373 [Test worker] INFO  o.m.release.comparison.ZipCompare - 1 entries did not match
13:42:56.373 [Test worker] INFO  o.m.release.comparison.ZipCompare - Comparing /tmp/junit8348068815766462237/junit2635772345615216810/zip-1.zip with /tmp/junit8348068815766462237/junit2635772345615216810/zip-6.zip
13:42:56.373 [Test worker] INFO  o.m.release.comparison.ZipCompare - 1.txt not found in /tmp/junit8348068815766462237/junit2635772345615216810/zip-6.zip
13:42:56.373 [Test worker] INFO  o.m.release.comparison.ZipCompare - x/2.txt not found in /tmp/junit8348068815766462237/junit2635772345615216810/zip-6.zip
13:42:56.373 [Test worker] INFO  o.m.release.comparison.ZipCompare - x/y/3.txt not found in /tmp/junit8348068815766462237/junit2635772345615216810/zip-6.zip
13:42:56.373 [Test worker] INFO  o.m.release.comparison.ZipCompare - x/y/4.txt not found in /tmp/junit8348068815766462237/junit2635772345615216810/zip-6.zip
13:42:56.373 [Test worker] INFO  o.m.release.comparison.ZipCompare - 0 entries matched
13:42:56.373 [Test worker] INFO  o.m.release.comparison.ZipCompare - 4 entries did not match
]]></system-out>
  <system-err><![CDATA[]]></system-err>
</testsuite>
