<?xml version="1.0" encoding="UTF-8"?>
<testsuite name="org.mockito.release.notes.vcs.ContributionTest" tests="3" skipped="0" failures="0" errors="0" timestamp="2017-06-19T20:49:23" hostname="set" time="0.013">
  <properties/>
  <testcase name="accumulates commits" classname="org.mockito.release.notes.vcs.ContributionTest" time="0.004"/>
  <testcase name="can be sorted by number of commits" classname="org.mockito.release.notes.vcs.ContributionTest" time="0.007"/>
  <testcase name="has String representation" classname="org.mockito.release.notes.vcs.ContributionTest" time="0.001"/>
  <system-out><![CDATA[]]></system-out>
  <system-err><![CDATA[]]></system-err>
</testsuite>
