<?xml version="1.0" encoding="UTF-8"?>
<testsuite name="org.mockito.release.util.InputOutputTest" tests="1" skipped="0" failures="0" errors="0" timestamp="2017-06-19T20:29:40" hostname="set" time="0.005">
  <properties/>
  <testcase name="closes streams" classname="org.mockito.release.util.InputOutputTest" time="0.005"/>
  <system-out><![CDATA[]]></system-out>
  <system-err><![CDATA[]]></system-err>
</testsuite>
