<?xml version="1.0" encoding="UTF-8"?>
<testsuite name="org.mockito.release.notes.internal.ImprovementSetSegregatorTest" tests="4" skipped="0" failures="0" errors="0" timestamp="2017-06-19T20:29:40" hostname="set" time="0.033">
  <properties/>
  <testcase name="should treat non labelled changes as Other" classname="org.mockito.release.notes.internal.ImprovementSetSegregatorTest" time="0.029"/>
  <testcase name="should treat not configured labels as Other" classname="org.mockito.release.notes.internal.ImprovementSetSegregatorTest" time="0.001"/>
  <testcase name="should exclude ignored labels" classname="org.mockito.release.notes.internal.ImprovementSetSegregatorTest" time="0.001"/>
  <testcase name="should not fail on empty list" classname="org.mockito.release.notes.internal.ImprovementSetSegregatorTest" time="0.001"/>
  <system-out><![CDATA[]]></system-out>
  <system-err><![CDATA[]]></system-err>
</testsuite>
