<?xml version="1.0" encoding="UTF-8"?>
<testsuite name="org.mockito.release.notes.OneCategoryImprovementSetTest" tests="2" skipped="0" failures="0" errors="0" timestamp="2017-06-19T20:29:40" hostname="set" time="0.033">
  <properties/>
  <testcase name="renders improvements" classname="org.mockito.release.notes.OneCategoryImprovementSetTest" time="0.027"/>
  <testcase name="filters out improvements by pattern" classname="org.mockito.release.notes.OneCategoryImprovementSetTest" time="0.006"/>
  <system-out><![CDATA[]]></system-out>
  <system-err><![CDATA[]]></system-err>
</testsuite>
