<?xml version="1.0" encoding="UTF-8"?>
<testsuite name="org.mockitousage.testng.DontResetMocksIfNoListenerTest" tests="2" skipped="0" failures="0" errors="0" timestamp="2017-06-13T19:53:37" hostname="set" time="0.001">
  <properties/>
  <testcase name="mock_behavior_not_resetted_1" classname="org.mockitousage.testng.DontResetMocksIfNoListenerTest" time="0.0"/>
  <testcase name="mock_behavior_not_resetted_2" classname="org.mockitousage.testng.DontResetMocksIfNoListenerTest" time="0.0"/>
  <system-out><![CDATA[]]></system-out>
  <system-err><![CDATA[]]></system-err>
</testsuite>
