<?xml version="1.0" encoding="UTF-8"?>
<testsuite name="org.mockitousage.testng.MockFieldsShouldBeResetBetweenTestMethodsTest" tests="3" skipped="0" failures="0" errors="0" timestamp="2017-06-13T19:53:37" hostname="set" time="0.515">
  <properties/>
  <testcase name="behaviour_A_without_infection_from_behaviour_B" classname="org.mockitousage.testng.MockFieldsShouldBeResetBetweenTestMethodsTest" time="0.512"/>
  <testcase name="behaviour_B_without_infection_from_behaviour_A" classname="org.mockitousage.testng.MockFieldsShouldBeResetBetweenTestMethodsTest" time="0.001"/>
  <testcase name="dont_fail_when_reseting_null_field" classname="org.mockitousage.testng.MockFieldsShouldBeResetBetweenTestMethodsTest" time="0.0"/>
  <system-out><![CDATA[]]></system-out>
  <system-err><![CDATA[]]></system-err>
</testsuite>
