<?xml version="1.0" encoding="UTF-8"?>
<testsuite name="org.mockitousage.testng.EnsureMocksAreInitializedBeforeBeforeClassMethodTest" tests="1" skipped="0" failures="0" errors="0" timestamp="2017-06-13T19:53:37" hostname="set" time="0.0">
  <properties/>
  <testcase name="dummy_test_see_BeforeClass_code" classname="org.mockitousage.testng.EnsureMocksAreInitializedBeforeBeforeClassMethodTest" time="0.0"/>
  <system-out><![CDATA[]]></system-out>
  <system-err><![CDATA[]]></system-err>
</testsuite>
