<?xml version="1.0" encoding="UTF-8"?>
<testsuite name="org.mockitousage.testng.CaptorAnnotatedFieldShouldBeClearedTest" tests="2" skipped="0" failures="0" errors="0" timestamp="2017-06-13T19:53:37" hostname="set" time="0.011">
  <properties/>
  <testcase name="first_test_method_that_uses_captor" classname="org.mockitousage.testng.CaptorAnnotatedFieldShouldBeClearedTest" time="0.009"/>
  <testcase name="second_test_method_that_uses_captor" classname="org.mockitousage.testng.CaptorAnnotatedFieldShouldBeClearedTest" time="0.001"/>
  <system-out><![CDATA[]]></system-out>
  <system-err><![CDATA[]]></system-err>
</testsuite>
