<?xml version="1.0" encoding="UTF-8"?>
<testsuite name="org.mockitousage.testng.AnnotatedFieldsShouldBeInitializedByMockitoTestNGListenerTest" tests="1" skipped="0" failures="0" errors="0" timestamp="2017-06-13T19:53:37" hostname="set" time="0.003">
  <properties/>
  <testcase name="ensure_annotated_fields_are_instantiated" classname="org.mockitousage.testng.AnnotatedFieldsShouldBeInitializedByMockitoTestNGListenerTest" time="0.003"/>
  <system-out><![CDATA[]]></system-out>
  <system-err><![CDATA[]]></system-err>
</testsuite>
