<?xml version="1.0" encoding="UTF-8"?>
<testsuite name="org.mockitousage.testng.TestWithoutListenerShouldNotInitializeAnnotatedFieldsTest" tests="1" skipped="0" failures="0" errors="0" timestamp="2017-06-13T19:53:37" hostname="set" time="0.002">
  <properties/>
  <testcase name="test_not_annotated_by_MockitoTestNGListener_should_not_touch_annotated_fields" classname="org.mockitousage.testng.TestWithoutListenerShouldNotInitializeAnnotatedFieldsTest" time="0.002"/>
  <system-out><![CDATA[]]></system-out>
  <system-err><![CDATA[]]></system-err>
</testsuite>
