<?xml version="1.0" encoding="UTF-8"?>
<testsuite name="org.mockitousage.testng.ResetMocksInParentTestClassTooTest" tests="2" skipped="0" failures="0" errors="0" timestamp="2017-06-13T19:53:37" hostname="set" time="0.055">
  <properties/>
  <testcase name="interact_with_parent_mock" classname="org.mockitousage.testng.ResetMocksInParentTestClassTooTest" time="0.053"/>
  <testcase name="verify__zero_interaction_with_parent_mock" classname="org.mockitousage.testng.ResetMocksInParentTestClassTooTest" time="0.001"/>
  <system-out><![CDATA[]]></system-out>
  <system-err><![CDATA[]]></system-err>
</testsuite>
