<?xml version="1.0" encoding="UTF-8"?>
<testsuite name="org.mockito.release.notes.util.IOUtilTest" tests="3" skipped="0" failures="0" errors="0" timestamp="2017-06-19T20:51:55" hostname="set" time="0.009">
  <properties/>
  <testcase name="reads stream" classname="org.mockito.release.notes.util.IOUtilTest" time="0.007"/>
  <testcase name="closes streams" classname="org.mockito.release.notes.util.IOUtilTest" time="0.0"/>
  <testcase name="writes file" classname="org.mockito.release.notes.util.IOUtilTest" time="0.002"/>
  <system-out><![CDATA[]]></system-out>
  <system-err><![CDATA[]]></system-err>
</testsuite>
